<html>
<head>
<title>TestNG:  Test</title>
<link href="../testng.css" rel="stylesheet" type="text/css" />
<link href="../my-testng.css" rel="stylesheet" type="text/css" />

<style type="text/css">
.log { display: none;} 
.stack-trace { display: none;} 
</style>
<script type="text/javascript">
<!--
function flip(e) {
  current = e.style.display;
  if (current == 'block') {
    e.style.display = 'none';
    return 0;
  }
  else {
    e.style.display = 'block';
    return 1;
  }
}

function toggleBox(szDivId, elem, msg1, msg2)
{
  var res = -1;  if (document.getElementById) {
    res = flip(document.getElementById(szDivId));
  }
  else if (document.all) {
    // this is the way old msie versions work
    res = flip(document.all[szDivId]);
  }
  if(elem) {
    if(res == 0) elem.innerHTML = msg1; else elem.innerHTML = msg2;
  }

}

function toggleAllBoxes() {
  if (document.getElementsByTagName) {
    d = document.getElementsByTagName('div');
    for (i = 0; i < d.length; i++) {
      if (d[i].className == 'log') {
        flip(d[i]);
      }
    }
  }
}

// -->
</script>

</head>
<body>
<h2 align='center'>Test</h2><table border='1' align="center">
<tr>
<td>Tests passed/Failed/Skipped:</td><td>50/8/0</td>
</tr><tr>
<td>Started on:</td><td>Mon Feb 03 16:06:52 IST 2020</td>
</tr>
<tr><td>Total time:</td><td>2864 seconds (2864809 ms)</td>
</tr><tr>
<td>Included groups:</td><td></td>
</tr><tr>
<td>Excluded groups:</td><td></td>
</tr>
</table><p/>
<small><i>(Hover the method name to see the test class name)</i></small><p/>
<table width='100%' border='1' class='invocation-failed'>
<tr><td colspan='4' align='center'><b>FAILED TESTS</b></td></tr>
<tr><td><b>Test method</b></td>
<td width="30%"><b>Exception</b></td>
<td width="10%"><b>Time (seconds)</b></td>
<td><b>Instance</b></td>
</tr>
<tr>
<td title='com.test.AssetListImportUpdated.AssetStatus_AssetInventoryList()'><b>AssetStatus_AssetInventoryList</b><br>Test class: com.test.AssetListImportUpdated</td>
<td><div><pre>org.openqa.selenium.NoSuchElementException: no such element: Unable to locate element: {&quot;method&quot;:&quot;link text&quot;,&quot;selector&quot;:&quot;Asset List&quot;}
  (Session info: chrome=79.0.3945.130)
  (Driver info: chromedriver=2.41.578737 (49da6702b16031c40d63e5618de03a32ff6c197e),platform=Windows NT 10.0.17763 x86_64) (WARNING: The server did not provide any stacktrace information)
Command duration or timeout: 0 milliseconds
For documentation on this error, please visit: http://seleniumhq.org/exceptions/no_such_element.html
Build info: version: &apos;unknown&apos;, revision: &apos;unknown&apos;, time: &apos;unknown&apos;
System info: host: &apos;DESKTOP-QQ02N1C&apos;, ip: &apos;192.168.1.139&apos;, os.name: &apos;Windows 10&apos;, os.arch: &apos;amd64&apos;, os.version: &apos;10.0&apos;, java.version: &apos;1.8.0_231&apos;
Driver info: org.openqa.selenium.chrome.ChromeDriver
Capabilities [{mobileEmulationEnabled=false, hasTouchScreen=false, platform=XP, acceptSslCerts=false, goog:chromeOptions={debuggerAddress=localhost:50240}, acceptInsecureCerts=false, webStorageEnabled=true, browserName=chrome, takesScreenshot=true, javascriptEnabled=true, setWindowRect=true, unexpectedAlertBehaviour=, applicationCacheEnabled=false, rotatable=false, networkConnectionEnabled=false, chrome={chromedriverVersion=2.41.578737 (49da6702b16031c40d63e5618de03a32ff6c197e), userDataDir=C:\Users\PHOTOS~1\AppData\Local\Temp\scoped_dir2528_5465}, takesHeapSnapshot=true, pageLoadStrategy=normal, unhandledPromptBehavior=, databaseEnabled=false, handlesAlerts=true, version=79.0.3945.130, browserConnectionEnabled=false, nativeEvents=true, locationContextEnabled=true, cssSelectorsEnabled=true}]
Session ID: 5b05064981e0eec8662a8036e22733e7
*** Element info: {Using=link text, value=Asset List}
	at org.openqa.selenium.remote.ErrorHandler.createThrowable(ErrorHandler.java:215)
	at org.openqa.selenium.remote.ErrorHandler.throwIfResponseFailed(ErrorHandler.java:167)
	at org.openqa.selenium.remote.http.JsonHttpResponseCodec.reconstructValue(JsonHttpResponseCodec.java:40)
	at org.openqa.selenium.remote.http.AbstractHttpResponseCodec.decode(AbstractHttpResponseCodec.java:82)
	at org.openqa.selenium.remote.http.AbstractHttpResponseCodec.decode(AbstractHttpResponseCodec.java:45)
	at org.openqa.selenium.remote.HttpCommandExecutor.execute(HttpCommandExecutor.java:164)
	at org.openqa.selenium.remote.service.DriverCommandExecutor.execute(DriverCommandExecutor.java:82)
	at org.openqa.selenium.remote.RemoteWebDriver.execute(RemoteWebDriver.java:641)
	at org.openqa.selenium.remote.RemoteWebDriver.findElement(RemoteWebDriver.java:414)
	at org.openqa.selenium.remote.RemoteWebDriver.findElementByLinkText(RemoteWebDriver.java:465)
	at org.openqa.selenium.By$ByLinkText.findElement(By.java:246)
	at org.openqa.selenium.remote.RemoteWebDriver.findElement(RemoteWebDriver.java:406)
	at com.test.WrapperClass.assertTextLink(WrapperClass.java:1420)
	at com.test.AssetListImportUpdated.AssetStatus_AssetInventoryList(AssetListImportUpdated.java:2627)
... Removed 28 stack frames</pre></div><a href='#' onClick='toggleBox("stack-trace1637613097", this, "Click to show all stack frames", "Click to hide stack frames")'>Click to show all stack frames</a>
<div class='stack-trace' id='stack-trace1637613097'><pre>org.openqa.selenium.NoSuchElementException: no such element: Unable to locate element: {&quot;method&quot;:&quot;link text&quot;,&quot;selector&quot;:&quot;Asset List&quot;}
  (Session info: chrome=79.0.3945.130)
  (Driver info: chromedriver=2.41.578737 (49da6702b16031c40d63e5618de03a32ff6c197e),platform=Windows NT 10.0.17763 x86_64) (WARNING: The server did not provide any stacktrace information)
Command duration or timeout: 0 milliseconds
For documentation on this error, please visit: http://seleniumhq.org/exceptions/no_such_element.html
Build info: version: &apos;unknown&apos;, revision: &apos;unknown&apos;, time: &apos;unknown&apos;
System info: host: &apos;DESKTOP-QQ02N1C&apos;, ip: &apos;192.168.1.139&apos;, os.name: &apos;Windows 10&apos;, os.arch: &apos;amd64&apos;, os.version: &apos;10.0&apos;, java.version: &apos;1.8.0_231&apos;
Driver info: org.openqa.selenium.chrome.ChromeDriver
Capabilities [{mobileEmulationEnabled=false, hasTouchScreen=false, platform=XP, acceptSslCerts=false, goog:chromeOptions={debuggerAddress=localhost:50240}, acceptInsecureCerts=false, webStorageEnabled=true, browserName=chrome, takesScreenshot=true, javascriptEnabled=true, setWindowRect=true, unexpectedAlertBehaviour=, applicationCacheEnabled=false, rotatable=false, networkConnectionEnabled=false, chrome={chromedriverVersion=2.41.578737 (49da6702b16031c40d63e5618de03a32ff6c197e), userDataDir=C:\Users\PHOTOS~1\AppData\Local\Temp\scoped_dir2528_5465}, takesHeapSnapshot=true, pageLoadStrategy=normal, unhandledPromptBehavior=, databaseEnabled=false, handlesAlerts=true, version=79.0.3945.130, browserConnectionEnabled=false, nativeEvents=true, locationContextEnabled=true, cssSelectorsEnabled=true}]
Session ID: 5b05064981e0eec8662a8036e22733e7
*** Element info: {Using=link text, value=Asset List}
	at sun.reflect.NativeConstructorAccessorImpl.newInstance0(Native Method)
	at sun.reflect.NativeConstructorAccessorImpl.newInstance(Unknown Source)
	at sun.reflect.DelegatingConstructorAccessorImpl.newInstance(Unknown Source)
	at java.lang.reflect.Constructor.newInstance(Unknown Source)
	at org.openqa.selenium.remote.ErrorHandler.createThrowable(ErrorHandler.java:215)
	at org.openqa.selenium.remote.ErrorHandler.throwIfResponseFailed(ErrorHandler.java:167)
	at org.openqa.selenium.remote.http.JsonHttpResponseCodec.reconstructValue(JsonHttpResponseCodec.java:40)
	at org.openqa.selenium.remote.http.AbstractHttpResponseCodec.decode(AbstractHttpResponseCodec.java:82)
	at org.openqa.selenium.remote.http.AbstractHttpResponseCodec.decode(AbstractHttpResponseCodec.java:45)
	at org.openqa.selenium.remote.HttpCommandExecutor.execute(HttpCommandExecutor.java:164)
	at org.openqa.selenium.remote.service.DriverCommandExecutor.execute(DriverCommandExecutor.java:82)
	at org.openqa.selenium.remote.RemoteWebDriver.execute(RemoteWebDriver.java:641)
	at org.openqa.selenium.remote.RemoteWebDriver.findElement(RemoteWebDriver.java:414)
	at org.openqa.selenium.remote.RemoteWebDriver.findElementByLinkText(RemoteWebDriver.java:465)
	at org.openqa.selenium.By$ByLinkText.findElement(By.java:246)
	at org.openqa.selenium.remote.RemoteWebDriver.findElement(RemoteWebDriver.java:406)
	at com.test.WrapperClass.assertTextLink(WrapperClass.java:1420)
	at com.test.AssetListImportUpdated.AssetStatus_AssetInventoryList(AssetListImportUpdated.java:2627)
	at sun.reflect.NativeMethodAccessorImpl.invoke0(Native Method)
	at sun.reflect.NativeMethodAccessorImpl.invoke(Unknown Source)
	at sun.reflect.DelegatingMethodAccessorImpl.invoke(Unknown Source)
	at java.lang.reflect.Method.invoke(Unknown Source)
	at org.testng.internal.MethodInvocationHelper.invokeMethod(MethodInvocationHelper.java:80)
	at org.testng.internal.Invoker.invokeMethod(Invoker.java:715)
	at org.testng.internal.Invoker.invokeTestMethod(Invoker.java:907)
	at org.testng.internal.Invoker.invokeTestMethods(Invoker.java:1237)
	at org.testng.internal.TestMethodWorker.invokeTestMethods(TestMethodWorker.java:127)
	at org.testng.internal.TestMethodWorker.run(TestMethodWorker.java:111)
	at org.testng.TestRunner.privateRun(TestRunner.java:767)
	at org.testng.TestRunner.run(TestRunner.java:617)
	at org.testng.SuiteRunner.runTest(SuiteRunner.java:334)
	at org.testng.SuiteRunner.runSequentially(SuiteRunner.java:329)
	at org.testng.SuiteRunner.privateRun(SuiteRunner.java:291)
	at org.testng.SuiteRunner.run(SuiteRunner.java:240)
	at org.testng.SuiteRunnerWorker.runSuite(SuiteRunnerWorker.java:51)
	at org.testng.SuiteRunnerWorker.run(SuiteRunnerWorker.java:85)
	at org.testng.TestNG.runSuitesSequentially(TestNG.java:1197)
	at org.testng.TestNG.runSuitesLocally(TestNG.java:1122)
	at org.testng.TestNG.run(TestNG.java:1030)
	at org.testng.remote.AbstractRemoteTestNG.run(AbstractRemoteTestNG.java:114)
	at org.testng.remote.RemoteTestNG.initAndRun(RemoteTestNG.java:251)
	at org.testng.remote.RemoteTestNG.main(RemoteTestNG.java:77)
</pre></div></td>
<td>120</td>
<td>com.test.AssetListImportUpdated@47c62251</td></tr>
<tr>
<td title='com.test.AssetListImportUpdated.DeleteBtn_AssetInventoryList()'><b>DeleteBtn_AssetInventoryList</b><br>Test class: com.test.AssetListImportUpdated<br/>
<a href="#Output-677120200" onClick='toggleBox("Output-677120200", this, "Show output", "Hide output");'>Show output</a>

<a href="#Output-677120200" onClick="toggleAllBoxes();">Show all outputs</a>
<div class='log' id="Output-677120200">
Select one of the added Asset in Asset Inventory List | <br><br/>
Click on Delete button for listed Asset | <br><br/>
</div>
</td>
<td><div><pre>org.openqa.selenium.NoSuchElementException: no such element: Unable to locate element: {&quot;method&quot;:&quot;xpath&quot;,&quot;selector&quot;:&quot;//button[@class=&apos;btn btn-default btn-create pull-left&apos;]&quot;}
  (Session info: chrome=79.0.3945.130)
  (Driver info: chromedriver=2.41.578737 (49da6702b16031c40d63e5618de03a32ff6c197e),platform=Windows NT 10.0.17763 x86_64) (WARNING: The server did not provide any stacktrace information)
Command duration or timeout: 0 milliseconds
For documentation on this error, please visit: http://seleniumhq.org/exceptions/no_such_element.html
Build info: version: &apos;unknown&apos;, revision: &apos;unknown&apos;, time: &apos;unknown&apos;
System info: host: &apos;DESKTOP-QQ02N1C&apos;, ip: &apos;192.168.1.139&apos;, os.name: &apos;Windows 10&apos;, os.arch: &apos;amd64&apos;, os.version: &apos;10.0&apos;, java.version: &apos;1.8.0_231&apos;
Driver info: org.openqa.selenium.chrome.ChromeDriver
Capabilities [{mobileEmulationEnabled=false, hasTouchScreen=false, platform=XP, acceptSslCerts=false, goog:chromeOptions={debuggerAddress=localhost:50240}, acceptInsecureCerts=false, webStorageEnabled=true, browserName=chrome, takesScreenshot=true, javascriptEnabled=true, setWindowRect=true, unexpectedAlertBehaviour=, applicationCacheEnabled=false, rotatable=false, networkConnectionEnabled=false, chrome={chromedriverVersion=2.41.578737 (49da6702b16031c40d63e5618de03a32ff6c197e), userDataDir=C:\Users\PHOTOS~1\AppData\Local\Temp\scoped_dir2528_5465}, takesHeapSnapshot=true, pageLoadStrategy=normal, unhandledPromptBehavior=, databaseEnabled=false, handlesAlerts=true, version=79.0.3945.130, browserConnectionEnabled=false, nativeEvents=true, locationContextEnabled=true, cssSelectorsEnabled=true}]
Session ID: 5b05064981e0eec8662a8036e22733e7
*** Element info: {Using=xpath, value=//button[@class=&apos;btn btn-default btn-create pull-left&apos;]}
	at org.openqa.selenium.remote.ErrorHandler.createThrowable(ErrorHandler.java:215)
	at org.openqa.selenium.remote.ErrorHandler.throwIfResponseFailed(ErrorHandler.java:167)
	at org.openqa.selenium.remote.http.JsonHttpResponseCodec.reconstructValue(JsonHttpResponseCodec.java:40)
	at org.openqa.selenium.remote.http.AbstractHttpResponseCodec.decode(AbstractHttpResponseCodec.java:82)
	at org.openqa.selenium.remote.http.AbstractHttpResponseCodec.decode(AbstractHttpResponseCodec.java:45)
	at org.openqa.selenium.remote.HttpCommandExecutor.execute(HttpCommandExecutor.java:164)
	at org.openqa.selenium.remote.service.DriverCommandExecutor.execute(DriverCommandExecutor.java:82)
	at org.openqa.selenium.remote.RemoteWebDriver.execute(RemoteWebDriver.java:641)
	at org.openqa.selenium.remote.RemoteWebDriver.findElement(RemoteWebDriver.java:414)
	at org.openqa.selenium.remote.RemoteWebDriver.findElementByXPath(RemoteWebDriver.java:513)
	at org.openqa.selenium.By$ByXPath.findElement(By.java:361)
	at org.openqa.selenium.remote.RemoteWebDriver.findElement(RemoteWebDriver.java:406)
	at com.test.WrapperClass.clickByXpath(WrapperClass.java:575)
	at com.test.AssetListImportUpdated.DeleteBtn_AssetInventoryList(AssetListImportUpdated.java:2057)
... Removed 28 stack frames</pre></div><a href='#' onClick='toggleBox("stack-trace677120200", this, "Click to show all stack frames", "Click to hide stack frames")'>Click to show all stack frames</a>
<div class='stack-trace' id='stack-trace677120200'><pre>org.openqa.selenium.NoSuchElementException: no such element: Unable to locate element: {&quot;method&quot;:&quot;xpath&quot;,&quot;selector&quot;:&quot;//button[@class=&apos;btn btn-default btn-create pull-left&apos;]&quot;}
  (Session info: chrome=79.0.3945.130)
  (Driver info: chromedriver=2.41.578737 (49da6702b16031c40d63e5618de03a32ff6c197e),platform=Windows NT 10.0.17763 x86_64) (WARNING: The server did not provide any stacktrace information)
Command duration or timeout: 0 milliseconds
For documentation on this error, please visit: http://seleniumhq.org/exceptions/no_such_element.html
Build info: version: &apos;unknown&apos;, revision: &apos;unknown&apos;, time: &apos;unknown&apos;
System info: host: &apos;DESKTOP-QQ02N1C&apos;, ip: &apos;192.168.1.139&apos;, os.name: &apos;Windows 10&apos;, os.arch: &apos;amd64&apos;, os.version: &apos;10.0&apos;, java.version: &apos;1.8.0_231&apos;
Driver info: org.openqa.selenium.chrome.ChromeDriver
Capabilities [{mobileEmulationEnabled=false, hasTouchScreen=false, platform=XP, acceptSslCerts=false, goog:chromeOptions={debuggerAddress=localhost:50240}, acceptInsecureCerts=false, webStorageEnabled=true, browserName=chrome, takesScreenshot=true, javascriptEnabled=true, setWindowRect=true, unexpectedAlertBehaviour=, applicationCacheEnabled=false, rotatable=false, networkConnectionEnabled=false, chrome={chromedriverVersion=2.41.578737 (49da6702b16031c40d63e5618de03a32ff6c197e), userDataDir=C:\Users\PHOTOS~1\AppData\Local\Temp\scoped_dir2528_5465}, takesHeapSnapshot=true, pageLoadStrategy=normal, unhandledPromptBehavior=, databaseEnabled=false, handlesAlerts=true, version=79.0.3945.130, browserConnectionEnabled=false, nativeEvents=true, locationContextEnabled=true, cssSelectorsEnabled=true}]
Session ID: 5b05064981e0eec8662a8036e22733e7
*** Element info: {Using=xpath, value=//button[@class=&apos;btn btn-default btn-create pull-left&apos;]}
	at sun.reflect.NativeConstructorAccessorImpl.newInstance0(Native Method)
	at sun.reflect.NativeConstructorAccessorImpl.newInstance(Unknown Source)
	at sun.reflect.DelegatingConstructorAccessorImpl.newInstance(Unknown Source)
	at java.lang.reflect.Constructor.newInstance(Unknown Source)
	at org.openqa.selenium.remote.ErrorHandler.createThrowable(ErrorHandler.java:215)
	at org.openqa.selenium.remote.ErrorHandler.throwIfResponseFailed(ErrorHandler.java:167)
	at org.openqa.selenium.remote.http.JsonHttpResponseCodec.reconstructValue(JsonHttpResponseCodec.java:40)
	at org.openqa.selenium.remote.http.AbstractHttpResponseCodec.decode(AbstractHttpResponseCodec.java:82)
	at org.openqa.selenium.remote.http.AbstractHttpResponseCodec.decode(AbstractHttpResponseCodec.java:45)
	at org.openqa.selenium.remote.HttpCommandExecutor.execute(HttpCommandExecutor.java:164)
	at org.openqa.selenium.remote.service.DriverCommandExecutor.execute(DriverCommandExecutor.java:82)
	at org.openqa.selenium.remote.RemoteWebDriver.execute(RemoteWebDriver.java:641)
	at org.openqa.selenium.remote.RemoteWebDriver.findElement(RemoteWebDriver.java:414)
	at org.openqa.selenium.remote.RemoteWebDriver.findElementByXPath(RemoteWebDriver.java:513)
	at org.openqa.selenium.By$ByXPath.findElement(By.java:361)
	at org.openqa.selenium.remote.RemoteWebDriver.findElement(RemoteWebDriver.java:406)
	at com.test.WrapperClass.clickByXpath(WrapperClass.java:575)
	at com.test.AssetListImportUpdated.DeleteBtn_AssetInventoryList(AssetListImportUpdated.java:2057)
	at sun.reflect.NativeMethodAccessorImpl.invoke0(Native Method)
	at sun.reflect.NativeMethodAccessorImpl.invoke(Unknown Source)
	at sun.reflect.DelegatingMethodAccessorImpl.invoke(Unknown Source)
	at java.lang.reflect.Method.invoke(Unknown Source)
	at org.testng.internal.MethodInvocationHelper.invokeMethod(MethodInvocationHelper.java:80)
	at org.testng.internal.Invoker.invokeMethod(Invoker.java:715)
	at org.testng.internal.Invoker.invokeTestMethod(Invoker.java:907)
	at org.testng.internal.Invoker.invokeTestMethods(Invoker.java:1237)
	at org.testng.internal.TestMethodWorker.invokeTestMethods(TestMethodWorker.java:127)
	at org.testng.internal.TestMethodWorker.run(TestMethodWorker.java:111)
	at org.testng.TestRunner.privateRun(TestRunner.java:767)
	at org.testng.TestRunner.run(TestRunner.java:617)
	at org.testng.SuiteRunner.runTest(SuiteRunner.java:334)
	at org.testng.SuiteRunner.runSequentially(SuiteRunner.java:329)
	at org.testng.SuiteRunner.privateRun(SuiteRunner.java:291)
	at org.testng.SuiteRunner.run(SuiteRunner.java:240)
	at org.testng.SuiteRunnerWorker.runSuite(SuiteRunnerWorker.java:51)
	at org.testng.SuiteRunnerWorker.run(SuiteRunnerWorker.java:85)
	at org.testng.TestNG.runSuitesSequentially(TestNG.java:1197)
	at org.testng.TestNG.runSuitesLocally(TestNG.java:1122)
	at org.testng.TestNG.run(TestNG.java:1030)
	at org.testng.remote.AbstractRemoteTestNG.run(AbstractRemoteTestNG.java:114)
	at org.testng.remote.RemoteTestNG.initAndRun(RemoteTestNG.java:251)
	at org.testng.remote.RemoteTestNG.main(RemoteTestNG.java:77)
</pre></div></td>
<td>144</td>
<td>com.test.AssetListImportUpdated@47c62251</td></tr>
<tr>
<td title='com.test.AssetListImportUpdated.EmptyImport_AssetInventoryImport()'><b>EmptyImport_AssetInventoryImport</b><br>Test class: com.test.AssetListImportUpdated<br/>
<a href="#Output-1658512704" onClick='toggleBox("Output-1658512704", this, "Show output", "Hide output");'>Show output</a>

<a href="#Output-1658512704" onClick="toggleAllBoxes();">Show all outputs</a>
<div class='log' id="Output-1658512704">
Successfully Uploaded 'Asset' XLS file | <br><br/>
clicked on Browser Button | <br><br/>
</div>
</td>
<td><div><pre>java.io.IOException: Cannot run program &quot;C:\Users\User\eclipse-workspace\ClearWater\AutoIT\importfiles\Fileupload6.exe&quot;: CreateProcess error=2, The system cannot find the file specified
	at java.lang.ProcessBuilder.start(Unknown Source)
	at java.lang.Runtime.exec(Unknown Source)
	at java.lang.Runtime.exec(Unknown Source)
	at java.lang.Runtime.exec(Unknown Source)
	at com.test.AssetListImportUpdated.EmptyImport_AssetInventoryImport(AssetListImportUpdated.java:2331)
Caused by: java.io.IOException: CreateProcess error=2, The system cannot find the file specified
	at java.lang.ProcessImpl.create(Native Method)
	at java.lang.ProcessImpl.&lt;init&gt;(Unknown Source)
	at java.lang.ProcessImpl.start(Unknown Source)
	... 29 more
... Removed 24 stack frames</pre></div><a href='#' onClick='toggleBox("stack-trace1658512704", this, "Click to show all stack frames", "Click to hide stack frames")'>Click to show all stack frames</a>
<div class='stack-trace' id='stack-trace1658512704'><pre>java.io.IOException: Cannot run program &quot;C:\Users\User\eclipse-workspace\ClearWater\AutoIT\importfiles\Fileupload6.exe&quot;: CreateProcess error=2, The system cannot find the file specified
	at java.lang.ProcessBuilder.start(Unknown Source)
	at java.lang.Runtime.exec(Unknown Source)
	at java.lang.Runtime.exec(Unknown Source)
	at java.lang.Runtime.exec(Unknown Source)
	at com.test.AssetListImportUpdated.EmptyImport_AssetInventoryImport(AssetListImportUpdated.java:2331)
	at sun.reflect.NativeMethodAccessorImpl.invoke0(Native Method)
	at sun.reflect.NativeMethodAccessorImpl.invoke(Unknown Source)
	at sun.reflect.DelegatingMethodAccessorImpl.invoke(Unknown Source)
	at java.lang.reflect.Method.invoke(Unknown Source)
	at org.testng.internal.MethodInvocationHelper.invokeMethod(MethodInvocationHelper.java:80)
	at org.testng.internal.Invoker.invokeMethod(Invoker.java:715)
	at org.testng.internal.Invoker.invokeTestMethod(Invoker.java:907)
	at org.testng.internal.Invoker.invokeTestMethods(Invoker.java:1237)
	at org.testng.internal.TestMethodWorker.invokeTestMethods(TestMethodWorker.java:127)
	at org.testng.internal.TestMethodWorker.run(TestMethodWorker.java:111)
	at org.testng.TestRunner.privateRun(TestRunner.java:767)
	at org.testng.TestRunner.run(TestRunner.java:617)
	at org.testng.SuiteRunner.runTest(SuiteRunner.java:334)
	at org.testng.SuiteRunner.runSequentially(SuiteRunner.java:329)
	at org.testng.SuiteRunner.privateRun(SuiteRunner.java:291)
	at org.testng.SuiteRunner.run(SuiteRunner.java:240)
	at org.testng.SuiteRunnerWorker.runSuite(SuiteRunnerWorker.java:51)
	at org.testng.SuiteRunnerWorker.run(SuiteRunnerWorker.java:85)
	at org.testng.TestNG.runSuitesSequentially(TestNG.java:1197)
	at org.testng.TestNG.runSuitesLocally(TestNG.java:1122)
	at org.testng.TestNG.run(TestNG.java:1030)
	at org.testng.remote.AbstractRemoteTestNG.run(AbstractRemoteTestNG.java:114)
	at org.testng.remote.RemoteTestNG.initAndRun(RemoteTestNG.java:251)
	at org.testng.remote.RemoteTestNG.main(RemoteTestNG.java:77)
Caused by: java.io.IOException: CreateProcess error=2, The system cannot find the file specified
	at java.lang.ProcessImpl.create(Native Method)
	at java.lang.ProcessImpl.&lt;init&gt;(Unknown Source)
	at java.lang.ProcessImpl.start(Unknown Source)
	... 29 more
</pre></div></td>
<td>19</td>
<td>com.test.AssetListImportUpdated@47c62251</td></tr>
<tr>
<td title='com.test.AssetListImportUpdated.IRMA7794_UpdatedBussinessownerField_AssetWizard()'><b>IRMA7794_UpdatedBussinessownerField_AssetWizard</b><br>Test class: com.test.AssetListImportUpdated<br/>
<a href="#Output-251664534" onClick='toggleBox("Output-251664534", this, "Show output", "Hide output");'>Show output</a>

<a href="#Output-251664534" onClick="toggleAllBoxes();">Show all outputs</a>
<div class='log' id="Output-251664534">
Enter some text in Search Text-box | <br><br/>
</div>
</td>
<td><div><pre>java.lang.AssertionError: expected [Edit FU Edit LU] but found [First User Last User]
	at com.test.WrapperClass.assertEquals(WrapperClass.java:1453)
	at com.test.AssetListImportUpdated.IRMA7794_UpdatedBussinessownerField_AssetWizard(AssetListImportUpdated.java:1031)
... Removed 29 stack frames</pre></div><a href='#' onClick='toggleBox("stack-trace251664534", this, "Click to show all stack frames", "Click to hide stack frames")'>Click to show all stack frames</a>
<div class='stack-trace' id='stack-trace251664534'><pre>java.lang.AssertionError: expected [Edit FU Edit LU] but found [First User Last User]
	at org.testng.Assert.fail(Assert.java:89)
	at org.testng.Assert.failNotEquals(Assert.java:489)
	at org.testng.Assert.assertEquals(Assert.java:118)
	at org.testng.Assert.assertEquals(Assert.java:171)
	at org.testng.Assert.assertEquals(Assert.java:181)
	at com.test.WrapperClass.assertEquals(WrapperClass.java:1453)
	at com.test.AssetListImportUpdated.IRMA7794_UpdatedBussinessownerField_AssetWizard(AssetListImportUpdated.java:1031)
	at sun.reflect.NativeMethodAccessorImpl.invoke0(Native Method)
	at sun.reflect.NativeMethodAccessorImpl.invoke(Unknown Source)
	at sun.reflect.DelegatingMethodAccessorImpl.invoke(Unknown Source)
	at java.lang.reflect.Method.invoke(Unknown Source)
	at org.testng.internal.MethodInvocationHelper.invokeMethod(MethodInvocationHelper.java:80)
	at org.testng.internal.Invoker.invokeMethod(Invoker.java:715)
	at org.testng.internal.Invoker.invokeTestMethod(Invoker.java:907)
	at org.testng.internal.Invoker.invokeTestMethods(Invoker.java:1237)
	at org.testng.internal.TestMethodWorker.invokeTestMethods(TestMethodWorker.java:127)
	at org.testng.internal.TestMethodWorker.run(TestMethodWorker.java:111)
	at org.testng.TestRunner.privateRun(TestRunner.java:767)
	at org.testng.TestRunner.run(TestRunner.java:617)
	at org.testng.SuiteRunner.runTest(SuiteRunner.java:334)
	at org.testng.SuiteRunner.runSequentially(SuiteRunner.java:329)
	at org.testng.SuiteRunner.privateRun(SuiteRunner.java:291)
	at org.testng.SuiteRunner.run(SuiteRunner.java:240)
	at org.testng.SuiteRunnerWorker.runSuite(SuiteRunnerWorker.java:51)
	at org.testng.SuiteRunnerWorker.run(SuiteRunnerWorker.java:85)
	at org.testng.TestNG.runSuitesSequentially(TestNG.java:1197)
	at org.testng.TestNG.runSuitesLocally(TestNG.java:1122)
	at org.testng.TestNG.run(TestNG.java:1030)
	at org.testng.remote.AbstractRemoteTestNG.run(AbstractRemoteTestNG.java:114)
	at org.testng.remote.RemoteTestNG.initAndRun(RemoteTestNG.java:251)
	at org.testng.remote.RemoteTestNG.main(RemoteTestNG.java:77)
</pre></div></td>
<td>21</td>
<td>com.test.AssetListImportUpdated@47c62251</td></tr>
<tr>
<td title='com.test.AssetListImportUpdated.IRMA8737_PhysicalLoaction_ComponentGroups()'><b>IRMA8737_PhysicalLoaction_ComponentGroups</b><br>Test class: com.test.AssetListImportUpdated</td>
<td><div><pre>org.openqa.selenium.NoSuchElementException: no such element: Unable to locate element: {&quot;method&quot;:&quot;xpath&quot;,&quot;selector&quot;:&quot;html/body/div[6]/div/div/div[2]/div/div/form/div[2]/a&quot;}
  (Session info: chrome=79.0.3945.130)
  (Driver info: chromedriver=2.41.578737 (49da6702b16031c40d63e5618de03a32ff6c197e),platform=Windows NT 10.0.17763 x86_64) (WARNING: The server did not provide any stacktrace information)
Command duration or timeout: 0 milliseconds
For documentation on this error, please visit: http://seleniumhq.org/exceptions/no_such_element.html
Build info: version: &apos;unknown&apos;, revision: &apos;unknown&apos;, time: &apos;unknown&apos;
System info: host: &apos;DESKTOP-QQ02N1C&apos;, ip: &apos;192.168.1.139&apos;, os.name: &apos;Windows 10&apos;, os.arch: &apos;amd64&apos;, os.version: &apos;10.0&apos;, java.version: &apos;1.8.0_231&apos;
Driver info: org.openqa.selenium.chrome.ChromeDriver
Capabilities [{mobileEmulationEnabled=false, hasTouchScreen=false, platform=XP, acceptSslCerts=false, goog:chromeOptions={debuggerAddress=localhost:50240}, acceptInsecureCerts=false, webStorageEnabled=true, browserName=chrome, takesScreenshot=true, javascriptEnabled=true, setWindowRect=true, unexpectedAlertBehaviour=, applicationCacheEnabled=false, rotatable=false, networkConnectionEnabled=false, chrome={chromedriverVersion=2.41.578737 (49da6702b16031c40d63e5618de03a32ff6c197e), userDataDir=C:\Users\PHOTOS~1\AppData\Local\Temp\scoped_dir2528_5465}, takesHeapSnapshot=true, pageLoadStrategy=normal, unhandledPromptBehavior=, databaseEnabled=false, handlesAlerts=true, version=79.0.3945.130, browserConnectionEnabled=false, nativeEvents=true, locationContextEnabled=true, cssSelectorsEnabled=true}]
Session ID: 5b05064981e0eec8662a8036e22733e7
*** Element info: {Using=xpath, value=html/body/div[6]/div/div/div[2]/div/div/form/div[2]/a}
	at org.openqa.selenium.remote.ErrorHandler.createThrowable(ErrorHandler.java:215)
	at org.openqa.selenium.remote.ErrorHandler.throwIfResponseFailed(ErrorHandler.java:167)
	at org.openqa.selenium.remote.http.JsonHttpResponseCodec.reconstructValue(JsonHttpResponseCodec.java:40)
	at org.openqa.selenium.remote.http.AbstractHttpResponseCodec.decode(AbstractHttpResponseCodec.java:82)
	at org.openqa.selenium.remote.http.AbstractHttpResponseCodec.decode(AbstractHttpResponseCodec.java:45)
	at org.openqa.selenium.remote.HttpCommandExecutor.execute(HttpCommandExecutor.java:164)
	at org.openqa.selenium.remote.service.DriverCommandExecutor.execute(DriverCommandExecutor.java:82)
	at org.openqa.selenium.remote.RemoteWebDriver.execute(RemoteWebDriver.java:641)
	at org.openqa.selenium.remote.RemoteWebDriver.findElement(RemoteWebDriver.java:414)
	at org.openqa.selenium.remote.RemoteWebDriver.findElementByXPath(RemoteWebDriver.java:513)
	at org.openqa.selenium.By$ByXPath.findElement(By.java:361)
	at org.openqa.selenium.remote.RemoteWebDriver.findElement(RemoteWebDriver.java:406)
	at com.test.WrapperClass.clickByXpath(WrapperClass.java:575)
	at com.test.AssetListImportUpdated.IRMA8737_PhysicalLoaction_ComponentGroups(AssetListImportUpdated.java:503)
... Removed 28 stack frames</pre></div><a href='#' onClick='toggleBox("stack-trace2145896000", this, "Click to show all stack frames", "Click to hide stack frames")'>Click to show all stack frames</a>
<div class='stack-trace' id='stack-trace2145896000'><pre>org.openqa.selenium.NoSuchElementException: no such element: Unable to locate element: {&quot;method&quot;:&quot;xpath&quot;,&quot;selector&quot;:&quot;html/body/div[6]/div/div/div[2]/div/div/form/div[2]/a&quot;}
  (Session info: chrome=79.0.3945.130)
  (Driver info: chromedriver=2.41.578737 (49da6702b16031c40d63e5618de03a32ff6c197e),platform=Windows NT 10.0.17763 x86_64) (WARNING: The server did not provide any stacktrace information)
Command duration or timeout: 0 milliseconds
For documentation on this error, please visit: http://seleniumhq.org/exceptions/no_such_element.html
Build info: version: &apos;unknown&apos;, revision: &apos;unknown&apos;, time: &apos;unknown&apos;
System info: host: &apos;DESKTOP-QQ02N1C&apos;, ip: &apos;192.168.1.139&apos;, os.name: &apos;Windows 10&apos;, os.arch: &apos;amd64&apos;, os.version: &apos;10.0&apos;, java.version: &apos;1.8.0_231&apos;
Driver info: org.openqa.selenium.chrome.ChromeDriver
Capabilities [{mobileEmulationEnabled=false, hasTouchScreen=false, platform=XP, acceptSslCerts=false, goog:chromeOptions={debuggerAddress=localhost:50240}, acceptInsecureCerts=false, webStorageEnabled=true, browserName=chrome, takesScreenshot=true, javascriptEnabled=true, setWindowRect=true, unexpectedAlertBehaviour=, applicationCacheEnabled=false, rotatable=false, networkConnectionEnabled=false, chrome={chromedriverVersion=2.41.578737 (49da6702b16031c40d63e5618de03a32ff6c197e), userDataDir=C:\Users\PHOTOS~1\AppData\Local\Temp\scoped_dir2528_5465}, takesHeapSnapshot=true, pageLoadStrategy=normal, unhandledPromptBehavior=, databaseEnabled=false, handlesAlerts=true, version=79.0.3945.130, browserConnectionEnabled=false, nativeEvents=true, locationContextEnabled=true, cssSelectorsEnabled=true}]
Session ID: 5b05064981e0eec8662a8036e22733e7
*** Element info: {Using=xpath, value=html/body/div[6]/div/div/div[2]/div/div/form/div[2]/a}
	at sun.reflect.NativeConstructorAccessorImpl.newInstance0(Native Method)
	at sun.reflect.NativeConstructorAccessorImpl.newInstance(Unknown Source)
	at sun.reflect.DelegatingConstructorAccessorImpl.newInstance(Unknown Source)
	at java.lang.reflect.Constructor.newInstance(Unknown Source)
	at org.openqa.selenium.remote.ErrorHandler.createThrowable(ErrorHandler.java:215)
	at org.openqa.selenium.remote.ErrorHandler.throwIfResponseFailed(ErrorHandler.java:167)
	at org.openqa.selenium.remote.http.JsonHttpResponseCodec.reconstructValue(JsonHttpResponseCodec.java:40)
	at org.openqa.selenium.remote.http.AbstractHttpResponseCodec.decode(AbstractHttpResponseCodec.java:82)
	at org.openqa.selenium.remote.http.AbstractHttpResponseCodec.decode(AbstractHttpResponseCodec.java:45)
	at org.openqa.selenium.remote.HttpCommandExecutor.execute(HttpCommandExecutor.java:164)
	at org.openqa.selenium.remote.service.DriverCommandExecutor.execute(DriverCommandExecutor.java:82)
	at org.openqa.selenium.remote.RemoteWebDriver.execute(RemoteWebDriver.java:641)
	at org.openqa.selenium.remote.RemoteWebDriver.findElement(RemoteWebDriver.java:414)
	at org.openqa.selenium.remote.RemoteWebDriver.findElementByXPath(RemoteWebDriver.java:513)
	at org.openqa.selenium.By$ByXPath.findElement(By.java:361)
	at org.openqa.selenium.remote.RemoteWebDriver.findElement(RemoteWebDriver.java:406)
	at com.test.WrapperClass.clickByXpath(WrapperClass.java:575)
	at com.test.AssetListImportUpdated.IRMA8737_PhysicalLoaction_ComponentGroups(AssetListImportUpdated.java:503)
	at sun.reflect.NativeMethodAccessorImpl.invoke0(Native Method)
	at sun.reflect.NativeMethodAccessorImpl.invoke(Unknown Source)
	at sun.reflect.DelegatingMethodAccessorImpl.invoke(Unknown Source)
	at java.lang.reflect.Method.invoke(Unknown Source)
	at org.testng.internal.MethodInvocationHelper.invokeMethod(MethodInvocationHelper.java:80)
	at org.testng.internal.Invoker.invokeMethod(Invoker.java:715)
	at org.testng.internal.Invoker.invokeTestMethod(Invoker.java:907)
	at org.testng.internal.Invoker.invokeTestMethods(Invoker.java:1237)
	at org.testng.internal.TestMethodWorker.invokeTestMethods(TestMethodWorker.java:127)
	at org.testng.internal.TestMethodWorker.run(TestMethodWorker.java:111)
	at org.testng.TestRunner.privateRun(TestRunner.java:767)
	at org.testng.TestRunner.run(TestRunner.java:617)
	at org.testng.SuiteRunner.runTest(SuiteRunner.java:334)
	at org.testng.SuiteRunner.runSequentially(SuiteRunner.java:329)
	at org.testng.SuiteRunner.privateRun(SuiteRunner.java:291)
	at org.testng.SuiteRunner.run(SuiteRunner.java:240)
	at org.testng.SuiteRunnerWorker.runSuite(SuiteRunnerWorker.java:51)
	at org.testng.SuiteRunnerWorker.run(SuiteRunnerWorker.java:85)
	at org.testng.TestNG.runSuitesSequentially(TestNG.java:1197)
	at org.testng.TestNG.runSuitesLocally(TestNG.java:1122)
	at org.testng.TestNG.run(TestNG.java:1030)
	at org.testng.remote.AbstractRemoteTestNG.run(AbstractRemoteTestNG.java:114)
	at org.testng.remote.RemoteTestNG.initAndRun(RemoteTestNG.java:251)
	at org.testng.remote.RemoteTestNG.main(RemoteTestNG.java:77)
</pre></div></td>
<td>142</td>
<td>com.test.AssetListImportUpdated@47c62251</td></tr>
<tr>
<td title='com.test.AssetListImportUpdated.IRMA8811_EditImportFiles_AssetInventoryList()'><b>IRMA8811_EditImportFiles_AssetInventoryList</b><br>Test class: com.test.AssetListImportUpdated</td>
<td><div><pre>org.openqa.selenium.NoSuchElementException: no such element: Unable to locate element: {&quot;method&quot;:&quot;xpath&quot;,&quot;selector&quot;:&quot;//*[@id=&apos;assets_filter&apos;]/label/input&quot;}
  (Session info: chrome=79.0.3945.130)
  (Driver info: chromedriver=2.41.578737 (49da6702b16031c40d63e5618de03a32ff6c197e),platform=Windows NT 10.0.17763 x86_64) (WARNING: The server did not provide any stacktrace information)
Command duration or timeout: 0 milliseconds
For documentation on this error, please visit: http://seleniumhq.org/exceptions/no_such_element.html
Build info: version: &apos;unknown&apos;, revision: &apos;unknown&apos;, time: &apos;unknown&apos;
System info: host: &apos;DESKTOP-QQ02N1C&apos;, ip: &apos;192.168.1.139&apos;, os.name: &apos;Windows 10&apos;, os.arch: &apos;amd64&apos;, os.version: &apos;10.0&apos;, java.version: &apos;1.8.0_231&apos;
Driver info: org.openqa.selenium.chrome.ChromeDriver
Capabilities [{mobileEmulationEnabled=false, hasTouchScreen=false, platform=XP, acceptSslCerts=false, goog:chromeOptions={debuggerAddress=localhost:50240}, acceptInsecureCerts=false, webStorageEnabled=true, browserName=chrome, takesScreenshot=true, javascriptEnabled=true, setWindowRect=true, unexpectedAlertBehaviour=, applicationCacheEnabled=false, rotatable=false, networkConnectionEnabled=false, chrome={chromedriverVersion=2.41.578737 (49da6702b16031c40d63e5618de03a32ff6c197e), userDataDir=C:\Users\PHOTOS~1\AppData\Local\Temp\scoped_dir2528_5465}, takesHeapSnapshot=true, pageLoadStrategy=normal, unhandledPromptBehavior=, databaseEnabled=false, handlesAlerts=true, version=79.0.3945.130, browserConnectionEnabled=false, nativeEvents=true, locationContextEnabled=true, cssSelectorsEnabled=true}]
Session ID: 5b05064981e0eec8662a8036e22733e7
*** Element info: {Using=xpath, value=//*[@id=&apos;assets_filter&apos;]/label/input}
	at org.openqa.selenium.remote.ErrorHandler.createThrowable(ErrorHandler.java:215)
	at org.openqa.selenium.remote.ErrorHandler.throwIfResponseFailed(ErrorHandler.java:167)
	at org.openqa.selenium.remote.http.JsonHttpResponseCodec.reconstructValue(JsonHttpResponseCodec.java:40)
	at org.openqa.selenium.remote.http.AbstractHttpResponseCodec.decode(AbstractHttpResponseCodec.java:82)
	at org.openqa.selenium.remote.http.AbstractHttpResponseCodec.decode(AbstractHttpResponseCodec.java:45)
	at org.openqa.selenium.remote.HttpCommandExecutor.execute(HttpCommandExecutor.java:164)
	at org.openqa.selenium.remote.service.DriverCommandExecutor.execute(DriverCommandExecutor.java:82)
	at org.openqa.selenium.remote.RemoteWebDriver.execute(RemoteWebDriver.java:641)
	at org.openqa.selenium.remote.RemoteWebDriver.findElement(RemoteWebDriver.java:414)
	at org.openqa.selenium.remote.RemoteWebDriver.findElementByXPath(RemoteWebDriver.java:513)
	at org.openqa.selenium.By$ByXPath.findElement(By.java:361)
	at org.openqa.selenium.remote.RemoteWebDriver.findElement(RemoteWebDriver.java:406)
	at com.test.WrapperClass.assertTextXpath(WrapperClass.java:1408)
	at com.test.AssetListImportUpdated.IRMA8811_EditImportFiles_AssetInventoryList(AssetListImportUpdated.java:2670)
... Removed 28 stack frames</pre></div><a href='#' onClick='toggleBox("stack-trace515273883", this, "Click to show all stack frames", "Click to hide stack frames")'>Click to show all stack frames</a>
<div class='stack-trace' id='stack-trace515273883'><pre>org.openqa.selenium.NoSuchElementException: no such element: Unable to locate element: {&quot;method&quot;:&quot;xpath&quot;,&quot;selector&quot;:&quot;//*[@id=&apos;assets_filter&apos;]/label/input&quot;}
  (Session info: chrome=79.0.3945.130)
  (Driver info: chromedriver=2.41.578737 (49da6702b16031c40d63e5618de03a32ff6c197e),platform=Windows NT 10.0.17763 x86_64) (WARNING: The server did not provide any stacktrace information)
Command duration or timeout: 0 milliseconds
For documentation on this error, please visit: http://seleniumhq.org/exceptions/no_such_element.html
Build info: version: &apos;unknown&apos;, revision: &apos;unknown&apos;, time: &apos;unknown&apos;
System info: host: &apos;DESKTOP-QQ02N1C&apos;, ip: &apos;192.168.1.139&apos;, os.name: &apos;Windows 10&apos;, os.arch: &apos;amd64&apos;, os.version: &apos;10.0&apos;, java.version: &apos;1.8.0_231&apos;
Driver info: org.openqa.selenium.chrome.ChromeDriver
Capabilities [{mobileEmulationEnabled=false, hasTouchScreen=false, platform=XP, acceptSslCerts=false, goog:chromeOptions={debuggerAddress=localhost:50240}, acceptInsecureCerts=false, webStorageEnabled=true, browserName=chrome, takesScreenshot=true, javascriptEnabled=true, setWindowRect=true, unexpectedAlertBehaviour=, applicationCacheEnabled=false, rotatable=false, networkConnectionEnabled=false, chrome={chromedriverVersion=2.41.578737 (49da6702b16031c40d63e5618de03a32ff6c197e), userDataDir=C:\Users\PHOTOS~1\AppData\Local\Temp\scoped_dir2528_5465}, takesHeapSnapshot=true, pageLoadStrategy=normal, unhandledPromptBehavior=, databaseEnabled=false, handlesAlerts=true, version=79.0.3945.130, browserConnectionEnabled=false, nativeEvents=true, locationContextEnabled=true, cssSelectorsEnabled=true}]
Session ID: 5b05064981e0eec8662a8036e22733e7
*** Element info: {Using=xpath, value=//*[@id=&apos;assets_filter&apos;]/label/input}
	at sun.reflect.NativeConstructorAccessorImpl.newInstance0(Native Method)
	at sun.reflect.NativeConstructorAccessorImpl.newInstance(Unknown Source)
	at sun.reflect.DelegatingConstructorAccessorImpl.newInstance(Unknown Source)
	at java.lang.reflect.Constructor.newInstance(Unknown Source)
	at org.openqa.selenium.remote.ErrorHandler.createThrowable(ErrorHandler.java:215)
	at org.openqa.selenium.remote.ErrorHandler.throwIfResponseFailed(ErrorHandler.java:167)
	at org.openqa.selenium.remote.http.JsonHttpResponseCodec.reconstructValue(JsonHttpResponseCodec.java:40)
	at org.openqa.selenium.remote.http.AbstractHttpResponseCodec.decode(AbstractHttpResponseCodec.java:82)
	at org.openqa.selenium.remote.http.AbstractHttpResponseCodec.decode(AbstractHttpResponseCodec.java:45)
	at org.openqa.selenium.remote.HttpCommandExecutor.execute(HttpCommandExecutor.java:164)
	at org.openqa.selenium.remote.service.DriverCommandExecutor.execute(DriverCommandExecutor.java:82)
	at org.openqa.selenium.remote.RemoteWebDriver.execute(RemoteWebDriver.java:641)
	at org.openqa.selenium.remote.RemoteWebDriver.findElement(RemoteWebDriver.java:414)
	at org.openqa.selenium.remote.RemoteWebDriver.findElementByXPath(RemoteWebDriver.java:513)
	at org.openqa.selenium.By$ByXPath.findElement(By.java:361)
	at org.openqa.selenium.remote.RemoteWebDriver.findElement(RemoteWebDriver.java:406)
	at com.test.WrapperClass.assertTextXpath(WrapperClass.java:1408)
	at com.test.AssetListImportUpdated.IRMA8811_EditImportFiles_AssetInventoryList(AssetListImportUpdated.java:2670)
	at sun.reflect.NativeMethodAccessorImpl.invoke0(Native Method)
	at sun.reflect.NativeMethodAccessorImpl.invoke(Unknown Source)
	at sun.reflect.DelegatingMethodAccessorImpl.invoke(Unknown Source)
	at java.lang.reflect.Method.invoke(Unknown Source)
	at org.testng.internal.MethodInvocationHelper.invokeMethod(MethodInvocationHelper.java:80)
	at org.testng.internal.Invoker.invokeMethod(Invoker.java:715)
	at org.testng.internal.Invoker.invokeTestMethod(Invoker.java:907)
	at org.testng.internal.Invoker.invokeTestMethods(Invoker.java:1237)
	at org.testng.internal.TestMethodWorker.invokeTestMethods(TestMethodWorker.java:127)
	at org.testng.internal.TestMethodWorker.run(TestMethodWorker.java:111)
	at org.testng.TestRunner.privateRun(TestRunner.java:767)
	at org.testng.TestRunner.run(TestRunner.java:617)
	at org.testng.SuiteRunner.runTest(SuiteRunner.java:334)
	at org.testng.SuiteRunner.runSequentially(SuiteRunner.java:329)
	at org.testng.SuiteRunner.privateRun(SuiteRunner.java:291)
	at org.testng.SuiteRunner.run(SuiteRunner.java:240)
	at org.testng.SuiteRunnerWorker.runSuite(SuiteRunnerWorker.java:51)
	at org.testng.SuiteRunnerWorker.run(SuiteRunnerWorker.java:85)
	at org.testng.TestNG.runSuitesSequentially(TestNG.java:1197)
	at org.testng.TestNG.runSuitesLocally(TestNG.java:1122)
	at org.testng.TestNG.run(TestNG.java:1030)
	at org.testng.remote.AbstractRemoteTestNG.run(AbstractRemoteTestNG.java:114)
	at org.testng.remote.RemoteTestNG.initAndRun(RemoteTestNG.java:251)
	at org.testng.remote.RemoteTestNG.main(RemoteTestNG.java:77)
</pre></div></td>
<td>120</td>
<td>com.test.AssetListImportUpdated@47c62251</td></tr>
<tr>
<td title='com.test.AssetListImportUpdated.InValidImportFiles_AssetInventoryImport()'><b>InValidImportFiles_AssetInventoryImport</b><br>Test class: com.test.AssetListImportUpdated<br/>
<a href="#Output-1456061400" onClick='toggleBox("Output-1456061400", this, "Show output", "Hide output");'>Show output</a>

<a href="#Output-1456061400" onClick="toggleAllBoxes();">Show all outputs</a>
<div class='log' id="Output-1456061400">
clicked on Browser Button | <br><br/>
</div>
</td>
<td><div><pre>java.io.IOException: Cannot run program &quot;C:\Users\User\eclipse-workspace\ClearWater\AutoIT\importfiles\Fileupload2.exe&quot;: CreateProcess error=2, The system cannot find the file specified
	at java.lang.ProcessBuilder.start(Unknown Source)
	at java.lang.Runtime.exec(Unknown Source)
	at java.lang.Runtime.exec(Unknown Source)
	at java.lang.Runtime.exec(Unknown Source)
	at com.test.AssetListImportUpdated.InValidImportFiles_AssetInventoryImport(AssetListImportUpdated.java:2356)
Caused by: java.io.IOException: CreateProcess error=2, The system cannot find the file specified
	at java.lang.ProcessImpl.create(Native Method)
	at java.lang.ProcessImpl.&lt;init&gt;(Unknown Source)
	at java.lang.ProcessImpl.start(Unknown Source)
	... 29 more
... Removed 24 stack frames</pre></div><a href='#' onClick='toggleBox("stack-trace1456061400", this, "Click to show all stack frames", "Click to hide stack frames")'>Click to show all stack frames</a>
<div class='stack-trace' id='stack-trace1456061400'><pre>java.io.IOException: Cannot run program &quot;C:\Users\User\eclipse-workspace\ClearWater\AutoIT\importfiles\Fileupload2.exe&quot;: CreateProcess error=2, The system cannot find the file specified
	at java.lang.ProcessBuilder.start(Unknown Source)
	at java.lang.Runtime.exec(Unknown Source)
	at java.lang.Runtime.exec(Unknown Source)
	at java.lang.Runtime.exec(Unknown Source)
	at com.test.AssetListImportUpdated.InValidImportFiles_AssetInventoryImport(AssetListImportUpdated.java:2356)
	at sun.reflect.NativeMethodAccessorImpl.invoke0(Native Method)
	at sun.reflect.NativeMethodAccessorImpl.invoke(Unknown Source)
	at sun.reflect.DelegatingMethodAccessorImpl.invoke(Unknown Source)
	at java.lang.reflect.Method.invoke(Unknown Source)
	at org.testng.internal.MethodInvocationHelper.invokeMethod(MethodInvocationHelper.java:80)
	at org.testng.internal.Invoker.invokeMethod(Invoker.java:715)
	at org.testng.internal.Invoker.invokeTestMethod(Invoker.java:907)
	at org.testng.internal.Invoker.invokeTestMethods(Invoker.java:1237)
	at org.testng.internal.TestMethodWorker.invokeTestMethods(TestMethodWorker.java:127)
	at org.testng.internal.TestMethodWorker.run(TestMethodWorker.java:111)
	at org.testng.TestRunner.privateRun(TestRunner.java:767)
	at org.testng.TestRunner.run(TestRunner.java:617)
	at org.testng.SuiteRunner.runTest(SuiteRunner.java:334)
	at org.testng.SuiteRunner.runSequentially(SuiteRunner.java:329)
	at org.testng.SuiteRunner.privateRun(SuiteRunner.java:291)
	at org.testng.SuiteRunner.run(SuiteRunner.java:240)
	at org.testng.SuiteRunnerWorker.runSuite(SuiteRunnerWorker.java:51)
	at org.testng.SuiteRunnerWorker.run(SuiteRunnerWorker.java:85)
	at org.testng.TestNG.runSuitesSequentially(TestNG.java:1197)
	at org.testng.TestNG.runSuitesLocally(TestNG.java:1122)
	at org.testng.TestNG.run(TestNG.java:1030)
	at org.testng.remote.AbstractRemoteTestNG.run(AbstractRemoteTestNG.java:114)
	at org.testng.remote.RemoteTestNG.initAndRun(RemoteTestNG.java:251)
	at org.testng.remote.RemoteTestNG.main(RemoteTestNG.java:77)
Caused by: java.io.IOException: CreateProcess error=2, The system cannot find the file specified
	at java.lang.ProcessImpl.create(Native Method)
	at java.lang.ProcessImpl.&lt;init&gt;(Unknown Source)
	at java.lang.ProcessImpl.start(Unknown Source)
	... 29 more
</pre></div></td>
<td>12</td>
<td>com.test.AssetListImportUpdated@47c62251</td></tr>
<tr>
<td title='com.test.AssetListImportUpdated.ValidImport_AssetInventoryImport()'><b>ValidImport_AssetInventoryImport</b><br>Test class: com.test.AssetListImportUpdated<br/>
<a href="#Output-259630944" onClick='toggleBox("Output-259630944", this, "Show output", "Hide output");'>Show output</a>

<a href="#Output-259630944" onClick="toggleAllBoxes();">Show all outputs</a>
<div class='log' id="Output-259630944">
clicked on Browser Button | <br><br/>
</div>
</td>
<td><div><pre>java.io.IOException: Cannot run program &quot;C:\Users\User\eclipse-workspace\ClearWater\AutoIT\importfiles\Fileupload8.exe&quot;: CreateProcess error=2, The system cannot find the file specified
	at java.lang.ProcessBuilder.start(Unknown Source)
	at java.lang.Runtime.exec(Unknown Source)
	at java.lang.Runtime.exec(Unknown Source)
	at java.lang.Runtime.exec(Unknown Source)
	at com.test.AssetListImportUpdated.ValidImport_AssetInventoryImport(AssetListImportUpdated.java:2438)
Caused by: java.io.IOException: CreateProcess error=2, The system cannot find the file specified
	at java.lang.ProcessImpl.create(Native Method)
	at java.lang.ProcessImpl.&lt;init&gt;(Unknown Source)
	at java.lang.ProcessImpl.start(Unknown Source)
	... 29 more
... Removed 24 stack frames</pre></div><a href='#' onClick='toggleBox("stack-trace259630944", this, "Click to show all stack frames", "Click to hide stack frames")'>Click to show all stack frames</a>
<div class='stack-trace' id='stack-trace259630944'><pre>java.io.IOException: Cannot run program &quot;C:\Users\User\eclipse-workspace\ClearWater\AutoIT\importfiles\Fileupload8.exe&quot;: CreateProcess error=2, The system cannot find the file specified
	at java.lang.ProcessBuilder.start(Unknown Source)
	at java.lang.Runtime.exec(Unknown Source)
	at java.lang.Runtime.exec(Unknown Source)
	at java.lang.Runtime.exec(Unknown Source)
	at com.test.AssetListImportUpdated.ValidImport_AssetInventoryImport(AssetListImportUpdated.java:2438)
	at sun.reflect.NativeMethodAccessorImpl.invoke0(Native Method)
	at sun.reflect.NativeMethodAccessorImpl.invoke(Unknown Source)
	at sun.reflect.DelegatingMethodAccessorImpl.invoke(Unknown Source)
	at java.lang.reflect.Method.invoke(Unknown Source)
	at org.testng.internal.MethodInvocationHelper.invokeMethod(MethodInvocationHelper.java:80)
	at org.testng.internal.Invoker.invokeMethod(Invoker.java:715)
	at org.testng.internal.Invoker.invokeTestMethod(Invoker.java:907)
	at org.testng.internal.Invoker.invokeTestMethods(Invoker.java:1237)
	at org.testng.internal.TestMethodWorker.invokeTestMethods(TestMethodWorker.java:127)
	at org.testng.internal.TestMethodWorker.run(TestMethodWorker.java:111)
	at org.testng.TestRunner.privateRun(TestRunner.java:767)
	at org.testng.TestRunner.run(TestRunner.java:617)
	at org.testng.SuiteRunner.runTest(SuiteRunner.java:334)
	at org.testng.SuiteRunner.runSequentially(SuiteRunner.java:329)
	at org.testng.SuiteRunner.privateRun(SuiteRunner.java:291)
	at org.testng.SuiteRunner.run(SuiteRunner.java:240)
	at org.testng.SuiteRunnerWorker.runSuite(SuiteRunnerWorker.java:51)
	at org.testng.SuiteRunnerWorker.run(SuiteRunnerWorker.java:85)
	at org.testng.TestNG.runSuitesSequentially(TestNG.java:1197)
	at org.testng.TestNG.runSuitesLocally(TestNG.java:1122)
	at org.testng.TestNG.run(TestNG.java:1030)
	at org.testng.remote.AbstractRemoteTestNG.run(AbstractRemoteTestNG.java:114)
	at org.testng.remote.RemoteTestNG.initAndRun(RemoteTestNG.java:251)
	at org.testng.remote.RemoteTestNG.main(RemoteTestNG.java:77)
Caused by: java.io.IOException: CreateProcess error=2, The system cannot find the file specified
	at java.lang.ProcessImpl.create(Native Method)
	at java.lang.ProcessImpl.&lt;init&gt;(Unknown Source)
	at java.lang.ProcessImpl.start(Unknown Source)
	... 29 more
</pre></div></td>
<td>8</td>
<td>com.test.AssetListImportUpdated@47c62251</td></tr>
</table><p>
<table width='100%' border='1' class='invocation-passed'>
<tr><td colspan='4' align='center'><b>PASSED TESTS</b></td></tr>
<tr><td><b>Test method</b></td>
<td width="30%"><b>Exception</b></td>
<td width="10%"><b>Time (seconds)</b></td>
<td><b>Instance</b></td>
</tr>
<tr>
<td title='com.test.AssetListImportUpdated.AllGroups_ComponentGroups_AssetWizard()'><b>AllGroups_ComponentGroups_AssetWizard</b><br>Test class: com.test.AssetListImportUpdated</td>
<td></td>
<td>52</td>
<td>com.test.AssetListImportUpdated@47c62251</td></tr>
<tr>
<td title='com.test.AssetListImportUpdated.AnotherGroupsButton_ComponentGroups_AssetWizard()'><b>AnotherGroupsButton_ComponentGroups_AssetWizard</b><br>Test class: com.test.AssetListImportUpdated<br/>
<a href="#Output-1943855334" onClick='toggleBox("Output-1943855334", this, "Show output", "Hide output");'>Show output</a>

<a href="#Output-1943855334" onClick="toggleAllBoxes();">Show all outputs</a>
<div class='log' id="Output-1943855334">
Click on New Group Desc in Component Groups Tab<br><br/>
Click on Create & Select Button in Component Groups Tab<br><br/>
Click on New Group Desc in Component Groups Tab<br><br/>
</div>
</td>
<td></td>
<td>64</td>
<td>com.test.AssetListImportUpdated@47c62251</td></tr>
<tr>
<td title='com.test.AssetListImportUpdated.AssetName_AssetWizard()'><b>AssetName_AssetWizard</b><br>Test class: com.test.AssetListImportUpdated<br/>
<a href="#Output-1019484860" onClick='toggleBox("Output-1019484860", this, "Show output", "Hide output");'>Show output</a>

<a href="#Output-1019484860" onClick="toggleAllBoxes();">Show all outputs</a>
<div class='log' id="Output-1019484860">
Create Form Page is displayed and started filling datas for Asset | <br><br/>
Filled data for Description | <br><br/>
Select data from Type of Sensitive Data | <br><br/>
Click on Context ? Icon | <br><br/>
Select data from Type of Sensitive Data | <br><br/>
Click on Previous Button | <br><br/>
Select data from Type of Sensitive Data | <br><br/>
</div>
</td>
<td></td>
<td>64</td>
<td>com.test.AssetListImportUpdated@47c62251</td></tr>
<tr>
<td title='com.test.AssetListImportUpdated.ChkBussinessOwnerPopup_AssetWizard_CES()'><b>ChkBussinessOwnerPopup_AssetWizard_CES</b><br>Test class: com.test.AssetListImportUpdated</td>
<td></td>
<td>40</td>
<td>com.test.AssetListImportUpdated@47c62251</td></tr>
<tr>
<td title='com.test.AssetListImportUpdated.ChkListedDetails_BussinessOwner_CES()'><b>ChkListedDetails_BussinessOwner_CES</b><br>Test class: com.test.AssetListImportUpdated</td>
<td></td>
<td>34</td>
<td>com.test.AssetListImportUpdated@47c62251</td></tr>
<tr>
<td title='com.test.AssetListImportUpdated.ChkRecentNameLink_ComponentGroups_AssetWizard()'><b>ChkRecentNameLink_ComponentGroups_AssetWizard</b><br>Test class: com.test.AssetListImportUpdated</td>
<td></td>
<td>34</td>
<td>com.test.AssetListImportUpdated@47c62251</td></tr>
<tr>
<td title='com.test.AssetListImportUpdated.ChkText_ComponentGroups_AssetWizard()'><b>ChkText_ComponentGroups_AssetWizard</b><br>Test class: com.test.AssetListImportUpdated<br/>
<a href="#Output-1384563514" onClick='toggleBox("Output-1384563514", this, "Show output", "Hide output");'>Show output</a>

<a href="#Output-1384563514" onClick="toggleAllBoxes();">Show all outputs</a>
<div class='log' id="Output-1384563514">
Click on Create & Select Button in Component Groups Tab<br><br/>
Click on Create & Select Button in Component Groups Tab<br><br/>
Element are Displayed Or Present<br><br/>
</div>
</td>
<td></td>
<td>45</td>
<td>com.test.AssetListImportUpdated@47c62251</td></tr>
<tr>
<td title='com.test.AssetListImportUpdated.ColumnHeader_AssetInventoryList()'><b>ColumnHeader_AssetInventoryList</b><br>Test class: com.test.AssetListImportUpdated<br/>
<a href="#Output-948675904" onClick='toggleBox("Output-948675904", this, "Show output", "Hide output");'>Show output</a>

<a href="#Output-948675904" onClick="toggleAllBoxes();">Show all outputs</a>
<div class='log' id="Output-948675904">
Check ColumnHeader | <br><br/>
Check ColumnHeader | <br><br/>
Check ColumnHeader | <br><br/>
Check ColumnHeader | <br><br/>
Check ColumnHeader | <br><br/>
Check ColumnHeader | <br><br/>
Check ColumnHeader | <br><br/>
Check ColumnHeader | <br><br/>
Check ColumnHeader | <br><br/>
Check ColumnHeader | <br><br/>
Check ColumnHeader | <br><br/>
</div>
</td>
<td></td>
<td>40</td>
<td>com.test.AssetListImportUpdated@47c62251</td></tr>
<tr>
<td title='com.test.AssetListImportUpdated.ComponentCount_ComponentGroups_AssetForm()'><b>ComponentCount_ComponentGroups_AssetForm</b><br>Test class: com.test.AssetListImportUpdated</td>
<td></td>
<td>6</td>
<td>com.test.AssetListImportUpdated@47c62251</td></tr>
<tr>
<td title='com.test.AssetListImportUpdated.Details_AssetWizard()'><b>Details_AssetWizard</b><br>Test class: com.test.AssetListImportUpdated<br/>
<a href="#Output-1060703587" onClick='toggleBox("Output-1060703587", this, "Show output", "Hide output");'>Show output</a>

<a href="#Output-1060703587" onClick="toggleAllBoxes();">Show all outputs</a>
<div class='log' id="Output-1060703587">
Filled data for FirstName | <br><br/>
Filled data for LastName | <br><br/>
</div>
</td>
<td></td>
<td>37</td>
<td>com.test.AssetListImportUpdated@47c62251</td></tr>
<tr>
<td title='com.test.AssetListImportUpdated.Disable_sunset_Status_CreateAsset()'><b>Disable_sunset_Status_CreateAsset</b><br>Test class: com.test.AssetListImportUpdated<br/>
<a href="#Output-1793899405" onClick='toggleBox("Output-1793899405", this, "Show output", "Hide output");'>Show output</a>

<a href="#Output-1793899405" onClick="toggleAllBoxes();">Show all outputs</a>
<div class='log' id="Output-1793899405">
Click on Create & Select Button in Component Groups Tab<br><br/>
Successfully Asset created | <br><br/>
Click on New Button | <br><br/>
Create Form Page is displayed and started filling datas for Asset | <br><br/>
Successfully Asset created | <br><br/>
</div>
</td>
<td></td>
<td>184</td>
<td>com.test.AssetListImportUpdated@47c62251</td></tr>
<tr>
<td title='com.test.AssetListImportUpdated.Download_AssetInventoryImport()'><b>Download_AssetInventoryImport</b><br>Test class: com.test.AssetListImportUpdated<br/>
<a href="#Output-1275009283" onClick='toggleBox("Output-1275009283", this, "Show output", "Hide output");'>Show output</a>

<a href="#Output-1275009283" onClick="toggleAllBoxes();">Show all outputs</a>
<div class='log' id="Output-1275009283">
Click on Download Asset Inventory Import Templates | <br><br/>
</div>
</td>
<td></td>
<td>6</td>
<td>com.test.AssetListImportUpdated@47c62251</td></tr>
<tr>
<td title='com.test.AssetListImportUpdated.EditBtn_AssetInventoryList()'><b>EditBtn_AssetInventoryList</b><br>Test class: com.test.AssetListImportUpdated<br/>
<a href="#Output-911501858" onClick='toggleBox("Output-911501858", this, "Show output", "Hide output");'>Show output</a>

<a href="#Output-911501858" onClick="toggleAllBoxes();">Show all outputs</a>
<div class='log' id="Output-911501858">
Successfully Asset created | <br><br/>
</div>
</td>
<td></td>
<td>24</td>
<td>com.test.AssetListImportUpdated@47c62251</td></tr>
<tr>
<td title='com.test.AssetListImportUpdated.Edit_AssetName_AssetWizard()'><b>Edit_AssetName_AssetWizard</b><br>Test class: com.test.AssetListImportUpdated<br/>
<a href="#Output-1552221437" onClick='toggleBox("Output-1552221437", this, "Show output", "Hide output");'>Show output</a>

<a href="#Output-1552221437" onClick="toggleAllBoxes();">Show all outputs</a>
<div class='log' id="Output-1552221437">
Select one of the added Asset in Asset Inventory List | <br><br/>
Click on Edit button for listed Asset | <br><br/>
Create Form Page is displayed and started filling datas for Asset | <br><br/>
Filled data for Description | <br><br/>
Select data from Type of Sensitive Data | <br><br/>
Select data from Type of Sensitive Data | <br><br/>
Click on Previous Button | <br><br/>
Select data from Type of Sensitive Data | <br><br/>
</div>
</td>
<td></td>
<td>100</td>
<td>com.test.AssetListImportUpdated@47c62251</td></tr>
<tr>
<td title='com.test.AssetListImportUpdated.Edit_ComponentTypes_AssetWizard()'><b>Edit_ComponentTypes_AssetWizard</b><br>Test class: com.test.AssetListImportUpdated<br/>
<a href="#Output-1057468716" onClick='toggleBox("Output-1057468716", this, "Show output", "Hide output");'>Show output</a>

<a href="#Output-1057468716" onClick="toggleAllBoxes();">Show all outputs</a>
<div class='log' id="Output-1057468716">
Clic on  Collapse all categories button <br><br/>
Clic on Expand all categories button <br><br/>
USB Devices | <br><br/>
Backup Media Devices | <br><br/>
Backup Media Devices | <br><br/>
Select data from Type of Sensitive Data | <br><br/>
</div>
</td>
<td></td>
<td>51</td>
<td>com.test.AssetListImportUpdated@47c62251</td></tr>
<tr>
<td title='com.test.AssetListImportUpdated.Edit_Importance_AssetWizard()'><b>Edit_Importance_AssetWizard</b><br>Test class: com.test.AssetListImportUpdated<br/>
<a href="#Output-2081000371" onClick='toggleBox("Output-2081000371", this, "Show output", "Hide output");'>Show output</a>

<a href="#Output-2081000371" onClick="toggleAllBoxes();">Show all outputs</a>
<div class='log' id="Output-2081000371">
Select data from Type of Sensitive Data | <br><br/>
Filled data for Number of user | <br><br/>
Filled data for Source | <br><br/>
Select data from Type of Sensitive Data | <br><br/>
</div>
</td>
<td></td>
<td>49</td>
<td>com.test.AssetListImportUpdated@47c62251</td></tr>
<tr>
<td title='com.test.AssetListImportUpdated.ExportBtn_AssetInventoryList()'><b>ExportBtn_AssetInventoryList</b><br>Test class: com.test.AssetListImportUpdated<br/>
<a href="#Output-1692073709" onClick='toggleBox("Output-1692073709", this, "Show output", "Hide output");'>Show output</a>

<a href="#Output-1692073709" onClick="toggleAllBoxes();">Show all outputs</a>
<div class='log' id="Output-1692073709">
Click on Export Button | <br><br/>
Click on CSV file to download | <br><br/>
</div>
</td>
<td></td>
<td>36</td>
<td>com.test.AssetListImportUpdated@47c62251</td></tr>
<tr>
<td title='com.test.AssetListImportUpdated.IRMA6441_SaveAsset_AssetWizard()'><b>IRMA6441_SaveAsset_AssetWizard</b><br>Test class: com.test.AssetListImportUpdated<br/>
<a href="#Output-1123236701" onClick='toggleBox("Output-1123236701", this, "Show output", "Hide output");'>Show output</a>

<a href="#Output-1123236701" onClick="toggleAllBoxes();">Show all outputs</a>
<div class='log' id="Output-1123236701">
Successfully Asset created | <br><br/>
Selected Asset Inventory List Sub-module | <br><br/>
</div>
</td>
<td></td>
<td>47</td>
<td>com.test.AssetListImportUpdated@47c62251</td></tr>
<tr>
<td title='com.test.AssetListImportUpdated.IRMA7554_AnotherGroupsButton_ComponentGroups_AssetWizard()'><b>IRMA7554_AnotherGroupsButton_ComponentGroups_AssetWizard</b><br>Test class: com.test.AssetListImportUpdated<br/>
<a href="#Output-1279740095" onClick='toggleBox("Output-1279740095", this, "Show output", "Hide output");'>Show output</a>

<a href="#Output-1279740095" onClick="toggleAllBoxes();">Show all outputs</a>
<div class='log' id="Output-1279740095">
Click on Another Groups Button in Component Groups Tab<br><br/>
</div>
</td>
<td></td>
<td>41</td>
<td>com.test.AssetListImportUpdated@47c62251</td></tr>
<tr>
<td title='com.test.AssetListImportUpdated.IRMA7943_BusinessOwnerPopup_AssetWizard_CES()'><b>IRMA7943_BusinessOwnerPopup_AssetWizard_CES</b><br>Test class: com.test.AssetListImportUpdated<br/>
<a href="#Output-955324150" onClick='toggleBox("Output-955324150", this, "Show output", "Hide output");'>Show output</a>

<a href="#Output-955324150" onClick="toggleAllBoxes();">Show all outputs</a>
<div class='log' id="Output-955324150">
Add another asset after saving | <br><br/>
Add another asset after saving | <br><br/>
</div>
</td>
<td></td>
<td>95</td>
<td>com.test.AssetListImportUpdated@47c62251</td></tr>
<tr>
<td title='com.test.AssetListImportUpdated.IRMA7943_DisplayedComponentTypes_AssetWizard()'><b>IRMA7943_DisplayedComponentTypes_AssetWizard</b><br>Test class: com.test.AssetListImportUpdated<br/>
<a href="#Output-294658299" onClick='toggleBox("Output-294658299", this, "Show output", "Hide output");'>Show output</a>

<a href="#Output-294658299" onClick="toggleAllBoxes();">Show all outputs</a>
<div class='log' id="Output-294658299">
Clic on  Collapse all categories button <br><br/>
Clic on Expand all categories button <br><br/>
Backup Media Devices | <br><br/>
Click on Context ? Icon | <br><br/>
Backup Media Devices | <br><br/>
Click on Context ? Icon | <br><br/>
Backup Media Devices | <br><br/>
Backup Media Devices | <br><br/>
Click on Context ? Icon | <br><br/>
Click on Context ? Icon | <br><br/>
Select data from Type of Sensitive Data | <br><br/>
</div>
</td>
<td></td>
<td>88</td>
<td>com.test.AssetListImportUpdated@47c62251</td></tr>
<tr>
<td title='com.test.AssetListImportUpdated.IRMA7943_EditBtn_AssetInventoryList()'><b>IRMA7943_EditBtn_AssetInventoryList</b><br>Test class: com.test.AssetListImportUpdated<br/>
<a href="#Output-1979055448" onClick='toggleBox("Output-1979055448", this, "Show output", "Hide output");'>Show output</a>

<a href="#Output-1979055448" onClick="toggleAllBoxes();">Show all outputs</a>
<div class='log' id="Output-1979055448">
Enter some text in Search Text-box | <br><br/>
Select one of the added Asset in Asset Inventory List | <br><br/>
Click on Edit button for listed Asset | <br><br/>
Create Form Page is displayed and started filling datas for Asset | <br><br/>
Filled data for Description | <br><br/>
</div>
</td>
<td></td>
<td>112</td>
<td>com.test.AssetListImportUpdated@47c62251</td></tr>
<tr>
<td title='com.test.AssetListImportUpdated.IRMA8484_GroupingExpertButton_AssetInventoryList()'><b>IRMA8484_GroupingExpertButton_AssetInventoryList</b><br>Test class: com.test.AssetListImportUpdated<br/>
<a href="#Output-1178290888" onClick='toggleBox("Output-1178290888", this, "Show output", "Hide output");'>Show output</a>

<a href="#Output-1178290888" onClick="toggleAllBoxes();">Show all outputs</a>
<div class='log' id="Output-1178290888">
Select data from Type of Sensitive Data | <br><br/>
Select data from Type of Sensitive Data | <br><br/>
</div>
</td>
<td></td>
<td>82</td>
<td>com.test.AssetListImportUpdated@47c62251</td></tr>
<tr>
<td title='com.test.AssetListImportUpdated.IRMA8644_ChkPhyLocGroupName_ComponentGroups_AssetWizard()'><b>IRMA8644_ChkPhyLocGroupName_ComponentGroups_AssetWizard</b><br>Test class: com.test.AssetListImportUpdated<br/>
<a href="#Output-2095677157" onClick='toggleBox("Output-2095677157", this, "Show output", "Hide output");'>Show output</a>

<a href="#Output-2095677157" onClick="toggleAllBoxes();">Show all outputs</a>
<div class='log' id="Output-2095677157">
Click on New Group Name in Component Groups Tab<br><br/>
</div>
</td>
<td></td>
<td>6</td>
<td>com.test.AssetListImportUpdated@47c62251</td></tr>
<tr>
<td title='com.test.AssetListImportUpdated.Importance_AssetWizard()'><b>Importance_AssetWizard</b><br>Test class: com.test.AssetListImportUpdated<br/>
<a href="#Output-2069500590" onClick='toggleBox("Output-2069500590", this, "Show output", "Hide output");'>Show output</a>

<a href="#Output-2069500590" onClick="toggleAllBoxes();">Show all outputs</a>
<div class='log' id="Output-2069500590">
Select data from Type of Sensitive Data | <br><br/>
Filled data for Number of user | <br><br/>
Filled data for Source | <br><br/>
Select data from Type of Sensitive Data | <br><br/>
</div>
</td>
<td></td>
<td>49</td>
<td>com.test.AssetListImportUpdated@47c62251</td></tr>
<tr>
<td title='com.test.AssetListImportUpdated.NavigatePage_AssetInventoryList()'><b>NavigatePage_AssetInventoryList</b><br>Test class: com.test.AssetListImportUpdated<br/>
<a href="#Output-455888635" onClick='toggleBox("Output-455888635", this, "Show output", "Hide output");'>Show output</a>

<a href="#Output-455888635" onClick="toggleAllBoxes();">Show all outputs</a>
<div class='log' id="Output-455888635">
Selected the Asset module at sidebar-left | <br><br/>
Selected Asset Inventory List Sub-module | <br><br/>
</div>
</td>
<td></td>
<td>72</td>
<td>com.test.AssetListImportUpdated@47c62251</td></tr>
<tr>
<td title='com.test.AssetListImportUpdated.NavigationPage_AssetInventoryImport()'><b>NavigationPage_AssetInventoryImport</b><br>Test class: com.test.AssetListImportUpdated<br/>
<a href="#Output-606775513" onClick='toggleBox("Output-606775513", this, "Show output", "Hide output");'>Show output</a>

<a href="#Output-606775513" onClick="toggleAllBoxes();">Show all outputs</a>
<div class='log' id="Output-606775513">
Clicked on Asset Inventory Import sub-modules | <br><br/>
</div>
</td>
<td></td>
<td>15</td>
<td>com.test.AssetListImportUpdated@47c62251</td></tr>
<tr>
<td title='com.test.AssetListImportUpdated.PageHearder_AssetInventoryImport()'><b>PageHearder_AssetInventoryImport</b><br>Test class: com.test.AssetListImportUpdated<br/>
<a href="#Output-1527882132" onClick='toggleBox("Output-1527882132", this, "Show output", "Hide output");'>Show output</a>

<a href="#Output-1527882132" onClick="toggleAllBoxes();">Show all outputs</a>
<div class='log' id="Output-1527882132">
Click on Page header Icon | <br><br/>
</div>
</td>
<td></td>
<td>14</td>
<td>com.test.AssetListImportUpdated@47c62251</td></tr>
<tr>
<td title='com.test.AssetListImportUpdated.PageHearder_AssetInventoryList()'><b>PageHearder_AssetInventoryList</b><br>Test class: com.test.AssetListImportUpdated<br/>
<a href="#Output-487416600" onClick='toggleBox("Output-487416600", this, "Show output", "Hide output");'>Show output</a>

<a href="#Output-487416600" onClick="toggleAllBoxes();">Show all outputs</a>
<div class='log' id="Output-487416600">
Click on Page header Icon | <br><br/>
Click on Page header Title | <br><br/>
</div>
</td>
<td></td>
<td>9</td>
<td>com.test.AssetListImportUpdated@47c62251</td></tr>
<tr>
<td title='com.test.AssetListImportUpdated.PageHearder_CreateAsset()'><b>PageHearder_CreateAsset</b><br>Test class: com.test.AssetListImportUpdated<br/>
<a href="#Output-1650113431" onClick='toggleBox("Output-1650113431", this, "Show output", "Hide output");'>Show output</a>

<a href="#Output-1650113431" onClick="toggleAllBoxes();">Show all outputs</a>
<div class='log' id="Output-1650113431">
Click on Edit button for listed Asset | <br><br/>
Click on Page header Icon | <br><br/>
</div>
</td>
<td></td>
<td>42</td>
<td>com.test.AssetListImportUpdated@47c62251</td></tr>
<tr>
<td title='com.test.AssetListImportUpdated.PageLevelHelp_AssetInventoryImport()'><b>PageLevelHelp_AssetInventoryImport</b><br>Test class: com.test.AssetListImportUpdated<br/>
<a href="#Output-1171255580" onClick='toggleBox("Output-1171255580", this, "Show output", "Hide output");'>Show output</a>

<a href="#Output-1171255580" onClick="toggleAllBoxes();">Show all outputs</a>
<div class='log' id="Output-1171255580">
Click on PageHelp button Icon | <br><br/>
Click OK Button in PageHelp pop-up window | <br><br/>
</div>
</td>
<td></td>
<td>18</td>
<td>com.test.AssetListImportUpdated@47c62251</td></tr>
<tr>
<td title='com.test.AssetListImportUpdated.PageLevelHelp_AssetInventoryList()'><b>PageLevelHelp_AssetInventoryList</b><br>Test class: com.test.AssetListImportUpdated<br/>
<a href="#Output-295180183" onClick='toggleBox("Output-295180183", this, "Show output", "Hide output");'>Show output</a>

<a href="#Output-295180183" onClick="toggleAllBoxes();">Show all outputs</a>
<div class='log' id="Output-295180183">
Click on PageHelp button Icon | <br><br/>
Click OK Button in PageHelp pop-up window | <br><br/>
</div>
</td>
<td></td>
<td>19</td>
<td>com.test.AssetListImportUpdated@47c62251</td></tr>
<tr>
<td title='com.test.AssetListImportUpdated.PageLevelHelp_CreateAsset()'><b>PageLevelHelp_CreateAsset</b><br>Test class: com.test.AssetListImportUpdated<br/>
<a href="#Output-172794870" onClick='toggleBox("Output-172794870", this, "Show output", "Hide output");'>Show output</a>

<a href="#Output-172794870" onClick="toggleAllBoxes();">Show all outputs</a>
<div class='log' id="Output-172794870">
Click on PageHelp button Icon | <br><br/>
Click OK Button in PageHelp pop-up window | <br><br/>
</div>
</td>
<td></td>
<td>13</td>
<td>com.test.AssetListImportUpdated@47c62251</td></tr>
<tr>
<td title='com.test.AssetListImportUpdated.PanelBar_AssetInventoryImport()'><b>PanelBar_AssetInventoryImport</b><br>Test class: com.test.AssetListImportUpdated<br/>
<a href="#Output-300604602" onClick='toggleBox("Output-300604602", this, "Show output", "Hide output");'>Show output</a>

<a href="#Output-300604602" onClick="toggleAllBoxes();">Show all outputs</a>
<div class='log' id="Output-300604602">
Click on Page breadcrumb | <br><br/>
</div>
</td>
<td></td>
<td>10</td>
<td>com.test.AssetListImportUpdated@47c62251</td></tr>
<tr>
<td title='com.test.AssetListImportUpdated.PanelBar_AssetInventoryList()'><b>PanelBar_AssetInventoryList</b><br>Test class: com.test.AssetListImportUpdated<br/>
<a href="#Output-1129433283" onClick='toggleBox("Output-1129433283", this, "Show output", "Hide output");'>Show output</a>

<a href="#Output-1129433283" onClick="toggleAllBoxes();">Show all outputs</a>
<div class='log' id="Output-1129433283">
Click on Page breadcrumb | <br><br/>
</div>
</td>
<td></td>
<td>9</td>
<td>com.test.AssetListImportUpdated@47c62251</td></tr>
<tr>
<td title='com.test.AssetListImportUpdated.PanelBar_CreateAsset()'><b>PanelBar_CreateAsset</b><br>Test class: com.test.AssetListImportUpdated<br/>
<a href="#Output-1089930529" onClick='toggleBox("Output-1089930529", this, "Show output", "Hide output");'>Show output</a>

<a href="#Output-1089930529" onClick="toggleAllBoxes();">Show all outputs</a>
<div class='log' id="Output-1089930529">
Click on Page breadcrumb | <br><br/>
</div>
</td>
<td></td>
<td>8</td>
<td>com.test.AssetListImportUpdated@47c62251</td></tr>
<tr>
<td title='com.test.AssetListImportUpdated.PanelTab_AssetWizard()'><b>PanelTab_AssetWizard</b><br>Test class: com.test.AssetListImportUpdated</td>
<td></td>
<td>39</td>
<td>com.test.AssetListImportUpdated@47c62251</td></tr>
<tr>
<td title='com.test.AssetListImportUpdated.Prepoduction_Staus_CreateAsset()'><b>Prepoduction_Staus_CreateAsset</b><br>Test class: com.test.AssetListImportUpdated<br/>
<a href="#Output-1280124872" onClick='toggleBox("Output-1280124872", this, "Show output", "Hide output");'>Show output</a>

<a href="#Output-1280124872" onClick="toggleAllBoxes();">Show all outputs</a>
<div class='log' id="Output-1280124872">
Click on New Button | <br><br/>
Create Form Page is displayed and started filling datas for Asset | <br><br/>
Successfully Asset created | <br><br/>
</div>
</td>
<td></td>
<td>99</td>
<td>com.test.AssetListImportUpdated@47c62251</td></tr>
<tr>
<td title='com.test.AssetListImportUpdated.ReviewGrouping_ComponentGroups_AssetWizard()'><b>ReviewGrouping_ComponentGroups_AssetWizard</b><br>Test class: com.test.AssetListImportUpdated<br/>
<a href="#Output-1204088028" onClick='toggleBox("Output-1204088028", this, "Show output", "Hide output");'>Show output</a>

<a href="#Output-1204088028" onClick="toggleAllBoxes();">Show all outputs</a>
<div class='log' id="Output-1204088028">
Click on Create & Select Button in Component Groups Tab<br><br/>
Click on Create & Select Button in Component Groups Tab<br><br/>
</div>
</td>
<td></td>
<td>55</td>
<td>com.test.AssetListImportUpdated@47c62251</td></tr>
<tr>
<td title='com.test.AssetListImportUpdated.RiskManagementMap_AssetInventoryImport()'><b>RiskManagementMap_AssetInventoryImport</b><br>Test class: com.test.AssetListImportUpdated<br/>
<a href="#Output-34073107" onClick='toggleBox("Output-34073107", this, "Show output", "Hide output");'>Show output</a>

<a href="#Output-34073107" onClick="toggleAllBoxes();">Show all outputs</a>
<div class='log' id="Output-34073107">
Click on Risk Management Map | <br><br/>
</div>
</td>
<td></td>
<td>18</td>
<td>com.test.AssetListImportUpdated@47c62251</td></tr>
<tr>
<td title='com.test.AssetListImportUpdated.RiskManagementMap_AssetInventoryList()'><b>RiskManagementMap_AssetInventoryList</b><br>Test class: com.test.AssetListImportUpdated<br/>
<a href="#Output-1547883191" onClick='toggleBox("Output-1547883191", this, "Show output", "Hide output");'>Show output</a>

<a href="#Output-1547883191" onClick="toggleAllBoxes();">Show all outputs</a>
<div class='log' id="Output-1547883191">
Click on Risk Management Map | <br><br/>
</div>
</td>
<td></td>
<td>18</td>
<td>com.test.AssetListImportUpdated@47c62251</td></tr>
<tr>
<td title='com.test.AssetListImportUpdated.RiskManagementMap_CreateAsset()'><b>RiskManagementMap_CreateAsset</b><br>Test class: com.test.AssetListImportUpdated<br/>
<a href="#Output-1927963027" onClick='toggleBox("Output-1927963027", this, "Show output", "Hide output");'>Show output</a>

<a href="#Output-1927963027" onClick="toggleAllBoxes();">Show all outputs</a>
<div class='log' id="Output-1927963027">
Click on Risk Management Map | <br><br/>
Selected Asset Inventory List Sub-module | <br><br/>
</div>
</td>
<td></td>
<td>41</td>
<td>com.test.AssetListImportUpdated@47c62251</td></tr>
<tr>
<td title='com.test.AssetListImportUpdated.Search_AssetInventoryList()'><b>Search_AssetInventoryList</b><br>Test class: com.test.AssetListImportUpdated<br/>
<a href="#Output-785271142" onClick='toggleBox("Output-785271142", this, "Show output", "Hide output");'>Show output</a>

<a href="#Output-785271142" onClick="toggleAllBoxes();">Show all outputs</a>
<div class='log' id="Output-785271142">
Enter some text in Search Text-box | <br><br/>
Clear the Enter some text in Search Text-box | <br><br/>
</div>
</td>
<td></td>
<td>24</td>
<td>com.test.AssetListImportUpdated@47c62251</td></tr>
<tr>
<td title='com.test.AssetListImportUpdated.Sorting_AssetInventoryList()'><b>Sorting_AssetInventoryList</b><br>Test class: com.test.AssetListImportUpdated<br/>
<a href="#Output-2078641942" onClick='toggleBox("Output-2078641942", this, "Show output", "Hide output");'>Show output</a>

<a href="#Output-2078641942" onClick="toggleAllBoxes();">Show all outputs</a>
<div class='log' id="Output-2078641942">
Click on Asset Name column Header to sort for Ascending order  | <br><br/>
Column Header is sorted in Ascending order successfully  | <br><br/>
Click on Asset Name column Header to sort for Descending order  | <br><br/>
Column Header is sorted in descending order successfully  | <br><br/>
Click on Asset Description column Header to sort for Ascending order  | <br><br/>
Column Header is sorted in Ascending order successfully  | <br><br/>
Click on Asset Description column Header to sort for Descending order  | <br><br/>
Column Header is sorted in descending order successfully  | <br><br/>
</div>
</td>
<td></td>
<td>61</td>
<td>com.test.AssetListImportUpdated@47c62251</td></tr>
<tr>
<td title='com.test.AssetListImportUpdated.Testing_AssetBasics_CreateAsset()'><b>Testing_AssetBasics_CreateAsset</b><br>Test class: com.test.AssetListImportUpdated<br/>
<a href="#Output-833240229" onClick='toggleBox("Output-833240229", this, "Show output", "Hide output");'>Show output</a>

<a href="#Output-833240229" onClick="toggleAllBoxes();">Show all outputs</a>
<div class='log' id="Output-833240229">
Click on New Button | <br><br/>
Create Form Page is displayed and started filling datas for Asset | <br><br/>
Filled data for Description | <br><br/>
Select data from Type of Sensitive Data | <br><br/>
</div>
</td>
<td></td>
<td>39</td>
<td>com.test.AssetListImportUpdated@47c62251</td></tr>
<tr>
<td title='com.test.AssetListImportUpdated.Testing_ComponentGrouping_CreateAsset()'><b>Testing_ComponentGrouping_CreateAsset</b><br>Test class: com.test.AssetListImportUpdated</td>
<td></td>
<td>49</td>
<td>com.test.AssetListImportUpdated@47c62251</td></tr>
<tr>
<td title='com.test.AssetListImportUpdated.Testing_ComponentTypes_CreateAsset()'><b>Testing_ComponentTypes_CreateAsset</b><br>Test class: com.test.AssetListImportUpdated<br/>
<a href="#Output-839771540" onClick='toggleBox("Output-839771540", this, "Show output", "Hide output");'>Show output</a>

<a href="#Output-839771540" onClick="toggleAllBoxes();">Show all outputs</a>
<div class='log' id="Output-839771540">
Filled data for Media Devices | <br><br/>
Filled data for Media Devices | <br><br/>
Filled data for Media Devices | <br><br/>
Filled data for Media Devices | <br><br/>
Filled data for Media Devices | <br><br/>
Filled data for Media Devices | <br><br/>
Filled data for Media Devices | <br><br/>
Filled data for Media Devices | <br><br/>
</div>
</td>
<td></td>
<td>85</td>
<td>com.test.AssetListImportUpdated@47c62251</td></tr>
<tr>
<td title='com.test.AssetListImportUpdated.Testing_Details_CreateAsset()'><b>Testing_Details_CreateAsset</b><br>Test class: com.test.AssetListImportUpdated<br/>
<a href="#Output-2029780820" onClick='toggleBox("Output-2029780820", this, "Show output", "Hide output");'>Show output</a>

<a href="#Output-2029780820" onClick="toggleAllBoxes();">Show all outputs</a>
<div class='log' id="Output-2029780820">
Filled data for FirstName | <br><br/>
Filled data for LastName | <br><br/>
</div>
</td>
<td></td>
<td>23</td>
<td>com.test.AssetListImportUpdated@47c62251</td></tr>
<tr>
<td title='com.test.AssetListImportUpdated.Testing_Importance_CreateAsset()'><b>Testing_Importance_CreateAsset</b><br>Test class: com.test.AssetListImportUpdated<br/>
<a href="#Output-1799635803" onClick='toggleBox("Output-1799635803", this, "Show output", "Hide output");'>Show output</a>

<a href="#Output-1799635803" onClick="toggleAllBoxes();">Show all outputs</a>
<div class='log' id="Output-1799635803">
Filled data for Number of user | <br><br/>
Filled data for Media Devices | <br><br/>
</div>
</td>
<td></td>
<td>37</td>
<td>com.test.AssetListImportUpdated@47c62251</td></tr>
<tr>
<td title='com.test.AssetListImportUpdated.Updated_EditAsset_AssetWizard()'><b>Updated_EditAsset_AssetWizard</b><br>Test class: com.test.AssetListImportUpdated<br/>
<a href="#Output-1985938863" onClick='toggleBox("Output-1985938863", this, "Show output", "Hide output");'>Show output</a>

<a href="#Output-1985938863" onClick="toggleAllBoxes();">Show all outputs</a>
<div class='log' id="Output-1985938863">
Select data from Type of Sensitive Data | <br><br/>
Add another asset after saving | <br><br/>
</div>
</td>
<td></td>
<td>54</td>
<td>com.test.AssetListImportUpdated@47c62251</td></tr>
</table><p>
</body>
</html>