<?xml version="1.0" encoding="UTF-8"?>
<!-- Generated by org.testng.reporters.JUnitXMLReporter -->
<testsuite hostname="Dell" ignored="52" name="Test" tests="222" failures="31" timestamp="27 Mar 2019 13:31:37 GMT" time="9329.246" errors="0">
  <testcase name="NavigatePage_AssetInventoryList" time="114.952" classname="com.test.AddAssetTestcases"/>
  <testcase name="PanelTab_AssetWizard_CES" time="135.912" classname="com.test.AddAssetTestcases">
    <failure type="org.openqa.selenium.NoSuchElementException" message="no such element: Unable to locate element: {&amp;quot;method&amp;quot;:&amp;quot;xpath&amp;quot;,&amp;quot;selector&amp;quot;:&amp;quot;//*[@id=&amp;apos;tab_selector_4&amp;apos;]/a/ul/li[2]/span&amp;quot;}
  (Session info: chrome=73.0.3683.86)
  (Driver info: chromedriver=2.41.578737 (49da6702b16031c40d63e5618de03a32ff6c197e),platform=Windows NT 6.3.9600 x86_64) (WARNING: The server did not provide any stacktrace information)
Command duration or timeout: 0 milliseconds
For documentation on this error, please visit: http://seleniumhq.org/exceptions/no_such_element.html
Build info: version: &amp;apos;unknown&amp;apos;, revision: &amp;apos;unknown&amp;apos;, time: &amp;apos;unknown&amp;apos;
System info: host: &amp;apos;DELL&amp;apos;, ip: &amp;apos;192.168.43.138&amp;apos;, os.name: &amp;apos;Windows 8.1&amp;apos;, os.arch: &amp;apos;amd64&amp;apos;, os.version: &amp;apos;6.3&amp;apos;, java.version: &amp;apos;1.8.0_181&amp;apos;
Driver info: org.openqa.selenium.chrome.ChromeDriver
Capabilities [{mobileEmulationEnabled=false, hasTouchScreen=false, platform=WIN8_1, acceptSslCerts=false, goog:chromeOptions={debuggerAddress=localhost:53292}, acceptInsecureCerts=false, webStorageEnabled=true, browserName=chrome, takesScreenshot=true, javascriptEnabled=true, setWindowRect=true, unexpectedAlertBehaviour=, applicationCacheEnabled=false, rotatable=false, networkConnectionEnabled=false, chrome={chromedriverVersion=2.41.578737 (49da6702b16031c40d63e5618de03a32ff6c197e), userDataDir=C:\Users\User\AppData\Local\Temp\scoped_dir4856_27497}, takesHeapSnapshot=true, pageLoadStrategy=normal, unhandledPromptBehavior=, databaseEnabled=false, handlesAlerts=true, version=73.0.3683.86, browserConnectionEnabled=false, nativeEvents=true, locationContextEnabled=true, cssSelectorsEnabled=true}]
Session ID: e4a82321ffc1ddc9999715addbded90f
*** Element info: {Using=xpath, value=//*[@id=&amp;apos;tab_selector_4&amp;apos;]/a/ul/li[2]/span}">
      <![CDATA[org.openqa.selenium.NoSuchElementException: no such element: Unable to locate element: {"method":"xpath","selector":"//*[@id='tab_selector_4']/a/ul/li[2]/span"}
  (Session info: chrome=73.0.3683.86)
  (Driver info: chromedriver=2.41.578737 (49da6702b16031c40d63e5618de03a32ff6c197e),platform=Windows NT 6.3.9600 x86_64) (WARNING: The server did not provide any stacktrace information)
Command duration or timeout: 0 milliseconds
For documentation on this error, please visit: http://seleniumhq.org/exceptions/no_such_element.html
Build info: version: 'unknown', revision: 'unknown', time: 'unknown'
System info: host: 'DELL', ip: '192.168.43.138', os.name: 'Windows 8.1', os.arch: 'amd64', os.version: '6.3', java.version: '1.8.0_181'
Driver info: org.openqa.selenium.chrome.ChromeDriver
Capabilities [{mobileEmulationEnabled=false, hasTouchScreen=false, platform=WIN8_1, acceptSslCerts=false, goog:chromeOptions={debuggerAddress=localhost:53292}, acceptInsecureCerts=false, webStorageEnabled=true, browserName=chrome, takesScreenshot=true, javascriptEnabled=true, setWindowRect=true, unexpectedAlertBehaviour=, applicationCacheEnabled=false, rotatable=false, networkConnectionEnabled=false, chrome={chromedriverVersion=2.41.578737 (49da6702b16031c40d63e5618de03a32ff6c197e), userDataDir=C:\Users\User\AppData\Local\Temp\scoped_dir4856_27497}, takesHeapSnapshot=true, pageLoadStrategy=normal, unhandledPromptBehavior=, databaseEnabled=false, handlesAlerts=true, version=73.0.3683.86, browserConnectionEnabled=false, nativeEvents=true, locationContextEnabled=true, cssSelectorsEnabled=true}]
Session ID: e4a82321ffc1ddc9999715addbded90f
*** Element info: {Using=xpath, value=//*[@id='tab_selector_4']/a/ul/li[2]/span}
	at org.openqa.selenium.remote.ErrorHandler.createThrowable(ErrorHandler.java:215)
	at org.openqa.selenium.remote.ErrorHandler.throwIfResponseFailed(ErrorHandler.java:167)
	at org.openqa.selenium.remote.http.JsonHttpResponseCodec.reconstructValue(JsonHttpResponseCodec.java:40)
	at org.openqa.selenium.remote.http.AbstractHttpResponseCodec.decode(AbstractHttpResponseCodec.java:82)
	at org.openqa.selenium.remote.http.AbstractHttpResponseCodec.decode(AbstractHttpResponseCodec.java:45)
	at org.openqa.selenium.remote.HttpCommandExecutor.execute(HttpCommandExecutor.java:164)
	at org.openqa.selenium.remote.service.DriverCommandExecutor.execute(DriverCommandExecutor.java:82)
	at org.openqa.selenium.remote.RemoteWebDriver.execute(RemoteWebDriver.java:641)
	at org.openqa.selenium.remote.RemoteWebDriver.findElement(RemoteWebDriver.java:414)
	at org.openqa.selenium.remote.RemoteWebDriver.findElementByXPath(RemoteWebDriver.java:513)
	at org.openqa.selenium.By$ByXPath.findElement(By.java:361)
	at org.openqa.selenium.remote.RemoteWebDriver.findElement(RemoteWebDriver.java:406)
	at com.test.WrapperClass.assertEquals(WrapperClass.java:1334)
	at com.test.AddAssetTestcases.PanelTab_AssetWizard_CES(AddAssetTestcases.java:83)
... Removed 29 stack frames]]>
    </failure>
  </testcase> <!-- PanelTab_AssetWizard_CES -->
  <testcase name="AssetName_AssetWizard" time="59.16" classname="com.test.AddAssetTestcases"/>
  <testcase name="ComponentTypes_AssetWizard" time="89.075" classname="com.test.AddAssetTestcases"/>
  <testcase name="Importance_AssetWizard" time="50.472" classname="com.test.AddAssetTestcases"/>
  <testcase name="Details_AssetWizard" time="28.267" classname="com.test.AddAssetTestcases"/>
  <testcase name="ChkListedDetails_BussinessOwner_CES" time="11.287" classname="com.test.AddAssetTestcases"/>
  <testcase name="ChkBussinessOwnerPopup_AssetWizard_CES" time="40.253" classname="com.test.AddAssetTestcases"/>
  <testcase name="BusinessOwnerPopup_AssetWizard_CES" time="47.428" classname="com.test.AddAssetTestcases">
    <failure type="org.openqa.selenium.ElementNotVisibleException" message="element not visible
  (Session info: chrome=73.0.3683.86)
  (Driver info: chromedriver=2.41.578737 (49da6702b16031c40d63e5618de03a32ff6c197e),platform=Windows NT 6.3.9600 x86_64) (WARNING: The server did not provide any stacktrace information)
Command duration or timeout: 0 milliseconds
Build info: version: &amp;apos;unknown&amp;apos;, revision: &amp;apos;unknown&amp;apos;, time: &amp;apos;unknown&amp;apos;
System info: host: &amp;apos;DELL&amp;apos;, ip: &amp;apos;192.168.43.138&amp;apos;, os.name: &amp;apos;Windows 8.1&amp;apos;, os.arch: &amp;apos;amd64&amp;apos;, os.version: &amp;apos;6.3&amp;apos;, java.version: &amp;apos;1.8.0_181&amp;apos;
Driver info: org.openqa.selenium.chrome.ChromeDriver
Capabilities [{mobileEmulationEnabled=false, hasTouchScreen=false, platform=WIN8_1, acceptSslCerts=false, goog:chromeOptions={debuggerAddress=localhost:53292}, acceptInsecureCerts=false, webStorageEnabled=true, browserName=chrome, takesScreenshot=true, javascriptEnabled=true, setWindowRect=true, unexpectedAlertBehaviour=, applicationCacheEnabled=false, rotatable=false, networkConnectionEnabled=false, chrome={chromedriverVersion=2.41.578737 (49da6702b16031c40d63e5618de03a32ff6c197e), userDataDir=C:\Users\User\AppData\Local\Temp\scoped_dir4856_27497}, takesHeapSnapshot=true, pageLoadStrategy=normal, unhandledPromptBehavior=, databaseEnabled=false, handlesAlerts=true, version=73.0.3683.86, browserConnectionEnabled=false, nativeEvents=true, locationContextEnabled=true, cssSelectorsEnabled=true}]
Session ID: e4a82321ffc1ddc9999715addbded90f">
      <![CDATA[org.openqa.selenium.ElementNotVisibleException: element not visible
  (Session info: chrome=73.0.3683.86)
  (Driver info: chromedriver=2.41.578737 (49da6702b16031c40d63e5618de03a32ff6c197e),platform=Windows NT 6.3.9600 x86_64) (WARNING: The server did not provide any stacktrace information)
Command duration or timeout: 0 milliseconds
Build info: version: 'unknown', revision: 'unknown', time: 'unknown'
System info: host: 'DELL', ip: '192.168.43.138', os.name: 'Windows 8.1', os.arch: 'amd64', os.version: '6.3', java.version: '1.8.0_181'
Driver info: org.openqa.selenium.chrome.ChromeDriver
Capabilities [{mobileEmulationEnabled=false, hasTouchScreen=false, platform=WIN8_1, acceptSslCerts=false, goog:chromeOptions={debuggerAddress=localhost:53292}, acceptInsecureCerts=false, webStorageEnabled=true, browserName=chrome, takesScreenshot=true, javascriptEnabled=true, setWindowRect=true, unexpectedAlertBehaviour=, applicationCacheEnabled=false, rotatable=false, networkConnectionEnabled=false, chrome={chromedriverVersion=2.41.578737 (49da6702b16031c40d63e5618de03a32ff6c197e), userDataDir=C:\Users\User\AppData\Local\Temp\scoped_dir4856_27497}, takesHeapSnapshot=true, pageLoadStrategy=normal, unhandledPromptBehavior=, databaseEnabled=false, handlesAlerts=true, version=73.0.3683.86, browserConnectionEnabled=false, nativeEvents=true, locationContextEnabled=true, cssSelectorsEnabled=true}]
Session ID: e4a82321ffc1ddc9999715addbded90f
	at org.openqa.selenium.remote.ErrorHandler.createThrowable(ErrorHandler.java:215)
	at org.openqa.selenium.remote.ErrorHandler.throwIfResponseFailed(ErrorHandler.java:167)
	at org.openqa.selenium.remote.http.JsonHttpResponseCodec.reconstructValue(JsonHttpResponseCodec.java:40)
	at org.openqa.selenium.remote.http.AbstractHttpResponseCodec.decode(AbstractHttpResponseCodec.java:82)
	at org.openqa.selenium.remote.http.AbstractHttpResponseCodec.decode(AbstractHttpResponseCodec.java:45)
	at org.openqa.selenium.remote.HttpCommandExecutor.execute(HttpCommandExecutor.java:164)
	at org.openqa.selenium.remote.service.DriverCommandExecutor.execute(DriverCommandExecutor.java:82)
	at org.openqa.selenium.remote.RemoteWebDriver.execute(RemoteWebDriver.java:641)
	at org.openqa.selenium.remote.RemoteWebElement.execute(RemoteWebElement.java:275)
	at org.openqa.selenium.remote.RemoteWebElement.click(RemoteWebElement.java:82)
	at com.test.WrapperClass.clickByXpath(WrapperClass.java:568)
	at com.test.AddAssetTestcases.BusinessOwnerPopup_AssetWizard_CES(AddAssetTestcases.java:414)
... Removed 29 stack frames]]>
    </failure>
  </testcase> <!-- BusinessOwnerPopup_AssetWizard_CES -->
  <testcase name="ReviewGrouping_CES" time="43.289" classname="com.test.AddAssetTestcases"/>
  <testcase name="Edit_AssetName_AssetWizard" time="80.903" classname="com.test.AddAssetTestcases"/>
  <testcase name="Edit_ComponentTypes_AssetWizard" time="51.569" classname="com.test.AddAssetTestcases"/>
  <testcase name="Edit_Importance_AssetWizard" time="49.628" classname="com.test.AddAssetTestcases"/>
  <testcase name="Edit_Details_AssetWizard" time="69.309" classname="com.test.AddAssetTestcases"/>
  <testcase name="PageHearder_AssetInventoryList" time="9.365" classname="com.test.AddAssetTestcases"/>
  <testcase name="PanelBar_AssetInventoryList" time="9.174" classname="com.test.AddAssetTestcases"/>
  <testcase name="PageLevelHelp_AssetInventoryList" time="19.453" classname="com.test.AddAssetTestcases"/>
  <testcase name="RiskManagementMap_AssetInventoryList" time="18.335" classname="com.test.AddAssetTestcases"/>
  <testcase name="PageHearder_CreateAsset" time="26.476" classname="com.test.AddAssetTestcases"/>
  <testcase name="PanelBar_CreateAsset" time="8.088" classname="com.test.AddAssetTestcases"/>
  <testcase name="PageLevelHelp_CreateAsset" time="13.363" classname="com.test.AddAssetTestcases"/>
  <testcase name="RiskManagementMap_CreateAsset" time="28.438" classname="com.test.AddAssetTestcases"/>
  <testcase name="AssetNameOnly_CreateAsset" time="58.307" classname="com.test.AddAssetTestcases"/>
  <testcase name="Testing_AssetBasics_CreateAsset" time="39.869" classname="com.test.AddAssetTestcases"/>
  <testcase name="Testing_Importance_CreateAsset" time="37.122" classname="com.test.AddAssetTestcases"/>
  <testcase name="Testing_Details_CreateAsset" time="40.469" classname="com.test.AddAssetTestcases"/>
  <testcase name="Testing_ComponentTypes_CreateAsset" time="84.994" classname="com.test.AddAssetTestcases"/>
  <testcase name="Testing_ComponentGrouping_CreateAsset" time="128.761" classname="com.test.AddAssetTestcases">
    <failure type="org.openqa.selenium.NoSuchElementException" message="no such element: Unable to locate element: {&amp;quot;method&amp;quot;:&amp;quot;xpath&amp;quot;,&amp;quot;selector&amp;quot;:&amp;quot;//*[@id=&amp;apos;asset-form&amp;apos;]/div[1]/div[2]/div[3]/div[2]/div[1]/div/div/button&amp;quot;}
  (Session info: chrome=73.0.3683.86)
  (Driver info: chromedriver=2.41.578737 (49da6702b16031c40d63e5618de03a32ff6c197e),platform=Windows NT 6.3.9600 x86_64) (WARNING: The server did not provide any stacktrace information)
Command duration or timeout: 0 milliseconds
For documentation on this error, please visit: http://seleniumhq.org/exceptions/no_such_element.html
Build info: version: &amp;apos;unknown&amp;apos;, revision: &amp;apos;unknown&amp;apos;, time: &amp;apos;unknown&amp;apos;
System info: host: &amp;apos;DELL&amp;apos;, ip: &amp;apos;192.168.43.138&amp;apos;, os.name: &amp;apos;Windows 8.1&amp;apos;, os.arch: &amp;apos;amd64&amp;apos;, os.version: &amp;apos;6.3&amp;apos;, java.version: &amp;apos;1.8.0_181&amp;apos;
Driver info: org.openqa.selenium.chrome.ChromeDriver
Capabilities [{mobileEmulationEnabled=false, hasTouchScreen=false, platform=WIN8_1, acceptSslCerts=false, goog:chromeOptions={debuggerAddress=localhost:53292}, acceptInsecureCerts=false, webStorageEnabled=true, browserName=chrome, takesScreenshot=true, javascriptEnabled=true, setWindowRect=true, unexpectedAlertBehaviour=, applicationCacheEnabled=false, rotatable=false, networkConnectionEnabled=false, chrome={chromedriverVersion=2.41.578737 (49da6702b16031c40d63e5618de03a32ff6c197e), userDataDir=C:\Users\User\AppData\Local\Temp\scoped_dir4856_27497}, takesHeapSnapshot=true, pageLoadStrategy=normal, unhandledPromptBehavior=, databaseEnabled=false, handlesAlerts=true, version=73.0.3683.86, browserConnectionEnabled=false, nativeEvents=true, locationContextEnabled=true, cssSelectorsEnabled=true}]
Session ID: e4a82321ffc1ddc9999715addbded90f
*** Element info: {Using=xpath, value=//*[@id=&amp;apos;asset-form&amp;apos;]/div[1]/div[2]/div[3]/div[2]/div[1]/div/div/button}">
      <![CDATA[org.openqa.selenium.NoSuchElementException: no such element: Unable to locate element: {"method":"xpath","selector":"//*[@id='asset-form']/div[1]/div[2]/div[3]/div[2]/div[1]/div/div/button"}
  (Session info: chrome=73.0.3683.86)
  (Driver info: chromedriver=2.41.578737 (49da6702b16031c40d63e5618de03a32ff6c197e),platform=Windows NT 6.3.9600 x86_64) (WARNING: The server did not provide any stacktrace information)
Command duration or timeout: 0 milliseconds
For documentation on this error, please visit: http://seleniumhq.org/exceptions/no_such_element.html
Build info: version: 'unknown', revision: 'unknown', time: 'unknown'
System info: host: 'DELL', ip: '192.168.43.138', os.name: 'Windows 8.1', os.arch: 'amd64', os.version: '6.3', java.version: '1.8.0_181'
Driver info: org.openqa.selenium.chrome.ChromeDriver
Capabilities [{mobileEmulationEnabled=false, hasTouchScreen=false, platform=WIN8_1, acceptSslCerts=false, goog:chromeOptions={debuggerAddress=localhost:53292}, acceptInsecureCerts=false, webStorageEnabled=true, browserName=chrome, takesScreenshot=true, javascriptEnabled=true, setWindowRect=true, unexpectedAlertBehaviour=, applicationCacheEnabled=false, rotatable=false, networkConnectionEnabled=false, chrome={chromedriverVersion=2.41.578737 (49da6702b16031c40d63e5618de03a32ff6c197e), userDataDir=C:\Users\User\AppData\Local\Temp\scoped_dir4856_27497}, takesHeapSnapshot=true, pageLoadStrategy=normal, unhandledPromptBehavior=, databaseEnabled=false, handlesAlerts=true, version=73.0.3683.86, browserConnectionEnabled=false, nativeEvents=true, locationContextEnabled=true, cssSelectorsEnabled=true}]
Session ID: e4a82321ffc1ddc9999715addbded90f
*** Element info: {Using=xpath, value=//*[@id='asset-form']/div[1]/div[2]/div[3]/div[2]/div[1]/div/div/button}
	at org.openqa.selenium.remote.ErrorHandler.createThrowable(ErrorHandler.java:215)
	at org.openqa.selenium.remote.ErrorHandler.throwIfResponseFailed(ErrorHandler.java:167)
	at org.openqa.selenium.remote.http.JsonHttpResponseCodec.reconstructValue(JsonHttpResponseCodec.java:40)
	at org.openqa.selenium.remote.http.AbstractHttpResponseCodec.decode(AbstractHttpResponseCodec.java:82)
	at org.openqa.selenium.remote.http.AbstractHttpResponseCodec.decode(AbstractHttpResponseCodec.java:45)
	at org.openqa.selenium.remote.HttpCommandExecutor.execute(HttpCommandExecutor.java:164)
	at org.openqa.selenium.remote.service.DriverCommandExecutor.execute(DriverCommandExecutor.java:82)
	at org.openqa.selenium.remote.RemoteWebDriver.execute(RemoteWebDriver.java:641)
	at org.openqa.selenium.remote.RemoteWebDriver.findElement(RemoteWebDriver.java:414)
	at org.openqa.selenium.remote.RemoteWebDriver.findElementByXPath(RemoteWebDriver.java:513)
	at org.openqa.selenium.By$ByXPath.findElement(By.java:361)
	at org.openqa.selenium.remote.RemoteWebDriver.findElement(RemoteWebDriver.java:406)
	at com.test.WrapperClass.assertTextXpath(WrapperClass.java:1292)
	at com.test.AddAssetTestcases.Testing_ComponentGrouping_CreateAsset(AddAssetTestcases.java:1576)
... Removed 29 stack frames]]>
    </failure>
  </testcase> <!-- Testing_ComponentGrouping_CreateAsset -->
  <testcase name="Disable_sunset_Status_CreateAsset" time="105.186" classname="com.test.AddAssetTestcases"/>
  <testcase name="Prepoduction_Staus_CreateAsset" time="64.83" classname="com.test.AddAssetTestcases"/>
  <testcase name="EditBtn_AssetInventoryList" time="84.072" classname="com.test.AddAssetTestcases">
    <failure type="java.lang.AssertionError" message="expected [true] but found [false]">
      <![CDATA[java.lang.AssertionError: expected [true] but found [false]
	at com.test.WrapperClass.assertTextXpath(WrapperClass.java:1293)
	at com.test.AddAssetTestcases.EditBtn_AssetInventoryList(AddAssetTestcases.java:1930)
... Removed 29 stack frames]]>
    </failure>
  </testcase> <!-- EditBtn_AssetInventoryList -->
  <testcase name="DeleteBtn_AssetInventoryList" time="48.151" classname="com.test.AddAssetTestcases"/>
  <testcase name="ExportBtn_AssetInventoryList" time="36.793" classname="com.test.AddAssetTestcases"/>
  <testcase name="ColumnHeader_AssetInventoryList" time="39.824" classname="com.test.AddAssetTestcases"/>
  <testcase name="Search_AssetInventoryList" time="24.472" classname="com.test.AddAssetTestcases"/>
  <testcase name="Sorting_AssetInventoryList" time="61.175" classname="com.test.AddAssetTestcases"/>
  <testcase name="NavigationPage_AssetInventoryImport" time="18.213" classname="com.test.AddAssetTestcases"/>
  <testcase name="PageHearder_AssetInventoryImport" time="14.133" classname="com.test.AddAssetTestcases"/>
  <testcase name="PanelBar_AssetInventoryImport" time="10.161" classname="com.test.AddAssetTestcases"/>
  <testcase name="PageLevelHelp_AssetInventoryImport" time="18.419" classname="com.test.AddAssetTestcases"/>
  <testcase name="RiskManagementMap_AssetInventoryImport" time="18.299" classname="com.test.AddAssetTestcases"/>
  <testcase name="Download_AssetInventoryImport" time="7.443" classname="com.test.AddAssetTestcases"/>
  <testcase name="EmptyImport_AssetInventoryImport" time="47.757" classname="com.test.AddAssetTestcases"/>
  <testcase name="InValidImportFiles_AssetInventoryImport" time="95.61" classname="com.test.AddAssetTestcases"/>
  <testcase name="ValidImport_AssetInventoryImport" time="347.327" classname="com.test.AddAssetTestcases"/>
  <testcase name="NavigatePage_RiskQuestionnaireList" time="59.907" classname="com.test.RiskDeterminationTestcase"/>
  <testcase name="PageHearder_RiskQuestionnaireList" time="7.263" classname="com.test.RiskDeterminationTestcase"/>
  <testcase name="PanelBar_RiskQuestionnaireList" time="9.252" classname="com.test.RiskDeterminationTestcase"/>
  <testcase name="PageLevelHelp_RiskQuestionnaireList" time="9.306" classname="com.test.RiskDeterminationTestcase"/>
  <testcase name="RiskManagementMap_RiskQuestionnaireList" time="9.444" classname="com.test.RiskDeterminationTestcase"/>
  <testcase name="AllFields_RiskQuestionnaireList" time="15.308" classname="com.test.RiskDeterminationTestcase"/>
  <testcase name="QuickFilter_RiskQuestionnaireList" time="38.545" classname="com.test.RiskDeterminationTestcase"/>
  <testcase name="Filters_RiskQuestionnaireList" time="59.801" classname="com.test.RiskDeterminationTestcase"/>
  <testcase name="Export_RiskQuestionnaireList" time="83.655" classname="com.test.RiskDeterminationTestcase"/>
  <testcase name="ProgressBar_ColumnHeaders_RiskQuestionnaireList" time="30.993" classname="com.test.RiskDeterminationTestcase"/>
  <testcase name="RiskAnalyst_RiskQuestionnaireList" time="123.29" classname="com.test.RiskDeterminationTestcase">
    <failure type="org.openqa.selenium.NoSuchElementException" message="no such element: Unable to locate element: {&amp;quot;method&amp;quot;:&amp;quot;xpath&amp;quot;,&amp;quot;selector&amp;quot;:&amp;quot;//*[@id=&amp;apos;content&amp;apos;]/tr[2]/td[5]/div/cw-risk-analyst-choices/select/option[3]&amp;quot;}
  (Session info: chrome=73.0.3683.86)
  (Driver info: chromedriver=2.41.578737 (49da6702b16031c40d63e5618de03a32ff6c197e),platform=Windows NT 6.3.9600 x86_64) (WARNING: The server did not provide any stacktrace information)
Command duration or timeout: 0 milliseconds
For documentation on this error, please visit: http://seleniumhq.org/exceptions/no_such_element.html
Build info: version: &amp;apos;unknown&amp;apos;, revision: &amp;apos;unknown&amp;apos;, time: &amp;apos;unknown&amp;apos;
System info: host: &amp;apos;DELL&amp;apos;, ip: &amp;apos;192.168.43.138&amp;apos;, os.name: &amp;apos;Windows 8.1&amp;apos;, os.arch: &amp;apos;amd64&amp;apos;, os.version: &amp;apos;6.3&amp;apos;, java.version: &amp;apos;1.8.0_181&amp;apos;
Driver info: org.openqa.selenium.chrome.ChromeDriver
Capabilities [{mobileEmulationEnabled=false, hasTouchScreen=false, platform=WIN8_1, acceptSslCerts=false, goog:chromeOptions={debuggerAddress=localhost:53292}, acceptInsecureCerts=false, webStorageEnabled=true, browserName=chrome, takesScreenshot=true, javascriptEnabled=true, setWindowRect=true, unexpectedAlertBehaviour=, applicationCacheEnabled=false, rotatable=false, networkConnectionEnabled=false, chrome={chromedriverVersion=2.41.578737 (49da6702b16031c40d63e5618de03a32ff6c197e), userDataDir=C:\Users\User\AppData\Local\Temp\scoped_dir4856_27497}, takesHeapSnapshot=true, pageLoadStrategy=normal, unhandledPromptBehavior=, databaseEnabled=false, handlesAlerts=true, version=73.0.3683.86, browserConnectionEnabled=false, nativeEvents=true, locationContextEnabled=true, cssSelectorsEnabled=true}]
Session ID: e4a82321ffc1ddc9999715addbded90f
*** Element info: {Using=xpath, value=//*[@id=&amp;apos;content&amp;apos;]/tr[2]/td[5]/div/cw-risk-analyst-choices/select/option[3]}">
      <![CDATA[org.openqa.selenium.NoSuchElementException: no such element: Unable to locate element: {"method":"xpath","selector":"//*[@id='content']/tr[2]/td[5]/div/cw-risk-analyst-choices/select/option[3]"}
  (Session info: chrome=73.0.3683.86)
  (Driver info: chromedriver=2.41.578737 (49da6702b16031c40d63e5618de03a32ff6c197e),platform=Windows NT 6.3.9600 x86_64) (WARNING: The server did not provide any stacktrace information)
Command duration or timeout: 0 milliseconds
For documentation on this error, please visit: http://seleniumhq.org/exceptions/no_such_element.html
Build info: version: 'unknown', revision: 'unknown', time: 'unknown'
System info: host: 'DELL', ip: '192.168.43.138', os.name: 'Windows 8.1', os.arch: 'amd64', os.version: '6.3', java.version: '1.8.0_181'
Driver info: org.openqa.selenium.chrome.ChromeDriver
Capabilities [{mobileEmulationEnabled=false, hasTouchScreen=false, platform=WIN8_1, acceptSslCerts=false, goog:chromeOptions={debuggerAddress=localhost:53292}, acceptInsecureCerts=false, webStorageEnabled=true, browserName=chrome, takesScreenshot=true, javascriptEnabled=true, setWindowRect=true, unexpectedAlertBehaviour=, applicationCacheEnabled=false, rotatable=false, networkConnectionEnabled=false, chrome={chromedriverVersion=2.41.578737 (49da6702b16031c40d63e5618de03a32ff6c197e), userDataDir=C:\Users\User\AppData\Local\Temp\scoped_dir4856_27497}, takesHeapSnapshot=true, pageLoadStrategy=normal, unhandledPromptBehavior=, databaseEnabled=false, handlesAlerts=true, version=73.0.3683.86, browserConnectionEnabled=false, nativeEvents=true, locationContextEnabled=true, cssSelectorsEnabled=true}]
Session ID: e4a82321ffc1ddc9999715addbded90f
*** Element info: {Using=xpath, value=//*[@id='content']/tr[2]/td[5]/div/cw-risk-analyst-choices/select/option[3]}
	at org.openqa.selenium.remote.ErrorHandler.createThrowable(ErrorHandler.java:215)
	at org.openqa.selenium.remote.ErrorHandler.throwIfResponseFailed(ErrorHandler.java:167)
	at org.openqa.selenium.remote.http.JsonHttpResponseCodec.reconstructValue(JsonHttpResponseCodec.java:40)
	at org.openqa.selenium.remote.http.AbstractHttpResponseCodec.decode(AbstractHttpResponseCodec.java:82)
	at org.openqa.selenium.remote.http.AbstractHttpResponseCodec.decode(AbstractHttpResponseCodec.java:45)
	at org.openqa.selenium.remote.HttpCommandExecutor.execute(HttpCommandExecutor.java:164)
	at org.openqa.selenium.remote.service.DriverCommandExecutor.execute(DriverCommandExecutor.java:82)
	at org.openqa.selenium.remote.RemoteWebDriver.execute(RemoteWebDriver.java:641)
	at org.openqa.selenium.remote.RemoteWebDriver.findElement(RemoteWebDriver.java:414)
	at org.openqa.selenium.remote.RemoteWebDriver.findElementByXPath(RemoteWebDriver.java:513)
	at org.openqa.selenium.By$ByXPath.findElement(By.java:361)
	at org.openqa.selenium.remote.RemoteWebDriver.findElement(RemoteWebDriver.java:406)
	at com.test.WrapperClass.clickByXpath(WrapperClass.java:568)
	at com.test.RiskDeterminationTestcase.RiskAnalyst_RiskQuestionnaireList(RiskDeterminationTestcase.java:3300)
... Removed 29 stack frames]]>
    </failure>
  </testcase> <!-- RiskAnalyst_RiskQuestionnaireList -->
  <testcase name="Sorting_RiskdeterminationList" time="115.021" classname="com.test.RiskDeterminationTestcase"/>
  <testcase name="NavigatePage_ControlsGlobalMedia" time="26.568" classname="com.test.ControlsGlobalMediaTestcases"/>
  <testcase name="PageHearder_ControlsGlobalMedia" time="7.336" classname="com.test.ControlsGlobalMediaTestcases"/>
  <testcase name="PanelBar_ControlsGlobalMedia" time="6.109" classname="com.test.ControlsGlobalMediaTestcases"/>
  <testcase name="PageLevelHelp_ControlsGlobalMedia" time="9.467" classname="com.test.ControlsGlobalMediaTestcases"/>
  <testcase name="RiskManagementMap_ControlsGlobalMedia" time="9.408" classname="com.test.ControlsGlobalMediaTestcases"/>
  <testcase name="ExpandControls_ControlsGlobalMedia" time="11.336" classname="com.test.ControlsGlobalMediaTestcases"/>
  <testcase name="SelectResponse_ControlsGlobalMedia" time="159.723" classname="com.test.ControlsGlobalMediaTestcases"/>
  <testcase name="ClearResponse_ControlsGlobalMedia" time="14.59" classname="com.test.ControlsGlobalMediaTestcases"/>
  <testcase name="Notes_ControlsGlobalMedia" time="29.946" classname="com.test.ControlsGlobalMediaTestcases"/>
  <testcase name="QuickFilter_ControlsGlobalMedia" time="77.348" classname="com.test.ControlsGlobalMediaTestcases"/>
  <testcase name="Export_ControlsGlobalMedia" time="54.826" classname="com.test.ControlsGlobalMediaTestcases"/>
  <testcase name="Icons_ControlsGlobalMedia" time="22.012" classname="com.test.ControlsGlobalMediaTestcases"/>
  <testcase name="Autoloading_ControlsGlobalMedia" time="3.801" classname="com.test.ControlsGlobalMediaTestcases"/>
  <testcase name="NavigatePage_ControlReview" time="193.682" classname="com.test.ControlReviewTestcases"/>
  <testcase name="PageHearder_ControlReview" time="7.341" classname="com.test.ControlReviewTestcases"/>
  <testcase name="PanelBar_ControlReview" time="6.186" classname="com.test.ControlReviewTestcases"/>
  <testcase name="PageLevelHelp_ControlReview" time="9.603" classname="com.test.ControlReviewTestcases"/>
  <testcase name="RiskManagementMap_ControlReview" time="9.645" classname="com.test.ControlReviewTestcases"/>
  <testcase name="Notes_ControlReview" time="42.195" classname="com.test.ControlReviewTestcases"/>
  <testcase name="ClearResponse_ControlReview" time="26.437" classname="com.test.ControlReviewTestcases"/>
  <testcase name="SelectResponse_ControlReview" time="26.89" classname="com.test.ControlReviewTestcases"/>
  <testcase name="QuickFilter_ControlReview" time="404.805" classname="com.test.ControlReviewTestcases"/>
  <testcase name="Export_ControlsReview" time="278.739" classname="com.test.ControlReviewTestcases"/>
  <testcase name="NIST_ControlsReview" time="16.23" classname="com.test.ControlReviewTestcases">
    <failure type="org.openqa.selenium.WebDriverException" message="unknown error: Element &amp;lt;span class=&amp;quot;btn btn-primary btn-xs&amp;quot; ng-click=&amp;quot;showDialog()&amp;quot; data-toggle=&amp;quot;tooltip&amp;quot; data-container=&amp;quot;body&amp;quot; title=&amp;quot;View mapping to ... Special Publication 800-53, Revision 4, Security and Privacy Controls for Federal Information Systems and Organizations&amp;quot; data-placement=&amp;quot;auto&amp;quot;&amp;gt;NIST&amp;lt;/span&amp;gt; is not clickable at point (615, 367). Other element would receive the click: &amp;lt;div ng-if=&amp;quot;filter.type == &amp;apos;select&amp;apos;&amp;quot; class=&amp;quot;ng-scope&amp;quot;&amp;gt;...&amp;lt;/div&amp;gt;
  (Session info: chrome=73.0.3683.86)
  (Driver info: chromedriver=2.41.578737 (49da6702b16031c40d63e5618de03a32ff6c197e),platform=Windows NT 6.3.9600 x86_64) (WARNING: The server did not provide any stacktrace information)
Command duration or timeout: 0 milliseconds
Build info: version: &amp;apos;unknown&amp;apos;, revision: &amp;apos;unknown&amp;apos;, time: &amp;apos;unknown&amp;apos;
System info: host: &amp;apos;DELL&amp;apos;, ip: &amp;apos;192.168.43.138&amp;apos;, os.name: &amp;apos;Windows 8.1&amp;apos;, os.arch: &amp;apos;amd64&amp;apos;, os.version: &amp;apos;6.3&amp;apos;, java.version: &amp;apos;1.8.0_181&amp;apos;
Driver info: org.openqa.selenium.chrome.ChromeDriver
Capabilities [{mobileEmulationEnabled=false, hasTouchScreen=false, platform=WIN8_1, acceptSslCerts=false, goog:chromeOptions={debuggerAddress=localhost:53292}, acceptInsecureCerts=false, webStorageEnabled=true, browserName=chrome, takesScreenshot=true, javascriptEnabled=true, setWindowRect=true, unexpectedAlertBehaviour=, applicationCacheEnabled=false, rotatable=false, networkConnectionEnabled=false, chrome={chromedriverVersion=2.41.578737 (49da6702b16031c40d63e5618de03a32ff6c197e), userDataDir=C:\Users\User\AppData\Local\Temp\scoped_dir4856_27497}, takesHeapSnapshot=true, pageLoadStrategy=normal, unhandledPromptBehavior=, databaseEnabled=false, handlesAlerts=true, version=73.0.3683.86, browserConnectionEnabled=false, nativeEvents=true, locationContextEnabled=true, cssSelectorsEnabled=true}]
Session ID: e4a82321ffc1ddc9999715addbded90f">
      <![CDATA[org.openqa.selenium.WebDriverException: unknown error: Element <span class="btn btn-primary btn-xs" ng-click="showDialog()" data-toggle="tooltip" data-container="body" title="View mapping to ... Special Publication 800-53, Revision 4, Security and Privacy Controls for Federal Information Systems and Organizations" data-placement="auto">NIST</span> is not clickable at point (615, 367). Other element would receive the click: <div ng-if="filter.type == 'select'" class="ng-scope">...</div>
  (Session info: chrome=73.0.3683.86)
  (Driver info: chromedriver=2.41.578737 (49da6702b16031c40d63e5618de03a32ff6c197e),platform=Windows NT 6.3.9600 x86_64) (WARNING: The server did not provide any stacktrace information)
Command duration or timeout: 0 milliseconds
Build info: version: 'unknown', revision: 'unknown', time: 'unknown'
System info: host: 'DELL', ip: '192.168.43.138', os.name: 'Windows 8.1', os.arch: 'amd64', os.version: '6.3', java.version: '1.8.0_181'
Driver info: org.openqa.selenium.chrome.ChromeDriver
Capabilities [{mobileEmulationEnabled=false, hasTouchScreen=false, platform=WIN8_1, acceptSslCerts=false, goog:chromeOptions={debuggerAddress=localhost:53292}, acceptInsecureCerts=false, webStorageEnabled=true, browserName=chrome, takesScreenshot=true, javascriptEnabled=true, setWindowRect=true, unexpectedAlertBehaviour=, applicationCacheEnabled=false, rotatable=false, networkConnectionEnabled=false, chrome={chromedriverVersion=2.41.578737 (49da6702b16031c40d63e5618de03a32ff6c197e), userDataDir=C:\Users\User\AppData\Local\Temp\scoped_dir4856_27497}, takesHeapSnapshot=true, pageLoadStrategy=normal, unhandledPromptBehavior=, databaseEnabled=false, handlesAlerts=true, version=73.0.3683.86, browserConnectionEnabled=false, nativeEvents=true, locationContextEnabled=true, cssSelectorsEnabled=true}]
Session ID: e4a82321ffc1ddc9999715addbded90f
	at org.openqa.selenium.remote.ErrorHandler.createThrowable(ErrorHandler.java:215)
	at org.openqa.selenium.remote.ErrorHandler.throwIfResponseFailed(ErrorHandler.java:167)
	at org.openqa.selenium.remote.http.JsonHttpResponseCodec.reconstructValue(JsonHttpResponseCodec.java:40)
	at org.openqa.selenium.remote.http.AbstractHttpResponseCodec.decode(AbstractHttpResponseCodec.java:82)
	at org.openqa.selenium.remote.http.AbstractHttpResponseCodec.decode(AbstractHttpResponseCodec.java:45)
	at org.openqa.selenium.remote.HttpCommandExecutor.execute(HttpCommandExecutor.java:164)
	at org.openqa.selenium.remote.service.DriverCommandExecutor.execute(DriverCommandExecutor.java:82)
	at org.openqa.selenium.remote.RemoteWebDriver.execute(RemoteWebDriver.java:641)
	at org.openqa.selenium.remote.RemoteWebElement.execute(RemoteWebElement.java:275)
	at org.openqa.selenium.remote.RemoteWebElement.click(RemoteWebElement.java:82)
	at com.test.WrapperClass.clickByXpath(WrapperClass.java:568)
	at com.test.ControlReviewTestcases.NIST_ControlsReview(ControlReviewTestcases.java:579)
... Removed 29 stack frames]]>
    </failure>
  </testcase> <!-- NIST_ControlsReview -->
  <testcase name="Autoloading_ControlsGlobalMedia" time="19.313" classname="com.test.ControlReviewTestcases"/>
  <testcase name="NavigatePage_RatingReview" time="35.593" classname="com.test.RatingReviewTestcases"/>
  <testcase name="PageHearder_RatingReview" time="20.326" classname="com.test.RatingReviewTestcases"/>
  <testcase name="PanelBar_RatingReview" time="6.235" classname="com.test.RatingReviewTestcases"/>
  <testcase name="PageLevelHelp_RatingReview" time="9.411" classname="com.test.RatingReviewTestcases"/>
  <testcase name="RiskManagementMap_RatingReview" time="14.388" classname="com.test.RatingReviewTestcases"/>
  <testcase name="ScenarioAdvisory_RatingReview" time="43.183" classname="com.test.RatingReviewTestcases"/>
  <testcase name="Vulnerabilitylink_RatingReview" time="39.418" classname="com.test.RatingReviewTestcases"/>
  <testcase name="ContextHelpIcon_RatingReview" time="16.286" classname="com.test.RatingReviewTestcases"/>
  <testcase name="Notes_RatingReview" time="24.268" classname="com.test.RatingReviewTestcases"/>
  <testcase name="QuickFilter_RatingReview" time="58.115" classname="com.test.RatingReviewTestcases"/>
  <testcase name="Export_RatingReview" time="48.608" classname="com.test.RatingReviewTestcases"/>
  <testcase name="ClearResponse_RatingReview" time="39.421" classname="com.test.RatingReviewTestcases"/>
  <testcase name="NavigatePage_RiskResponseList" time="44.195" classname="com.test.RiskResponseListNew"/>
  <testcase name="PageHearder_RiskResponseList" time="10.297" classname="com.test.RiskResponseListNew"/>
  <testcase name="PanelBar_RiskResponseList" time="9.092" classname="com.test.RiskResponseListNew"/>
  <testcase name="PageLevelHelp_RiskResponseList" time="18.391" classname="com.test.RiskResponseListNew"/>
  <testcase name="RiskManagementMap_RiskResponseList" time="18.321" classname="com.test.RiskResponseListNew"/>
  <testcase name="RiskTreatment_RiskResponseist" time="42.992" classname="com.test.RiskResponseListNew"/>
  <testcase name="RiskOwner_RiskResponseist" time="24.827" classname="com.test.RiskResponseListNew"/>
  <testcase name="EmailArrowIcon_RiskResponseist" time="22.38" classname="com.test.RiskResponseListNew"/>
  <testcase name="Action_RiskResponseist" time="41.661" classname="com.test.RiskResponseListNew"/>
  <testcase name="Global_RiskResponseist" time="12.35" classname="com.test.RiskResponseListNew"/>
  <testcase name="ImplementationManager_RiskResponseist" time="32.688" classname="com.test.RiskResponseListNew"/>
  <testcase name="ArrowIcon_RiskResponseist" time="22.353" classname="com.test.RiskResponseListNew"/>
  <testcase name="Date_RiskResponseist" time="128.158" classname="com.test.RiskResponseListNew">
    <failure type="org.openqa.selenium.NoSuchElementException" message="no such element: Unable to locate element: {&amp;quot;method&amp;quot;:&amp;quot;xpath&amp;quot;,&amp;quot;selector&amp;quot;:&amp;quot;//td[17]/div/cw-date-field/div/input&amp;quot;}
  (Session info: chrome=73.0.3683.86)
  (Driver info: chromedriver=2.41.578737 (49da6702b16031c40d63e5618de03a32ff6c197e),platform=Windows NT 6.3.9600 x86_64) (WARNING: The server did not provide any stacktrace information)
Command duration or timeout: 0 milliseconds
For documentation on this error, please visit: http://seleniumhq.org/exceptions/no_such_element.html
Build info: version: &amp;apos;unknown&amp;apos;, revision: &amp;apos;unknown&amp;apos;, time: &amp;apos;unknown&amp;apos;
System info: host: &amp;apos;DELL&amp;apos;, ip: &amp;apos;192.168.43.138&amp;apos;, os.name: &amp;apos;Windows 8.1&amp;apos;, os.arch: &amp;apos;amd64&amp;apos;, os.version: &amp;apos;6.3&amp;apos;, java.version: &amp;apos;1.8.0_181&amp;apos;
Driver info: org.openqa.selenium.chrome.ChromeDriver
Capabilities [{mobileEmulationEnabled=false, hasTouchScreen=false, platform=WIN8_1, acceptSslCerts=false, goog:chromeOptions={debuggerAddress=localhost:53292}, acceptInsecureCerts=false, webStorageEnabled=true, browserName=chrome, takesScreenshot=true, javascriptEnabled=true, setWindowRect=true, unexpectedAlertBehaviour=, applicationCacheEnabled=false, rotatable=false, networkConnectionEnabled=false, chrome={chromedriverVersion=2.41.578737 (49da6702b16031c40d63e5618de03a32ff6c197e), userDataDir=C:\Users\User\AppData\Local\Temp\scoped_dir4856_27497}, takesHeapSnapshot=true, pageLoadStrategy=normal, unhandledPromptBehavior=, databaseEnabled=false, handlesAlerts=true, version=73.0.3683.86, browserConnectionEnabled=false, nativeEvents=true, locationContextEnabled=true, cssSelectorsEnabled=true}]
Session ID: e4a82321ffc1ddc9999715addbded90f
*** Element info: {Using=xpath, value=//td[17]/div/cw-date-field/div/input}">
      <![CDATA[org.openqa.selenium.NoSuchElementException: no such element: Unable to locate element: {"method":"xpath","selector":"//td[17]/div/cw-date-field/div/input"}
  (Session info: chrome=73.0.3683.86)
  (Driver info: chromedriver=2.41.578737 (49da6702b16031c40d63e5618de03a32ff6c197e),platform=Windows NT 6.3.9600 x86_64) (WARNING: The server did not provide any stacktrace information)
Command duration or timeout: 0 milliseconds
For documentation on this error, please visit: http://seleniumhq.org/exceptions/no_such_element.html
Build info: version: 'unknown', revision: 'unknown', time: 'unknown'
System info: host: 'DELL', ip: '192.168.43.138', os.name: 'Windows 8.1', os.arch: 'amd64', os.version: '6.3', java.version: '1.8.0_181'
Driver info: org.openqa.selenium.chrome.ChromeDriver
Capabilities [{mobileEmulationEnabled=false, hasTouchScreen=false, platform=WIN8_1, acceptSslCerts=false, goog:chromeOptions={debuggerAddress=localhost:53292}, acceptInsecureCerts=false, webStorageEnabled=true, browserName=chrome, takesScreenshot=true, javascriptEnabled=true, setWindowRect=true, unexpectedAlertBehaviour=, applicationCacheEnabled=false, rotatable=false, networkConnectionEnabled=false, chrome={chromedriverVersion=2.41.578737 (49da6702b16031c40d63e5618de03a32ff6c197e), userDataDir=C:\Users\User\AppData\Local\Temp\scoped_dir4856_27497}, takesHeapSnapshot=true, pageLoadStrategy=normal, unhandledPromptBehavior=, databaseEnabled=false, handlesAlerts=true, version=73.0.3683.86, browserConnectionEnabled=false, nativeEvents=true, locationContextEnabled=true, cssSelectorsEnabled=true}]
Session ID: e4a82321ffc1ddc9999715addbded90f
*** Element info: {Using=xpath, value=//td[17]/div/cw-date-field/div/input}
	at org.openqa.selenium.remote.ErrorHandler.createThrowable(ErrorHandler.java:215)
	at org.openqa.selenium.remote.ErrorHandler.throwIfResponseFailed(ErrorHandler.java:167)
	at org.openqa.selenium.remote.http.JsonHttpResponseCodec.reconstructValue(JsonHttpResponseCodec.java:40)
	at org.openqa.selenium.remote.http.AbstractHttpResponseCodec.decode(AbstractHttpResponseCodec.java:82)
	at org.openqa.selenium.remote.http.AbstractHttpResponseCodec.decode(AbstractHttpResponseCodec.java:45)
	at org.openqa.selenium.remote.HttpCommandExecutor.execute(HttpCommandExecutor.java:164)
	at org.openqa.selenium.remote.service.DriverCommandExecutor.execute(DriverCommandExecutor.java:82)
	at org.openqa.selenium.remote.RemoteWebDriver.execute(RemoteWebDriver.java:641)
	at org.openqa.selenium.remote.RemoteWebDriver.findElement(RemoteWebDriver.java:414)
	at org.openqa.selenium.remote.RemoteWebDriver.findElementByXPath(RemoteWebDriver.java:513)
	at org.openqa.selenium.By$ByXPath.findElement(By.java:361)
	at org.openqa.selenium.remote.RemoteWebDriver.findElement(RemoteWebDriver.java:406)
	at com.test.WrapperClass.assertTextXpath(WrapperClass.java:1292)
	at com.test.RiskResponseListNew.Date_RiskResponseist(RiskResponseListNew.java:351)
... Removed 29 stack frames]]>
    </failure>
  </testcase> <!-- Date_RiskResponseist -->
  <testcase name="AddedCustomControls_RiskResponseist" time="10.322" classname="com.test.RiskResponseListNew">
    <failure type="org.openqa.selenium.ElementNotVisibleException" message="element not visible
  (Session info: chrome=73.0.3683.86)
  (Driver info: chromedriver=2.41.578737 (49da6702b16031c40d63e5618de03a32ff6c197e),platform=Windows NT 6.3.9600 x86_64) (WARNING: The server did not provide any stacktrace information)
Command duration or timeout: 0 milliseconds
Build info: version: &amp;apos;unknown&amp;apos;, revision: &amp;apos;unknown&amp;apos;, time: &amp;apos;unknown&amp;apos;
System info: host: &amp;apos;DELL&amp;apos;, ip: &amp;apos;192.168.43.138&amp;apos;, os.name: &amp;apos;Windows 8.1&amp;apos;, os.arch: &amp;apos;amd64&amp;apos;, os.version: &amp;apos;6.3&amp;apos;, java.version: &amp;apos;1.8.0_181&amp;apos;
Driver info: org.openqa.selenium.chrome.ChromeDriver
Capabilities [{mobileEmulationEnabled=false, hasTouchScreen=false, platform=WIN8_1, acceptSslCerts=false, goog:chromeOptions={debuggerAddress=localhost:53292}, acceptInsecureCerts=false, webStorageEnabled=true, browserName=chrome, takesScreenshot=true, javascriptEnabled=true, setWindowRect=true, unexpectedAlertBehaviour=, applicationCacheEnabled=false, rotatable=false, networkConnectionEnabled=false, chrome={chromedriverVersion=2.41.578737 (49da6702b16031c40d63e5618de03a32ff6c197e), userDataDir=C:\Users\User\AppData\Local\Temp\scoped_dir4856_27497}, takesHeapSnapshot=true, pageLoadStrategy=normal, unhandledPromptBehavior=, databaseEnabled=false, handlesAlerts=true, version=73.0.3683.86, browserConnectionEnabled=false, nativeEvents=true, locationContextEnabled=true, cssSelectorsEnabled=true}]
Session ID: e4a82321ffc1ddc9999715addbded90f">
      <![CDATA[org.openqa.selenium.ElementNotVisibleException: element not visible
  (Session info: chrome=73.0.3683.86)
  (Driver info: chromedriver=2.41.578737 (49da6702b16031c40d63e5618de03a32ff6c197e),platform=Windows NT 6.3.9600 x86_64) (WARNING: The server did not provide any stacktrace information)
Command duration or timeout: 0 milliseconds
Build info: version: 'unknown', revision: 'unknown', time: 'unknown'
System info: host: 'DELL', ip: '192.168.43.138', os.name: 'Windows 8.1', os.arch: 'amd64', os.version: '6.3', java.version: '1.8.0_181'
Driver info: org.openqa.selenium.chrome.ChromeDriver
Capabilities [{mobileEmulationEnabled=false, hasTouchScreen=false, platform=WIN8_1, acceptSslCerts=false, goog:chromeOptions={debuggerAddress=localhost:53292}, acceptInsecureCerts=false, webStorageEnabled=true, browserName=chrome, takesScreenshot=true, javascriptEnabled=true, setWindowRect=true, unexpectedAlertBehaviour=, applicationCacheEnabled=false, rotatable=false, networkConnectionEnabled=false, chrome={chromedriverVersion=2.41.578737 (49da6702b16031c40d63e5618de03a32ff6c197e), userDataDir=C:\Users\User\AppData\Local\Temp\scoped_dir4856_27497}, takesHeapSnapshot=true, pageLoadStrategy=normal, unhandledPromptBehavior=, databaseEnabled=false, handlesAlerts=true, version=73.0.3683.86, browserConnectionEnabled=false, nativeEvents=true, locationContextEnabled=true, cssSelectorsEnabled=true}]
Session ID: e4a82321ffc1ddc9999715addbded90f
	at org.openqa.selenium.remote.ErrorHandler.createThrowable(ErrorHandler.java:215)
	at org.openqa.selenium.remote.ErrorHandler.throwIfResponseFailed(ErrorHandler.java:167)
	at org.openqa.selenium.remote.http.JsonHttpResponseCodec.reconstructValue(JsonHttpResponseCodec.java:40)
	at org.openqa.selenium.remote.http.AbstractHttpResponseCodec.decode(AbstractHttpResponseCodec.java:82)
	at org.openqa.selenium.remote.http.AbstractHttpResponseCodec.decode(AbstractHttpResponseCodec.java:45)
	at org.openqa.selenium.remote.HttpCommandExecutor.execute(HttpCommandExecutor.java:164)
	at org.openqa.selenium.remote.service.DriverCommandExecutor.execute(DriverCommandExecutor.java:82)
	at org.openqa.selenium.remote.RemoteWebDriver.execute(RemoteWebDriver.java:641)
	at org.openqa.selenium.remote.RemoteWebElement.execute(RemoteWebElement.java:275)
	at org.openqa.selenium.remote.RemoteWebElement.click(RemoteWebElement.java:82)
	at com.test.WrapperClass.clickByXpath(WrapperClass.java:568)
	at com.test.RiskResponseListNew.AddedCustomControls_RiskResponseist(RiskResponseListNew.java:470)
... Removed 29 stack frames]]>
    </failure>
  </testcase> <!-- AddedCustomControls_RiskResponseist -->
  <testcase name="MultiSelectCheckBox_Action_RiskResponseist" time="26.574" classname="com.test.RiskResponseListNew"/>
  <testcase name="MultiSelectCheckBox_ImplementationManager_RiskResponseist" time="16.744" classname="com.test.RiskResponseListNew">
    <failure type="java.lang.AssertionError" message="expected [true] but found [false]">
      <![CDATA[java.lang.AssertionError: expected [true] but found [false]
	at com.test.WrapperClass.assertTextXpath(WrapperClass.java:1293)
	at com.test.RiskResponseListNew.MultiSelectCheckBox_ImplementationManager_RiskResponseist(RiskResponseListNew.java:527)
... Removed 29 stack frames]]>
    </failure>
  </testcase> <!-- MultiSelectCheckBox_ImplementationManager_RiskResponseist -->
  <testcase name="MultiSelectCheckBox_Date_RiskResponseist" time="37.148" classname="com.test.RiskResponseListNew"/>
  <testcase name="ApproveCheckBox_RiskResponseist" time="43.163" classname="com.test.RiskResponseListNew"/>
  <testcase name="TreatEvaluate_RiskResponseist" time="56.64" classname="com.test.RiskResponseListNew"/>
  <testcase name="RiskAction_RiskResponseist" time="30.007" classname="com.test.RiskResponseListNew">
    <failure type="org.openqa.selenium.WebDriverException" message="unknown error: cannot focus element
  (Session info: chrome=73.0.3683.86)
  (Driver info: chromedriver=2.41.578737 (49da6702b16031c40d63e5618de03a32ff6c197e),platform=Windows NT 6.3.9600 x86_64) (WARNING: The server did not provide any stacktrace information)
Command duration or timeout: 0 milliseconds
Build info: version: &amp;apos;unknown&amp;apos;, revision: &amp;apos;unknown&amp;apos;, time: &amp;apos;unknown&amp;apos;
System info: host: &amp;apos;DELL&amp;apos;, ip: &amp;apos;192.168.43.138&amp;apos;, os.name: &amp;apos;Windows 8.1&amp;apos;, os.arch: &amp;apos;amd64&amp;apos;, os.version: &amp;apos;6.3&amp;apos;, java.version: &amp;apos;1.8.0_181&amp;apos;
Driver info: org.openqa.selenium.chrome.ChromeDriver
Capabilities [{mobileEmulationEnabled=false, hasTouchScreen=false, platform=WIN8_1, acceptSslCerts=false, goog:chromeOptions={debuggerAddress=localhost:53292}, acceptInsecureCerts=false, webStorageEnabled=true, browserName=chrome, takesScreenshot=true, javascriptEnabled=true, setWindowRect=true, unexpectedAlertBehaviour=, applicationCacheEnabled=false, rotatable=false, networkConnectionEnabled=false, chrome={chromedriverVersion=2.41.578737 (49da6702b16031c40d63e5618de03a32ff6c197e), userDataDir=C:\Users\User\AppData\Local\Temp\scoped_dir4856_27497}, takesHeapSnapshot=true, pageLoadStrategy=normal, unhandledPromptBehavior=, databaseEnabled=false, handlesAlerts=true, version=73.0.3683.86, browserConnectionEnabled=false, nativeEvents=true, locationContextEnabled=true, cssSelectorsEnabled=true}]
Session ID: e4a82321ffc1ddc9999715addbded90f">
      <![CDATA[org.openqa.selenium.WebDriverException: unknown error: cannot focus element
  (Session info: chrome=73.0.3683.86)
  (Driver info: chromedriver=2.41.578737 (49da6702b16031c40d63e5618de03a32ff6c197e),platform=Windows NT 6.3.9600 x86_64) (WARNING: The server did not provide any stacktrace information)
Command duration or timeout: 0 milliseconds
Build info: version: 'unknown', revision: 'unknown', time: 'unknown'
System info: host: 'DELL', ip: '192.168.43.138', os.name: 'Windows 8.1', os.arch: 'amd64', os.version: '6.3', java.version: '1.8.0_181'
Driver info: org.openqa.selenium.chrome.ChromeDriver
Capabilities [{mobileEmulationEnabled=false, hasTouchScreen=false, platform=WIN8_1, acceptSslCerts=false, goog:chromeOptions={debuggerAddress=localhost:53292}, acceptInsecureCerts=false, webStorageEnabled=true, browserName=chrome, takesScreenshot=true, javascriptEnabled=true, setWindowRect=true, unexpectedAlertBehaviour=, applicationCacheEnabled=false, rotatable=false, networkConnectionEnabled=false, chrome={chromedriverVersion=2.41.578737 (49da6702b16031c40d63e5618de03a32ff6c197e), userDataDir=C:\Users\User\AppData\Local\Temp\scoped_dir4856_27497}, takesHeapSnapshot=true, pageLoadStrategy=normal, unhandledPromptBehavior=, databaseEnabled=false, handlesAlerts=true, version=73.0.3683.86, browserConnectionEnabled=false, nativeEvents=true, locationContextEnabled=true, cssSelectorsEnabled=true}]
Session ID: e4a82321ffc1ddc9999715addbded90f
	at org.openqa.selenium.remote.ErrorHandler.createThrowable(ErrorHandler.java:215)
	at org.openqa.selenium.remote.ErrorHandler.throwIfResponseFailed(ErrorHandler.java:167)
	at org.openqa.selenium.remote.http.JsonHttpResponseCodec.reconstructValue(JsonHttpResponseCodec.java:40)
	at org.openqa.selenium.remote.http.AbstractHttpResponseCodec.decode(AbstractHttpResponseCodec.java:82)
	at org.openqa.selenium.remote.http.AbstractHttpResponseCodec.decode(AbstractHttpResponseCodec.java:45)
	at org.openqa.selenium.remote.HttpCommandExecutor.execute(HttpCommandExecutor.java:164)
	at org.openqa.selenium.remote.service.DriverCommandExecutor.execute(DriverCommandExecutor.java:82)
	at org.openqa.selenium.remote.RemoteWebDriver.execute(RemoteWebDriver.java:641)
	at org.openqa.selenium.remote.RemoteWebElement.execute(RemoteWebElement.java:275)
	at org.openqa.selenium.remote.RemoteWebElement.sendKeys(RemoteWebElement.java:99)
	at com.test.WrapperClass.sendvaluebyxpath(WrapperClass.java:296)
	at com.test.RiskResponseListNew.RiskAction_RiskResponseist(RiskResponseListNew.java:687)
... Removed 29 stack frames]]>
    </failure>
  </testcase> <!-- RiskAction_RiskResponseist -->
  <testcase name="Reconcilation_RiskResponseist" time="8.131" classname="com.test.RiskResponseListNew">
    <failure type="java.lang.AssertionError" message="expected [true] but found [false]">
      <![CDATA[java.lang.AssertionError: expected [true] but found [false]
	at com.test.WrapperClass.assertTextXpath(WrapperClass.java:1293)
	at com.test.RiskResponseListNew.Reconcilation_RiskResponseist(RiskResponseListNew.java:729)
... Removed 29 stack frames]]>
    </failure>
  </testcase> <!-- Reconcilation_RiskResponseist -->
  <testcase name="ChkEachFields_RiskResponseist" time="18.564" classname="com.test.RiskResponseListNew">
    <failure type="java.lang.AssertionError" message="expected [true] but found [false]">
      <![CDATA[java.lang.AssertionError: expected [true] but found [false]
	at com.test.WrapperClass.assertTextXpath(WrapperClass.java:1293)
	at com.test.RiskResponseListNew.ChkEachFields_RiskResponseist(RiskResponseListNew.java:783)
... Removed 29 stack frames]]>
    </failure>
  </testcase> <!-- ChkEachFields_RiskResponseist -->
  <testcase name="QuickFilter_RiskResponseist" time="0.04" classname="com.test.RiskResponseListNew">
    <failure type="org.openqa.selenium.ElementNotVisibleException" message="element not visible
  (Session info: chrome=73.0.3683.86)
  (Driver info: chromedriver=2.41.578737 (49da6702b16031c40d63e5618de03a32ff6c197e),platform=Windows NT 6.3.9600 x86_64) (WARNING: The server did not provide any stacktrace information)
Command duration or timeout: 0 milliseconds
Build info: version: &amp;apos;unknown&amp;apos;, revision: &amp;apos;unknown&amp;apos;, time: &amp;apos;unknown&amp;apos;
System info: host: &amp;apos;DELL&amp;apos;, ip: &amp;apos;192.168.43.138&amp;apos;, os.name: &amp;apos;Windows 8.1&amp;apos;, os.arch: &amp;apos;amd64&amp;apos;, os.version: &amp;apos;6.3&amp;apos;, java.version: &amp;apos;1.8.0_181&amp;apos;
Driver info: org.openqa.selenium.chrome.ChromeDriver
Capabilities [{mobileEmulationEnabled=false, hasTouchScreen=false, platform=WIN8_1, acceptSslCerts=false, goog:chromeOptions={debuggerAddress=localhost:53292}, acceptInsecureCerts=false, webStorageEnabled=true, browserName=chrome, takesScreenshot=true, javascriptEnabled=true, setWindowRect=true, unexpectedAlertBehaviour=, applicationCacheEnabled=false, rotatable=false, networkConnectionEnabled=false, chrome={chromedriverVersion=2.41.578737 (49da6702b16031c40d63e5618de03a32ff6c197e), userDataDir=C:\Users\User\AppData\Local\Temp\scoped_dir4856_27497}, takesHeapSnapshot=true, pageLoadStrategy=normal, unhandledPromptBehavior=, databaseEnabled=false, handlesAlerts=true, version=73.0.3683.86, browserConnectionEnabled=false, nativeEvents=true, locationContextEnabled=true, cssSelectorsEnabled=true}]
Session ID: e4a82321ffc1ddc9999715addbded90f">
      <![CDATA[org.openqa.selenium.ElementNotVisibleException: element not visible
  (Session info: chrome=73.0.3683.86)
  (Driver info: chromedriver=2.41.578737 (49da6702b16031c40d63e5618de03a32ff6c197e),platform=Windows NT 6.3.9600 x86_64) (WARNING: The server did not provide any stacktrace information)
Command duration or timeout: 0 milliseconds
Build info: version: 'unknown', revision: 'unknown', time: 'unknown'
System info: host: 'DELL', ip: '192.168.43.138', os.name: 'Windows 8.1', os.arch: 'amd64', os.version: '6.3', java.version: '1.8.0_181'
Driver info: org.openqa.selenium.chrome.ChromeDriver
Capabilities [{mobileEmulationEnabled=false, hasTouchScreen=false, platform=WIN8_1, acceptSslCerts=false, goog:chromeOptions={debuggerAddress=localhost:53292}, acceptInsecureCerts=false, webStorageEnabled=true, browserName=chrome, takesScreenshot=true, javascriptEnabled=true, setWindowRect=true, unexpectedAlertBehaviour=, applicationCacheEnabled=false, rotatable=false, networkConnectionEnabled=false, chrome={chromedriverVersion=2.41.578737 (49da6702b16031c40d63e5618de03a32ff6c197e), userDataDir=C:\Users\User\AppData\Local\Temp\scoped_dir4856_27497}, takesHeapSnapshot=true, pageLoadStrategy=normal, unhandledPromptBehavior=, databaseEnabled=false, handlesAlerts=true, version=73.0.3683.86, browserConnectionEnabled=false, nativeEvents=true, locationContextEnabled=true, cssSelectorsEnabled=true}]
Session ID: e4a82321ffc1ddc9999715addbded90f
	at org.openqa.selenium.remote.ErrorHandler.createThrowable(ErrorHandler.java:215)
	at org.openqa.selenium.remote.ErrorHandler.throwIfResponseFailed(ErrorHandler.java:167)
	at org.openqa.selenium.remote.http.JsonHttpResponseCodec.reconstructValue(JsonHttpResponseCodec.java:40)
	at org.openqa.selenium.remote.http.AbstractHttpResponseCodec.decode(AbstractHttpResponseCodec.java:82)
	at org.openqa.selenium.remote.http.AbstractHttpResponseCodec.decode(AbstractHttpResponseCodec.java:45)
	at org.openqa.selenium.remote.HttpCommandExecutor.execute(HttpCommandExecutor.java:164)
	at org.openqa.selenium.remote.service.DriverCommandExecutor.execute(DriverCommandExecutor.java:82)
	at org.openqa.selenium.remote.RemoteWebDriver.execute(RemoteWebDriver.java:641)
	at org.openqa.selenium.remote.RemoteWebElement.execute(RemoteWebElement.java:275)
	at org.openqa.selenium.remote.RemoteWebElement.click(RemoteWebElement.java:82)
	at com.test.WrapperClass.clickByXpath(WrapperClass.java:568)
	at com.test.RiskResponseListNew.QuickFilter_RiskResponseist(RiskResponseListNew.java:812)
... Removed 29 stack frames]]>
    </failure>
  </testcase> <!-- QuickFilter_RiskResponseist -->
  <testcase name="Export_RiskResponseist" time="3.247" classname="com.test.RiskResponseListNew">
    <failure type="org.openqa.selenium.WebDriverException" message="unknown error: Element &amp;lt;button ladda-button=&amp;quot;exportLoading&amp;quot; data-spinner-color=&amp;quot;#00b1e1&amp;quot; data-color=&amp;quot;green&amp;quot; data-style=&amp;quot;zoom-out&amp;quot; class=&amp;quot;btn btn-primary ladda-button btn-stroke dropdown-toggle print-btn&amp;quot; data-toggle=&amp;quot;dropdown&amp;quot; aria-expanded=&amp;quot;false&amp;quot;&amp;gt;...&amp;lt;/button&amp;gt; is not clickable at point (1316, 16). Other element would receive the click: &amp;lt;html lang=&amp;quot;en&amp;quot; data-ng-app=&amp;quot;cwfront&amp;quot; class=&amp;quot;ng-scope&amp;quot;&amp;gt;...&amp;lt;/html&amp;gt;
  (Session info: chrome=73.0.3683.86)
  (Driver info: chromedriver=2.41.578737 (49da6702b16031c40d63e5618de03a32ff6c197e),platform=Windows NT 6.3.9600 x86_64) (WARNING: The server did not provide any stacktrace information)
Command duration or timeout: 0 milliseconds
Build info: version: &amp;apos;unknown&amp;apos;, revision: &amp;apos;unknown&amp;apos;, time: &amp;apos;unknown&amp;apos;
System info: host: &amp;apos;DELL&amp;apos;, ip: &amp;apos;192.168.43.138&amp;apos;, os.name: &amp;apos;Windows 8.1&amp;apos;, os.arch: &amp;apos;amd64&amp;apos;, os.version: &amp;apos;6.3&amp;apos;, java.version: &amp;apos;1.8.0_181&amp;apos;
Driver info: org.openqa.selenium.chrome.ChromeDriver
Capabilities [{mobileEmulationEnabled=false, hasTouchScreen=false, platform=WIN8_1, acceptSslCerts=false, goog:chromeOptions={debuggerAddress=localhost:53292}, acceptInsecureCerts=false, webStorageEnabled=true, browserName=chrome, takesScreenshot=true, javascriptEnabled=true, setWindowRect=true, unexpectedAlertBehaviour=, applicationCacheEnabled=false, rotatable=false, networkConnectionEnabled=false, chrome={chromedriverVersion=2.41.578737 (49da6702b16031c40d63e5618de03a32ff6c197e), userDataDir=C:\Users\User\AppData\Local\Temp\scoped_dir4856_27497}, takesHeapSnapshot=true, pageLoadStrategy=normal, unhandledPromptBehavior=, databaseEnabled=false, handlesAlerts=true, version=73.0.3683.86, browserConnectionEnabled=false, nativeEvents=true, locationContextEnabled=true, cssSelectorsEnabled=true}]
Session ID: e4a82321ffc1ddc9999715addbded90f">
      <![CDATA[org.openqa.selenium.WebDriverException: unknown error: Element <button ladda-button="exportLoading" data-spinner-color="#00b1e1" data-color="green" data-style="zoom-out" class="btn btn-primary ladda-button btn-stroke dropdown-toggle print-btn" data-toggle="dropdown" aria-expanded="false">...</button> is not clickable at point (1316, 16). Other element would receive the click: <html lang="en" data-ng-app="cwfront" class="ng-scope">...</html>
  (Session info: chrome=73.0.3683.86)
  (Driver info: chromedriver=2.41.578737 (49da6702b16031c40d63e5618de03a32ff6c197e),platform=Windows NT 6.3.9600 x86_64) (WARNING: The server did not provide any stacktrace information)
Command duration or timeout: 0 milliseconds
Build info: version: 'unknown', revision: 'unknown', time: 'unknown'
System info: host: 'DELL', ip: '192.168.43.138', os.name: 'Windows 8.1', os.arch: 'amd64', os.version: '6.3', java.version: '1.8.0_181'
Driver info: org.openqa.selenium.chrome.ChromeDriver
Capabilities [{mobileEmulationEnabled=false, hasTouchScreen=false, platform=WIN8_1, acceptSslCerts=false, goog:chromeOptions={debuggerAddress=localhost:53292}, acceptInsecureCerts=false, webStorageEnabled=true, browserName=chrome, takesScreenshot=true, javascriptEnabled=true, setWindowRect=true, unexpectedAlertBehaviour=, applicationCacheEnabled=false, rotatable=false, networkConnectionEnabled=false, chrome={chromedriverVersion=2.41.578737 (49da6702b16031c40d63e5618de03a32ff6c197e), userDataDir=C:\Users\User\AppData\Local\Temp\scoped_dir4856_27497}, takesHeapSnapshot=true, pageLoadStrategy=normal, unhandledPromptBehavior=, databaseEnabled=false, handlesAlerts=true, version=73.0.3683.86, browserConnectionEnabled=false, nativeEvents=true, locationContextEnabled=true, cssSelectorsEnabled=true}]
Session ID: e4a82321ffc1ddc9999715addbded90f
	at org.openqa.selenium.remote.ErrorHandler.createThrowable(ErrorHandler.java:215)
	at org.openqa.selenium.remote.ErrorHandler.throwIfResponseFailed(ErrorHandler.java:167)
	at org.openqa.selenium.remote.http.JsonHttpResponseCodec.reconstructValue(JsonHttpResponseCodec.java:40)
	at org.openqa.selenium.remote.http.AbstractHttpResponseCodec.decode(AbstractHttpResponseCodec.java:82)
	at org.openqa.selenium.remote.http.AbstractHttpResponseCodec.decode(AbstractHttpResponseCodec.java:45)
	at org.openqa.selenium.remote.HttpCommandExecutor.execute(HttpCommandExecutor.java:164)
	at org.openqa.selenium.remote.service.DriverCommandExecutor.execute(DriverCommandExecutor.java:82)
	at org.openqa.selenium.remote.RemoteWebDriver.execute(RemoteWebDriver.java:641)
	at org.openqa.selenium.remote.RemoteWebElement.execute(RemoteWebElement.java:275)
	at org.openqa.selenium.remote.RemoteWebElement.click(RemoteWebElement.java:82)
	at com.test.WrapperClass.clickByXpath(WrapperClass.java:568)
	at com.test.RiskResponseListNew.Export_RiskResponseist(RiskResponseListNew.java:988)
... Removed 29 stack frames]]>
    </failure>
  </testcase> <!-- Export_RiskResponseist -->
  <testcase name="ProgressBar_RiskResponseist" time="369.25" classname="com.test.RiskResponseListNew"/>
  <testcase name="ColumnHeaders_RiskResponseist" time="20.76" classname="com.test.RiskResponseListNew"/>
  <testcase name="Sorting_RiskResponseist" time="32.446" classname="com.test.RiskResponseListNew"/>
  <testcase name="NavigatePage_ControlsResponseReview" time="58.53" classname="com.test.ControlsResponseReviewTestcases"/>
  <testcase name="PageHearder_ControlsResponseReview" time="7.328" classname="com.test.ControlsResponseReviewTestcases"/>
  <testcase name="PanelBar_ControlsResponseReview" time="6.129" classname="com.test.ControlsResponseReviewTestcases"/>
  <testcase name="PageLevelHelp_ControlsResponseReview" time="9.365" classname="com.test.ControlsResponseReviewTestcases"/>
  <testcase name="RiskManagementMap_ControlsResponseReview" time="14.388" classname="com.test.ControlsResponseReviewTestcases"/>
  <testcase name="Functions_ControlsResponseReview" time="57.398" classname="com.test.ControlsResponseReviewTestcases"/>
  <testcase name="Export_ControlsResponseReview" time="45.877" classname="com.test.ControlsResponseReviewTestcases"/>
  <testcase name="QuickFilter_ControlsResponseReview" time="50.789" classname="com.test.ControlsResponseReviewTestcases"/>
  <testcase name="Sorting_ControlsResponseReview" time="46.756" classname="com.test.ControlsResponseReviewTestcases"/>
  <testcase name="NavigatePage_ResidualRatingReview" time="125.029" classname="com.test.ResidualRatingReviewTestcases">
    <failure type="org.openqa.selenium.NoSuchElementException" message="no such element: Unable to locate element: {&amp;quot;method&amp;quot;:&amp;quot;link text&amp;quot;,&amp;quot;selector&amp;quot;:&amp;quot;Residual Rating Review&amp;quot;}
  (Session info: chrome=73.0.3683.86)
  (Driver info: chromedriver=2.41.578737 (49da6702b16031c40d63e5618de03a32ff6c197e),platform=Windows NT 6.3.9600 x86_64) (WARNING: The server did not provide any stacktrace information)
Command duration or timeout: 0 milliseconds
For documentation on this error, please visit: http://seleniumhq.org/exceptions/no_such_element.html
Build info: version: &amp;apos;unknown&amp;apos;, revision: &amp;apos;unknown&amp;apos;, time: &amp;apos;unknown&amp;apos;
System info: host: &amp;apos;DELL&amp;apos;, ip: &amp;apos;192.168.43.138&amp;apos;, os.name: &amp;apos;Windows 8.1&amp;apos;, os.arch: &amp;apos;amd64&amp;apos;, os.version: &amp;apos;6.3&amp;apos;, java.version: &amp;apos;1.8.0_181&amp;apos;
Driver info: org.openqa.selenium.chrome.ChromeDriver
Capabilities [{mobileEmulationEnabled=false, hasTouchScreen=false, platform=WIN8_1, acceptSslCerts=false, goog:chromeOptions={debuggerAddress=localhost:53292}, acceptInsecureCerts=false, webStorageEnabled=true, browserName=chrome, takesScreenshot=true, javascriptEnabled=true, setWindowRect=true, unexpectedAlertBehaviour=, applicationCacheEnabled=false, rotatable=false, networkConnectionEnabled=false, chrome={chromedriverVersion=2.41.578737 (49da6702b16031c40d63e5618de03a32ff6c197e), userDataDir=C:\Users\User\AppData\Local\Temp\scoped_dir4856_27497}, takesHeapSnapshot=true, pageLoadStrategy=normal, unhandledPromptBehavior=, databaseEnabled=false, handlesAlerts=true, version=73.0.3683.86, browserConnectionEnabled=false, nativeEvents=true, locationContextEnabled=true, cssSelectorsEnabled=true}]
Session ID: e4a82321ffc1ddc9999715addbded90f
*** Element info: {Using=link text, value=Residual Rating Review}">
      <![CDATA[org.openqa.selenium.NoSuchElementException: no such element: Unable to locate element: {"method":"link text","selector":"Residual Rating Review"}
  (Session info: chrome=73.0.3683.86)
  (Driver info: chromedriver=2.41.578737 (49da6702b16031c40d63e5618de03a32ff6c197e),platform=Windows NT 6.3.9600 x86_64) (WARNING: The server did not provide any stacktrace information)
Command duration or timeout: 0 milliseconds
For documentation on this error, please visit: http://seleniumhq.org/exceptions/no_such_element.html
Build info: version: 'unknown', revision: 'unknown', time: 'unknown'
System info: host: 'DELL', ip: '192.168.43.138', os.name: 'Windows 8.1', os.arch: 'amd64', os.version: '6.3', java.version: '1.8.0_181'
Driver info: org.openqa.selenium.chrome.ChromeDriver
Capabilities [{mobileEmulationEnabled=false, hasTouchScreen=false, platform=WIN8_1, acceptSslCerts=false, goog:chromeOptions={debuggerAddress=localhost:53292}, acceptInsecureCerts=false, webStorageEnabled=true, browserName=chrome, takesScreenshot=true, javascriptEnabled=true, setWindowRect=true, unexpectedAlertBehaviour=, applicationCacheEnabled=false, rotatable=false, networkConnectionEnabled=false, chrome={chromedriverVersion=2.41.578737 (49da6702b16031c40d63e5618de03a32ff6c197e), userDataDir=C:\Users\User\AppData\Local\Temp\scoped_dir4856_27497}, takesHeapSnapshot=true, pageLoadStrategy=normal, unhandledPromptBehavior=, databaseEnabled=false, handlesAlerts=true, version=73.0.3683.86, browserConnectionEnabled=false, nativeEvents=true, locationContextEnabled=true, cssSelectorsEnabled=true}]
Session ID: e4a82321ffc1ddc9999715addbded90f
*** Element info: {Using=link text, value=Residual Rating Review}
	at org.openqa.selenium.remote.ErrorHandler.createThrowable(ErrorHandler.java:215)
	at org.openqa.selenium.remote.ErrorHandler.throwIfResponseFailed(ErrorHandler.java:167)
	at org.openqa.selenium.remote.http.JsonHttpResponseCodec.reconstructValue(JsonHttpResponseCodec.java:40)
	at org.openqa.selenium.remote.http.AbstractHttpResponseCodec.decode(AbstractHttpResponseCodec.java:82)
	at org.openqa.selenium.remote.http.AbstractHttpResponseCodec.decode(AbstractHttpResponseCodec.java:45)
	at org.openqa.selenium.remote.HttpCommandExecutor.execute(HttpCommandExecutor.java:164)
	at org.openqa.selenium.remote.service.DriverCommandExecutor.execute(DriverCommandExecutor.java:82)
	at org.openqa.selenium.remote.RemoteWebDriver.execute(RemoteWebDriver.java:641)
	at org.openqa.selenium.remote.RemoteWebDriver.findElement(RemoteWebDriver.java:414)
	at org.openqa.selenium.remote.RemoteWebDriver.findElementByLinkText(RemoteWebDriver.java:465)
	at org.openqa.selenium.By$ByLinkText.findElement(By.java:246)
	at org.openqa.selenium.remote.RemoteWebDriver.findElement(RemoteWebDriver.java:406)
	at com.test.WrapperClass.assertTextLink(WrapperClass.java:1304)
	at com.test.ResidualRatingReviewTestcases.NavigatePage_ResidualRatingReview(ResidualRatingReviewTestcases.java:20)
... Removed 29 stack frames]]>
    </failure>
  </testcase> <!-- NavigatePage_ResidualRatingReview -->
  <testcase name="PageHearder_ResidualRatingReview" time="5.221" classname="com.test.ResidualRatingReviewTestcases">
    <failure type="java.lang.AssertionError" message="expected [Residual Rating Review] but found [Risk Reconciliation List
Residual Versus Reconciled]">
      <![CDATA[java.lang.AssertionError: expected [Residual Rating Review] but found [Risk Reconciliation List
Residual Versus Reconciled]
	at com.test.WrapperClass.assertEquals(WrapperClass.java:1337)
	at com.test.ResidualRatingReviewTestcases.PageHearder_ResidualRatingReview(ResidualRatingReviewTestcases.java:44)
... Removed 31 stack frames]]>
    </failure>
  </testcase> <!-- PageHearder_ResidualRatingReview -->
  <testcase name="PanelBar_ResidualRatingReview" time="4.91" classname="com.test.ResidualRatingReviewTestcases">
    <failure type="java.lang.AssertionError" message="expected [Risk Response Residual Rating Review] but found []">
      <![CDATA[java.lang.AssertionError: expected [Risk Response Residual Rating Review] but found []
	at com.test.WrapperClass.assertEquals(WrapperClass.java:1337)
	at com.test.ResidualRatingReviewTestcases.PanelBar_ResidualRatingReview(ResidualRatingReviewTestcases.java:57)
... Removed 31 stack frames]]>
    </failure>
  </testcase> <!-- PanelBar_ResidualRatingReview -->
  <testcase name="PageLevelHelp_ResidualRatingReview" time="132.082" classname="com.test.ResidualRatingReviewTestcases">
    <failure type="org.openqa.selenium.NoSuchElementException" message="no such element: Unable to locate element: {&amp;quot;method&amp;quot;:&amp;quot;xpath&amp;quot;,&amp;quot;selector&amp;quot;:&amp;quot;html/body/div[4]/div/div/div[3]/button&amp;quot;}
  (Session info: chrome=73.0.3683.86)
  (Driver info: chromedriver=2.41.578737 (49da6702b16031c40d63e5618de03a32ff6c197e),platform=Windows NT 6.3.9600 x86_64) (WARNING: The server did not provide any stacktrace information)
Command duration or timeout: 0 milliseconds
For documentation on this error, please visit: http://seleniumhq.org/exceptions/no_such_element.html
Build info: version: &amp;apos;unknown&amp;apos;, revision: &amp;apos;unknown&amp;apos;, time: &amp;apos;unknown&amp;apos;
System info: host: &amp;apos;DELL&amp;apos;, ip: &amp;apos;192.168.43.138&amp;apos;, os.name: &amp;apos;Windows 8.1&amp;apos;, os.arch: &amp;apos;amd64&amp;apos;, os.version: &amp;apos;6.3&amp;apos;, java.version: &amp;apos;1.8.0_181&amp;apos;
Driver info: org.openqa.selenium.chrome.ChromeDriver
Capabilities [{mobileEmulationEnabled=false, hasTouchScreen=false, platform=WIN8_1, acceptSslCerts=false, goog:chromeOptions={debuggerAddress=localhost:53292}, acceptInsecureCerts=false, webStorageEnabled=true, browserName=chrome, takesScreenshot=true, javascriptEnabled=true, setWindowRect=true, unexpectedAlertBehaviour=, applicationCacheEnabled=false, rotatable=false, networkConnectionEnabled=false, chrome={chromedriverVersion=2.41.578737 (49da6702b16031c40d63e5618de03a32ff6c197e), userDataDir=C:\Users\User\AppData\Local\Temp\scoped_dir4856_27497}, takesHeapSnapshot=true, pageLoadStrategy=normal, unhandledPromptBehavior=, databaseEnabled=false, handlesAlerts=true, version=73.0.3683.86, browserConnectionEnabled=false, nativeEvents=true, locationContextEnabled=true, cssSelectorsEnabled=true}]
Session ID: e4a82321ffc1ddc9999715addbded90f
*** Element info: {Using=xpath, value=html/body/div[4]/div/div/div[3]/button}">
      <![CDATA[org.openqa.selenium.NoSuchElementException: no such element: Unable to locate element: {"method":"xpath","selector":"html/body/div[4]/div/div/div[3]/button"}
  (Session info: chrome=73.0.3683.86)
  (Driver info: chromedriver=2.41.578737 (49da6702b16031c40d63e5618de03a32ff6c197e),platform=Windows NT 6.3.9600 x86_64) (WARNING: The server did not provide any stacktrace information)
Command duration or timeout: 0 milliseconds
For documentation on this error, please visit: http://seleniumhq.org/exceptions/no_such_element.html
Build info: version: 'unknown', revision: 'unknown', time: 'unknown'
System info: host: 'DELL', ip: '192.168.43.138', os.name: 'Windows 8.1', os.arch: 'amd64', os.version: '6.3', java.version: '1.8.0_181'
Driver info: org.openqa.selenium.chrome.ChromeDriver
Capabilities [{mobileEmulationEnabled=false, hasTouchScreen=false, platform=WIN8_1, acceptSslCerts=false, goog:chromeOptions={debuggerAddress=localhost:53292}, acceptInsecureCerts=false, webStorageEnabled=true, browserName=chrome, takesScreenshot=true, javascriptEnabled=true, setWindowRect=true, unexpectedAlertBehaviour=, applicationCacheEnabled=false, rotatable=false, networkConnectionEnabled=false, chrome={chromedriverVersion=2.41.578737 (49da6702b16031c40d63e5618de03a32ff6c197e), userDataDir=C:\Users\User\AppData\Local\Temp\scoped_dir4856_27497}, takesHeapSnapshot=true, pageLoadStrategy=normal, unhandledPromptBehavior=, databaseEnabled=false, handlesAlerts=true, version=73.0.3683.86, browserConnectionEnabled=false, nativeEvents=true, locationContextEnabled=true, cssSelectorsEnabled=true}]
Session ID: e4a82321ffc1ddc9999715addbded90f
*** Element info: {Using=xpath, value=html/body/div[4]/div/div/div[3]/button}
	at org.openqa.selenium.remote.ErrorHandler.createThrowable(ErrorHandler.java:215)
	at org.openqa.selenium.remote.ErrorHandler.throwIfResponseFailed(ErrorHandler.java:167)
	at org.openqa.selenium.remote.http.JsonHttpResponseCodec.reconstructValue(JsonHttpResponseCodec.java:40)
	at org.openqa.selenium.remote.http.AbstractHttpResponseCodec.decode(AbstractHttpResponseCodec.java:82)
	at org.openqa.selenium.remote.http.AbstractHttpResponseCodec.decode(AbstractHttpResponseCodec.java:45)
	at org.openqa.selenium.remote.HttpCommandExecutor.execute(HttpCommandExecutor.java:164)
	at org.openqa.selenium.remote.service.DriverCommandExecutor.execute(DriverCommandExecutor.java:82)
	at org.openqa.selenium.remote.RemoteWebDriver.execute(RemoteWebDriver.java:641)
	at org.openqa.selenium.remote.RemoteWebDriver.findElement(RemoteWebDriver.java:414)
	at org.openqa.selenium.remote.RemoteWebDriver.findElementByXPath(RemoteWebDriver.java:513)
	at org.openqa.selenium.By$ByXPath.findElement(By.java:361)
	at org.openqa.selenium.remote.RemoteWebDriver.findElement(RemoteWebDriver.java:406)
	at com.test.WrapperClass.assertTextXpath(WrapperClass.java:1292)
	at com.test.ResidualRatingReviewTestcases.PageLevelHelp_ResidualRatingReview(ResidualRatingReviewTestcases.java:85)
... Removed 29 stack frames]]>
    </failure>
  </testcase> <!-- PageLevelHelp_ResidualRatingReview -->
  <testcase name="RiskManagementMap_ResidualRatingReview" time="9.388" classname="com.test.ResidualRatingReviewTestcases"/>
  <testcase name="Functions_ResidualRatingReview" time="125.06" classname="com.test.ResidualRatingReviewTestcases">
    <failure type="org.openqa.selenium.NoSuchElementException" message="no such element: Unable to locate element: {&amp;quot;method&amp;quot;:&amp;quot;xpath&amp;quot;,&amp;quot;selector&amp;quot;:&amp;quot;//*[@id=&amp;apos;risk-treatment-option&amp;apos;]&amp;quot;}
  (Session info: chrome=73.0.3683.86)
  (Driver info: chromedriver=2.41.578737 (49da6702b16031c40d63e5618de03a32ff6c197e),platform=Windows NT 6.3.9600 x86_64) (WARNING: The server did not provide any stacktrace information)
Command duration or timeout: 0 milliseconds
For documentation on this error, please visit: http://seleniumhq.org/exceptions/no_such_element.html
Build info: version: &amp;apos;unknown&amp;apos;, revision: &amp;apos;unknown&amp;apos;, time: &amp;apos;unknown&amp;apos;
System info: host: &amp;apos;DELL&amp;apos;, ip: &amp;apos;192.168.43.138&amp;apos;, os.name: &amp;apos;Windows 8.1&amp;apos;, os.arch: &amp;apos;amd64&amp;apos;, os.version: &amp;apos;6.3&amp;apos;, java.version: &amp;apos;1.8.0_181&amp;apos;
Driver info: org.openqa.selenium.chrome.ChromeDriver
Capabilities [{mobileEmulationEnabled=false, hasTouchScreen=false, platform=WIN8_1, acceptSslCerts=false, goog:chromeOptions={debuggerAddress=localhost:53292}, acceptInsecureCerts=false, webStorageEnabled=true, browserName=chrome, takesScreenshot=true, javascriptEnabled=true, setWindowRect=true, unexpectedAlertBehaviour=, applicationCacheEnabled=false, rotatable=false, networkConnectionEnabled=false, chrome={chromedriverVersion=2.41.578737 (49da6702b16031c40d63e5618de03a32ff6c197e), userDataDir=C:\Users\User\AppData\Local\Temp\scoped_dir4856_27497}, takesHeapSnapshot=true, pageLoadStrategy=normal, unhandledPromptBehavior=, databaseEnabled=false, handlesAlerts=true, version=73.0.3683.86, browserConnectionEnabled=false, nativeEvents=true, locationContextEnabled=true, cssSelectorsEnabled=true}]
Session ID: e4a82321ffc1ddc9999715addbded90f
*** Element info: {Using=xpath, value=//*[@id=&amp;apos;risk-treatment-option&amp;apos;]}">
      <![CDATA[org.openqa.selenium.NoSuchElementException: no such element: Unable to locate element: {"method":"xpath","selector":"//*[@id='risk-treatment-option']"}
  (Session info: chrome=73.0.3683.86)
  (Driver info: chromedriver=2.41.578737 (49da6702b16031c40d63e5618de03a32ff6c197e),platform=Windows NT 6.3.9600 x86_64) (WARNING: The server did not provide any stacktrace information)
Command duration or timeout: 0 milliseconds
For documentation on this error, please visit: http://seleniumhq.org/exceptions/no_such_element.html
Build info: version: 'unknown', revision: 'unknown', time: 'unknown'
System info: host: 'DELL', ip: '192.168.43.138', os.name: 'Windows 8.1', os.arch: 'amd64', os.version: '6.3', java.version: '1.8.0_181'
Driver info: org.openqa.selenium.chrome.ChromeDriver
Capabilities [{mobileEmulationEnabled=false, hasTouchScreen=false, platform=WIN8_1, acceptSslCerts=false, goog:chromeOptions={debuggerAddress=localhost:53292}, acceptInsecureCerts=false, webStorageEnabled=true, browserName=chrome, takesScreenshot=true, javascriptEnabled=true, setWindowRect=true, unexpectedAlertBehaviour=, applicationCacheEnabled=false, rotatable=false, networkConnectionEnabled=false, chrome={chromedriverVersion=2.41.578737 (49da6702b16031c40d63e5618de03a32ff6c197e), userDataDir=C:\Users\User\AppData\Local\Temp\scoped_dir4856_27497}, takesHeapSnapshot=true, pageLoadStrategy=normal, unhandledPromptBehavior=, databaseEnabled=false, handlesAlerts=true, version=73.0.3683.86, browserConnectionEnabled=false, nativeEvents=true, locationContextEnabled=true, cssSelectorsEnabled=true}]
Session ID: e4a82321ffc1ddc9999715addbded90f
*** Element info: {Using=xpath, value=//*[@id='risk-treatment-option']}
	at org.openqa.selenium.remote.ErrorHandler.createThrowable(ErrorHandler.java:215)
	at org.openqa.selenium.remote.ErrorHandler.throwIfResponseFailed(ErrorHandler.java:167)
	at org.openqa.selenium.remote.http.JsonHttpResponseCodec.reconstructValue(JsonHttpResponseCodec.java:40)
	at org.openqa.selenium.remote.http.AbstractHttpResponseCodec.decode(AbstractHttpResponseCodec.java:82)
	at org.openqa.selenium.remote.http.AbstractHttpResponseCodec.decode(AbstractHttpResponseCodec.java:45)
	at org.openqa.selenium.remote.HttpCommandExecutor.execute(HttpCommandExecutor.java:164)
	at org.openqa.selenium.remote.service.DriverCommandExecutor.execute(DriverCommandExecutor.java:82)
	at org.openqa.selenium.remote.RemoteWebDriver.execute(RemoteWebDriver.java:641)
	at org.openqa.selenium.remote.RemoteWebDriver.findElement(RemoteWebDriver.java:414)
	at org.openqa.selenium.remote.RemoteWebDriver.findElementByXPath(RemoteWebDriver.java:513)
	at org.openqa.selenium.By$ByXPath.findElement(By.java:361)
	at org.openqa.selenium.remote.RemoteWebDriver.findElement(RemoteWebDriver.java:406)
	at com.test.WrapperClass.clickByXpath(WrapperClass.java:568)
	at com.test.ResidualRatingReviewTestcases.Functions_ResidualRatingReview(ResidualRatingReviewTestcases.java:113)
... Removed 29 stack frames]]>
    </failure>
  </testcase> <!-- Functions_ResidualRatingReview -->
  <testcase name="QuickFilter_ResidualRatingReview" time="120.031" classname="com.test.ResidualRatingReviewTestcases">
    <failure type="org.openqa.selenium.NoSuchElementException" message="no such element: Unable to locate element: {&amp;quot;method&amp;quot;:&amp;quot;xpath&amp;quot;,&amp;quot;selector&amp;quot;:&amp;quot;//*[@id=&amp;apos;approval-status&amp;apos;]&amp;quot;}
  (Session info: chrome=73.0.3683.86)
  (Driver info: chromedriver=2.41.578737 (49da6702b16031c40d63e5618de03a32ff6c197e),platform=Windows NT 6.3.9600 x86_64) (WARNING: The server did not provide any stacktrace information)
Command duration or timeout: 0 milliseconds
For documentation on this error, please visit: http://seleniumhq.org/exceptions/no_such_element.html
Build info: version: &amp;apos;unknown&amp;apos;, revision: &amp;apos;unknown&amp;apos;, time: &amp;apos;unknown&amp;apos;
System info: host: &amp;apos;DELL&amp;apos;, ip: &amp;apos;192.168.43.138&amp;apos;, os.name: &amp;apos;Windows 8.1&amp;apos;, os.arch: &amp;apos;amd64&amp;apos;, os.version: &amp;apos;6.3&amp;apos;, java.version: &amp;apos;1.8.0_181&amp;apos;
Driver info: org.openqa.selenium.chrome.ChromeDriver
Capabilities [{mobileEmulationEnabled=false, hasTouchScreen=false, platform=WIN8_1, acceptSslCerts=false, goog:chromeOptions={debuggerAddress=localhost:53292}, acceptInsecureCerts=false, webStorageEnabled=true, browserName=chrome, takesScreenshot=true, javascriptEnabled=true, setWindowRect=true, unexpectedAlertBehaviour=, applicationCacheEnabled=false, rotatable=false, networkConnectionEnabled=false, chrome={chromedriverVersion=2.41.578737 (49da6702b16031c40d63e5618de03a32ff6c197e), userDataDir=C:\Users\User\AppData\Local\Temp\scoped_dir4856_27497}, takesHeapSnapshot=true, pageLoadStrategy=normal, unhandledPromptBehavior=, databaseEnabled=false, handlesAlerts=true, version=73.0.3683.86, browserConnectionEnabled=false, nativeEvents=true, locationContextEnabled=true, cssSelectorsEnabled=true}]
Session ID: e4a82321ffc1ddc9999715addbded90f
*** Element info: {Using=xpath, value=//*[@id=&amp;apos;approval-status&amp;apos;]}">
      <![CDATA[org.openqa.selenium.NoSuchElementException: no such element: Unable to locate element: {"method":"xpath","selector":"//*[@id='approval-status']"}
  (Session info: chrome=73.0.3683.86)
  (Driver info: chromedriver=2.41.578737 (49da6702b16031c40d63e5618de03a32ff6c197e),platform=Windows NT 6.3.9600 x86_64) (WARNING: The server did not provide any stacktrace information)
Command duration or timeout: 0 milliseconds
For documentation on this error, please visit: http://seleniumhq.org/exceptions/no_such_element.html
Build info: version: 'unknown', revision: 'unknown', time: 'unknown'
System info: host: 'DELL', ip: '192.168.43.138', os.name: 'Windows 8.1', os.arch: 'amd64', os.version: '6.3', java.version: '1.8.0_181'
Driver info: org.openqa.selenium.chrome.ChromeDriver
Capabilities [{mobileEmulationEnabled=false, hasTouchScreen=false, platform=WIN8_1, acceptSslCerts=false, goog:chromeOptions={debuggerAddress=localhost:53292}, acceptInsecureCerts=false, webStorageEnabled=true, browserName=chrome, takesScreenshot=true, javascriptEnabled=true, setWindowRect=true, unexpectedAlertBehaviour=, applicationCacheEnabled=false, rotatable=false, networkConnectionEnabled=false, chrome={chromedriverVersion=2.41.578737 (49da6702b16031c40d63e5618de03a32ff6c197e), userDataDir=C:\Users\User\AppData\Local\Temp\scoped_dir4856_27497}, takesHeapSnapshot=true, pageLoadStrategy=normal, unhandledPromptBehavior=, databaseEnabled=false, handlesAlerts=true, version=73.0.3683.86, browserConnectionEnabled=false, nativeEvents=true, locationContextEnabled=true, cssSelectorsEnabled=true}]
Session ID: e4a82321ffc1ddc9999715addbded90f
*** Element info: {Using=xpath, value=//*[@id='approval-status']}
	at org.openqa.selenium.remote.ErrorHandler.createThrowable(ErrorHandler.java:215)
	at org.openqa.selenium.remote.ErrorHandler.throwIfResponseFailed(ErrorHandler.java:167)
	at org.openqa.selenium.remote.http.JsonHttpResponseCodec.reconstructValue(JsonHttpResponseCodec.java:40)
	at org.openqa.selenium.remote.http.AbstractHttpResponseCodec.decode(AbstractHttpResponseCodec.java:82)
	at org.openqa.selenium.remote.http.AbstractHttpResponseCodec.decode(AbstractHttpResponseCodec.java:45)
	at org.openqa.selenium.remote.HttpCommandExecutor.execute(HttpCommandExecutor.java:164)
	at org.openqa.selenium.remote.service.DriverCommandExecutor.execute(DriverCommandExecutor.java:82)
	at org.openqa.selenium.remote.RemoteWebDriver.execute(RemoteWebDriver.java:641)
	at org.openqa.selenium.remote.RemoteWebDriver.findElement(RemoteWebDriver.java:414)
	at org.openqa.selenium.remote.RemoteWebDriver.findElementByXPath(RemoteWebDriver.java:513)
	at org.openqa.selenium.By$ByXPath.findElement(By.java:361)
	at org.openqa.selenium.remote.RemoteWebDriver.findElement(RemoteWebDriver.java:406)
	at com.test.WrapperClass.clickByXpath(WrapperClass.java:568)
	at com.test.ResidualRatingReviewTestcases.QuickFilter_ResidualRatingReview(ResidualRatingReviewTestcases.java:156)
... Removed 29 stack frames]]>
    </failure>
  </testcase> <!-- QuickFilter_ResidualRatingReview -->
  <testcase name="Export_ResidualRatingReview" time="51.813" classname="com.test.ResidualRatingReviewTestcases"/>
  <testcase name="Sorting_ResidualRatingReview" time="120.055" classname="com.test.ResidualRatingReviewTestcases">
    <failure type="org.openqa.selenium.NoSuchElementException" message="no such element: Unable to locate element: {&amp;quot;method&amp;quot;:&amp;quot;xpath&amp;quot;,&amp;quot;selector&amp;quot;:&amp;quot;//*[@id=&amp;apos;residual_rating_review&amp;apos;]/thead/tr[2]/th[4]/span[1]/span&amp;quot;}
  (Session info: chrome=73.0.3683.86)
  (Driver info: chromedriver=2.41.578737 (49da6702b16031c40d63e5618de03a32ff6c197e),platform=Windows NT 6.3.9600 x86_64) (WARNING: The server did not provide any stacktrace information)
Command duration or timeout: 0 milliseconds
For documentation on this error, please visit: http://seleniumhq.org/exceptions/no_such_element.html
Build info: version: &amp;apos;unknown&amp;apos;, revision: &amp;apos;unknown&amp;apos;, time: &amp;apos;unknown&amp;apos;
System info: host: &amp;apos;DELL&amp;apos;, ip: &amp;apos;192.168.43.138&amp;apos;, os.name: &amp;apos;Windows 8.1&amp;apos;, os.arch: &amp;apos;amd64&amp;apos;, os.version: &amp;apos;6.3&amp;apos;, java.version: &amp;apos;1.8.0_181&amp;apos;
Driver info: org.openqa.selenium.chrome.ChromeDriver
Capabilities [{mobileEmulationEnabled=false, hasTouchScreen=false, platform=WIN8_1, acceptSslCerts=false, goog:chromeOptions={debuggerAddress=localhost:53292}, acceptInsecureCerts=false, webStorageEnabled=true, browserName=chrome, takesScreenshot=true, javascriptEnabled=true, setWindowRect=true, unexpectedAlertBehaviour=, applicationCacheEnabled=false, rotatable=false, networkConnectionEnabled=false, chrome={chromedriverVersion=2.41.578737 (49da6702b16031c40d63e5618de03a32ff6c197e), userDataDir=C:\Users\User\AppData\Local\Temp\scoped_dir4856_27497}, takesHeapSnapshot=true, pageLoadStrategy=normal, unhandledPromptBehavior=, databaseEnabled=false, handlesAlerts=true, version=73.0.3683.86, browserConnectionEnabled=false, nativeEvents=true, locationContextEnabled=true, cssSelectorsEnabled=true}]
Session ID: e4a82321ffc1ddc9999715addbded90f
*** Element info: {Using=xpath, value=//*[@id=&amp;apos;residual_rating_review&amp;apos;]/thead/tr[2]/th[4]/span[1]/span}">
      <![CDATA[org.openqa.selenium.NoSuchElementException: no such element: Unable to locate element: {"method":"xpath","selector":"//*[@id='residual_rating_review']/thead/tr[2]/th[4]/span[1]/span"}
  (Session info: chrome=73.0.3683.86)
  (Driver info: chromedriver=2.41.578737 (49da6702b16031c40d63e5618de03a32ff6c197e),platform=Windows NT 6.3.9600 x86_64) (WARNING: The server did not provide any stacktrace information)
Command duration or timeout: 0 milliseconds
For documentation on this error, please visit: http://seleniumhq.org/exceptions/no_such_element.html
Build info: version: 'unknown', revision: 'unknown', time: 'unknown'
System info: host: 'DELL', ip: '192.168.43.138', os.name: 'Windows 8.1', os.arch: 'amd64', os.version: '6.3', java.version: '1.8.0_181'
Driver info: org.openqa.selenium.chrome.ChromeDriver
Capabilities [{mobileEmulationEnabled=false, hasTouchScreen=false, platform=WIN8_1, acceptSslCerts=false, goog:chromeOptions={debuggerAddress=localhost:53292}, acceptInsecureCerts=false, webStorageEnabled=true, browserName=chrome, takesScreenshot=true, javascriptEnabled=true, setWindowRect=true, unexpectedAlertBehaviour=, applicationCacheEnabled=false, rotatable=false, networkConnectionEnabled=false, chrome={chromedriverVersion=2.41.578737 (49da6702b16031c40d63e5618de03a32ff6c197e), userDataDir=C:\Users\User\AppData\Local\Temp\scoped_dir4856_27497}, takesHeapSnapshot=true, pageLoadStrategy=normal, unhandledPromptBehavior=, databaseEnabled=false, handlesAlerts=true, version=73.0.3683.86, browserConnectionEnabled=false, nativeEvents=true, locationContextEnabled=true, cssSelectorsEnabled=true}]
Session ID: e4a82321ffc1ddc9999715addbded90f
*** Element info: {Using=xpath, value=//*[@id='residual_rating_review']/thead/tr[2]/th[4]/span[1]/span}
	at org.openqa.selenium.remote.ErrorHandler.createThrowable(ErrorHandler.java:215)
	at org.openqa.selenium.remote.ErrorHandler.throwIfResponseFailed(ErrorHandler.java:167)
	at org.openqa.selenium.remote.http.JsonHttpResponseCodec.reconstructValue(JsonHttpResponseCodec.java:40)
	at org.openqa.selenium.remote.http.AbstractHttpResponseCodec.decode(AbstractHttpResponseCodec.java:82)
	at org.openqa.selenium.remote.http.AbstractHttpResponseCodec.decode(AbstractHttpResponseCodec.java:45)
	at org.openqa.selenium.remote.HttpCommandExecutor.execute(HttpCommandExecutor.java:164)
	at org.openqa.selenium.remote.service.DriverCommandExecutor.execute(DriverCommandExecutor.java:82)
	at org.openqa.selenium.remote.RemoteWebDriver.execute(RemoteWebDriver.java:641)
	at org.openqa.selenium.remote.RemoteWebDriver.findElement(RemoteWebDriver.java:414)
	at org.openqa.selenium.remote.RemoteWebDriver.findElementByXPath(RemoteWebDriver.java:513)
	at org.openqa.selenium.By$ByXPath.findElement(By.java:361)
	at org.openqa.selenium.remote.RemoteWebDriver.findElement(RemoteWebDriver.java:406)
	at com.test.WrapperClass.clickByXpath(WrapperClass.java:568)
	at com.test.ResidualRatingReviewTestcases.Sorting_ResidualRatingReview(ResidualRatingReviewTestcases.java:311)
... Removed 29 stack frames]]>
    </failure>
  </testcase> <!-- Sorting_ResidualRatingReview -->
  <testcase name="NavigatePage_RiskReconciliationList" time="25.64" classname="com.test.RiskReconciliationListTestcases"/>
  <testcase name="PageHearder_RiskReconciliationList" time="7.314" classname="com.test.RiskReconciliationListTestcases"/>
  <testcase name="PanelBar_RiskReconciliationList" time="6.243" classname="com.test.RiskReconciliationListTestcases"/>
  <testcase name="PageLevelHelp_RiskReconciliationList" time="9.357" classname="com.test.RiskReconciliationListTestcases"/>
  <testcase name="RiskManagementMap_RiskReconciliationList" time="9.349" classname="com.test.RiskReconciliationListTestcases"/>
  <testcase name="QuickFilter_RiskReconciliationList" time="32.704" classname="com.test.RiskReconciliationListTestcases"/>
  <testcase name="Export_RiskReconciliationList" time="49.766" classname="com.test.RiskReconciliationListTestcases"/>
  <testcase name="NavigatePage_Documents" time="62.624" classname="com.test.DocumentsTestcase"/>
  <testcase name="PageHearder_Documents" time="5.294" classname="com.test.DocumentsTestcase">
    <failure type="java.lang.AssertionError" message="expected [Documents] but found [Risk Reconciliation List
Residual Versus Reconciled]">
      <![CDATA[java.lang.AssertionError: expected [Documents] but found [Risk Reconciliation List
Residual Versus Reconciled]
	at com.test.WrapperClass.assertEquals(WrapperClass.java:1337)
	at com.test.DocumentsTestcase.PageHearder_Documents(DocumentsTestcase.java:56)
... Removed 31 stack frames]]>
    </failure>
  </testcase> <!-- PageHearder_Documents -->
  <testcase name="PanelBar_Documents" time="3.129" classname="com.test.DocumentsTestcase">
    <failure type="java.lang.AssertionError" message="expected [Documents] but found [Risk Response List Risk Reconciliation List]">
      <![CDATA[java.lang.AssertionError: expected [Documents] but found [Risk Response List Risk Reconciliation List]
	at com.test.WrapperClass.assertEquals(WrapperClass.java:1337)
	at com.test.DocumentsTestcase.PanelBar_Documents(DocumentsTestcase.java:69)
... Removed 31 stack frames]]>
    </failure>
  </testcase> <!-- PanelBar_Documents -->
  <testcase name="ChkEachFields_Documents" time="39.146" classname="com.test.DocumentsTestcase"/>
  <testcase name="QuickFilter_Documents" time="24.577" classname="com.test.DocumentsTestcase"/>
  <testcase name="Upload_Documents" time="33.717" classname="com.test.DocumentsTestcase"/>
  <testcase name="Notes_Documents" time="57.829" classname="com.test.DocumentsTestcase"/>
  <testcase name="SubRowsUpload_Documents" time="26.628" classname="com.test.DocumentsTestcase"/>
  <testcase name="DownloadandDelete_Documents" time="27.02" classname="com.test.DocumentsTestcase"/>
  <testcase name="Export_Documents" time="24.752" classname="com.test.DocumentsTestcase"/>
  <testcase name="ColumnHeader_Documents" time="0.205" classname="com.test.DocumentsTestcase"/>
  <testcase name="Check_Submenu_Reports" time="30.939" classname="com.test.ReportsTestcases">
    <failure type="java.lang.AssertionError" message="expected [true] but found [false]">
      <![CDATA[java.lang.AssertionError: expected [true] but found [false]
	at com.test.WrapperClass.assertTextXpath(WrapperClass.java:1293)
	at com.test.ReportsTestcases.Check_Submenu_Reports(ReportsTestcases.java:27)
... Removed 29 stack frames]]>
    </failure>
  </testcase> <!-- Check_Submenu_Reports -->
  <testcase name="Navigate_RiskRatingReport" time="25.785" classname="com.test.ReportsTestcases"/>
  <testcase name="PageHearder_RiskRatingReport" time="9.36" classname="com.test.ReportsTestcases"/>
  <testcase name="PanelBar_RiskRatingReport" time="9.154" classname="com.test.ReportsTestcases"/>
  <testcase name="Check_ColumnHeader_RiskRatingReport" time="36.78" classname="com.test.ReportsTestcases"/>
  <testcase name="Export_RiskRatingReport" time="40.783" classname="com.test.ReportsTestcases"/>
  <testcase name="QuickFilter_RiskRatingReport" time="22.376" classname="com.test.ReportsTestcases"/>
  <testcase name="Navigate_RiskRatingDetailReport" time="32.238" classname="com.test.ReportsTestcases"/>
  <testcase name="PageHearder_RiskRatingDetailReport" time="9.346" classname="com.test.ReportsTestcases"/>
  <testcase name="PanelBar_RiskRatingDetailReport" time="9.187" classname="com.test.ReportsTestcases"/>
  <testcase name="Check_ColumnHeader_RiskRatingDetailReport" time="6.082" classname="com.test.ReportsTestcases">
    <failure type="java.lang.AssertionError" message="expected [Component / Group Name] but found [Scenario Advisory]">
      <![CDATA[java.lang.AssertionError: expected [Component / Group Name] but found [Scenario Advisory]
	at com.test.WrapperClass.assertEquals(WrapperClass.java:1337)
	at com.test.ReportsTestcases.Check_ColumnHeader_RiskRatingDetailReport(ReportsTestcases.java:441)
... Removed 31 stack frames]]>
    </failure>
  </testcase> <!-- Check_ColumnHeader_RiskRatingDetailReport -->
  <testcase name="Export_RiskRatingDetailReport" time="40.786" classname="com.test.ReportsTestcases"/>
  <testcase name="QuickFilter_RiskRatingDetailReport" time="22.444" classname="com.test.ReportsTestcases"/>
  <testcase name="Navigate_AssetInventoryReport" time="18.663" classname="com.test.ReportsTestcases"/>
  <testcase name="PageHearder_AssetInventoryReport" time="9.31" classname="com.test.ReportsTestcases"/>
  <testcase name="PanelBar_AssetInventoryReport" time="9.186" classname="com.test.ReportsTestcases"/>
  <testcase name="Check_ColumnHeader_AssetInventoryReport" time="46.318" classname="com.test.ReportsTestcases"/>
  <testcase name="Export_AssetInventoryReport" time="42.215" classname="com.test.ReportsTestcases"/>
  <testcase name="QuickFilter_AssetInventoryReport" time="22.355" classname="com.test.ReportsTestcases"/>
  <testcase name="Navigate_RiskResponseDetailReport" time="18.989" classname="com.test.ReportsTestcases"/>
  <testcase name="PageHearder_RiskResponseDetailReport" time="9.316" classname="com.test.ReportsTestcases"/>
  <testcase name="PanelBar_RiskResponseDetailReport" time="9.173" classname="com.test.ReportsTestcases"/>
  <testcase name="Export_RiskResponseDetailReport" time="40.655" classname="com.test.ReportsTestcases"/>
  <testcase name="QuickFilter_RiskResponseDetailReport" time="113.142" classname="com.test.ReportsTestcases"/>
  <testcase name="Navigate_EnterpriseExtracts" time="26.774" classname="com.test.ReportsTestcases"/>
  <testcase name="PageHearder_EnterpriseExtracts" time="9.398" classname="com.test.ReportsTestcases"/>
  <testcase name="PanelBar_EnterpriseExtracts" time="9.23" classname="com.test.ReportsTestcases"/>
  <testcase name="ExportButtons_EnterpriseExtracts" time="30.804" classname="com.test.ReportsTestcases">
    <failure type="org.openqa.selenium.WebDriverException" message="unknown error: Element &amp;lt;input class=&amp;quot;btn btn-success btn-sm btn-block export-button&amp;quot; type=&amp;quot;button&amp;quot; name=&amp;quot;risk-response-list-button&amp;quot; value=&amp;quot;Risk Action Plan&amp;quot; ng-click=&amp;quot;exportCsvLink(&amp;apos;/enterprise-extracts/risk-action-plan-report&amp;apos;)&amp;quot;&amp;gt; is not clickable at point (324, 462). Other element would receive the click: &amp;lt;div class=&amp;quot;bootbox modal fade in&amp;quot; tabindex=&amp;quot;-1&amp;quot; role=&amp;quot;dialog&amp;quot; style=&amp;quot;display: block; padding-right: 17px;&amp;quot;&amp;gt;...&amp;lt;/div&amp;gt;
  (Session info: chrome=73.0.3683.86)
  (Driver info: chromedriver=2.41.578737 (49da6702b16031c40d63e5618de03a32ff6c197e),platform=Windows NT 6.3.9600 x86_64) (WARNING: The server did not provide any stacktrace information)
Command duration or timeout: 0 milliseconds
Build info: version: &amp;apos;unknown&amp;apos;, revision: &amp;apos;unknown&amp;apos;, time: &amp;apos;unknown&amp;apos;
System info: host: &amp;apos;DELL&amp;apos;, ip: &amp;apos;192.168.43.138&amp;apos;, os.name: &amp;apos;Windows 8.1&amp;apos;, os.arch: &amp;apos;amd64&amp;apos;, os.version: &amp;apos;6.3&amp;apos;, java.version: &amp;apos;1.8.0_181&amp;apos;
Driver info: org.openqa.selenium.chrome.ChromeDriver
Capabilities [{mobileEmulationEnabled=false, hasTouchScreen=false, platform=WIN8_1, acceptSslCerts=false, goog:chromeOptions={debuggerAddress=localhost:53292}, acceptInsecureCerts=false, webStorageEnabled=true, browserName=chrome, takesScreenshot=true, javascriptEnabled=true, setWindowRect=true, unexpectedAlertBehaviour=, applicationCacheEnabled=false, rotatable=false, networkConnectionEnabled=false, chrome={chromedriverVersion=2.41.578737 (49da6702b16031c40d63e5618de03a32ff6c197e), userDataDir=C:\Users\User\AppData\Local\Temp\scoped_dir4856_27497}, takesHeapSnapshot=true, pageLoadStrategy=normal, unhandledPromptBehavior=, databaseEnabled=false, handlesAlerts=true, version=73.0.3683.86, browserConnectionEnabled=false, nativeEvents=true, locationContextEnabled=true, cssSelectorsEnabled=true}]
Session ID: e4a82321ffc1ddc9999715addbded90f">
      <![CDATA[org.openqa.selenium.WebDriverException: unknown error: Element <input class="btn btn-success btn-sm btn-block export-button" type="button" name="risk-response-list-button" value="Risk Action Plan" ng-click="exportCsvLink('/enterprise-extracts/risk-action-plan-report')"> is not clickable at point (324, 462). Other element would receive the click: <div class="bootbox modal fade in" tabindex="-1" role="dialog" style="display: block; padding-right: 17px;">...</div>
  (Session info: chrome=73.0.3683.86)
  (Driver info: chromedriver=2.41.578737 (49da6702b16031c40d63e5618de03a32ff6c197e),platform=Windows NT 6.3.9600 x86_64) (WARNING: The server did not provide any stacktrace information)
Command duration or timeout: 0 milliseconds
Build info: version: 'unknown', revision: 'unknown', time: 'unknown'
System info: host: 'DELL', ip: '192.168.43.138', os.name: 'Windows 8.1', os.arch: 'amd64', os.version: '6.3', java.version: '1.8.0_181'
Driver info: org.openqa.selenium.chrome.ChromeDriver
Capabilities [{mobileEmulationEnabled=false, hasTouchScreen=false, platform=WIN8_1, acceptSslCerts=false, goog:chromeOptions={debuggerAddress=localhost:53292}, acceptInsecureCerts=false, webStorageEnabled=true, browserName=chrome, takesScreenshot=true, javascriptEnabled=true, setWindowRect=true, unexpectedAlertBehaviour=, applicationCacheEnabled=false, rotatable=false, networkConnectionEnabled=false, chrome={chromedriverVersion=2.41.578737 (49da6702b16031c40d63e5618de03a32ff6c197e), userDataDir=C:\Users\User\AppData\Local\Temp\scoped_dir4856_27497}, takesHeapSnapshot=true, pageLoadStrategy=normal, unhandledPromptBehavior=, databaseEnabled=false, handlesAlerts=true, version=73.0.3683.86, browserConnectionEnabled=false, nativeEvents=true, locationContextEnabled=true, cssSelectorsEnabled=true}]
Session ID: e4a82321ffc1ddc9999715addbded90f
	at org.openqa.selenium.remote.ErrorHandler.createThrowable(ErrorHandler.java:215)
	at org.openqa.selenium.remote.ErrorHandler.throwIfResponseFailed(ErrorHandler.java:167)
	at org.openqa.selenium.remote.http.JsonHttpResponseCodec.reconstructValue(JsonHttpResponseCodec.java:40)
	at org.openqa.selenium.remote.http.AbstractHttpResponseCodec.decode(AbstractHttpResponseCodec.java:82)
	at org.openqa.selenium.remote.http.AbstractHttpResponseCodec.decode(AbstractHttpResponseCodec.java:45)
	at org.openqa.selenium.remote.HttpCommandExecutor.execute(HttpCommandExecutor.java:164)
	at org.openqa.selenium.remote.service.DriverCommandExecutor.execute(DriverCommandExecutor.java:82)
	at org.openqa.selenium.remote.RemoteWebDriver.execute(RemoteWebDriver.java:641)
	at org.openqa.selenium.remote.RemoteWebElement.execute(RemoteWebElement.java:275)
	at org.openqa.selenium.remote.RemoteWebElement.click(RemoteWebElement.java:82)
	at com.test.WrapperClass.clickByXpath(WrapperClass.java:568)
	at com.test.ReportsTestcases.ExportButtons_EnterpriseExtracts(ReportsTestcases.java:1440)
... Removed 29 stack frames]]>
    </failure>
  </testcase> <!-- ExportButtons_EnterpriseExtracts -->
  <testcase name="ChkAllSubModules_FramingGovernance" time="8.186" classname="com.test.FramingGovernanceTestcases">
    <failure type="org.openqa.selenium.WebDriverException" message="unknown error: Element &amp;lt;span class=&amp;quot;text&amp;quot;&amp;gt;...&amp;lt;/span&amp;gt; is not clickable at point (108, 196). Other element would receive the click: &amp;lt;div class=&amp;quot;bootbox modal fade in&amp;quot; tabindex=&amp;quot;-1&amp;quot; role=&amp;quot;dialog&amp;quot; style=&amp;quot;display: block; padding-right: 17px;&amp;quot;&amp;gt;...&amp;lt;/div&amp;gt;
  (Session info: chrome=73.0.3683.86)
  (Driver info: chromedriver=2.41.578737 (49da6702b16031c40d63e5618de03a32ff6c197e),platform=Windows NT 6.3.9600 x86_64) (WARNING: The server did not provide any stacktrace information)
Command duration or timeout: 0 milliseconds
Build info: version: &amp;apos;unknown&amp;apos;, revision: &amp;apos;unknown&amp;apos;, time: &amp;apos;unknown&amp;apos;
System info: host: &amp;apos;DELL&amp;apos;, ip: &amp;apos;192.168.43.138&amp;apos;, os.name: &amp;apos;Windows 8.1&amp;apos;, os.arch: &amp;apos;amd64&amp;apos;, os.version: &amp;apos;6.3&amp;apos;, java.version: &amp;apos;1.8.0_181&amp;apos;
Driver info: org.openqa.selenium.chrome.ChromeDriver
Capabilities [{mobileEmulationEnabled=false, hasTouchScreen=false, platform=WIN8_1, acceptSslCerts=false, goog:chromeOptions={debuggerAddress=localhost:53292}, acceptInsecureCerts=false, webStorageEnabled=true, browserName=chrome, takesScreenshot=true, javascriptEnabled=true, setWindowRect=true, unexpectedAlertBehaviour=, applicationCacheEnabled=false, rotatable=false, networkConnectionEnabled=false, chrome={chromedriverVersion=2.41.578737 (49da6702b16031c40d63e5618de03a32ff6c197e), userDataDir=C:\Users\User\AppData\Local\Temp\scoped_dir4856_27497}, takesHeapSnapshot=true, pageLoadStrategy=normal, unhandledPromptBehavior=, databaseEnabled=false, handlesAlerts=true, version=73.0.3683.86, browserConnectionEnabled=false, nativeEvents=true, locationContextEnabled=true, cssSelectorsEnabled=true}]
Session ID: e4a82321ffc1ddc9999715addbded90f">
      <![CDATA[org.openqa.selenium.WebDriverException: unknown error: Element <span class="text">...</span> is not clickable at point (108, 196). Other element would receive the click: <div class="bootbox modal fade in" tabindex="-1" role="dialog" style="display: block; padding-right: 17px;">...</div>
  (Session info: chrome=73.0.3683.86)
  (Driver info: chromedriver=2.41.578737 (49da6702b16031c40d63e5618de03a32ff6c197e),platform=Windows NT 6.3.9600 x86_64) (WARNING: The server did not provide any stacktrace information)
Command duration or timeout: 0 milliseconds
Build info: version: 'unknown', revision: 'unknown', time: 'unknown'
System info: host: 'DELL', ip: '192.168.43.138', os.name: 'Windows 8.1', os.arch: 'amd64', os.version: '6.3', java.version: '1.8.0_181'
Driver info: org.openqa.selenium.chrome.ChromeDriver
Capabilities [{mobileEmulationEnabled=false, hasTouchScreen=false, platform=WIN8_1, acceptSslCerts=false, goog:chromeOptions={debuggerAddress=localhost:53292}, acceptInsecureCerts=false, webStorageEnabled=true, browserName=chrome, takesScreenshot=true, javascriptEnabled=true, setWindowRect=true, unexpectedAlertBehaviour=, applicationCacheEnabled=false, rotatable=false, networkConnectionEnabled=false, chrome={chromedriverVersion=2.41.578737 (49da6702b16031c40d63e5618de03a32ff6c197e), userDataDir=C:\Users\User\AppData\Local\Temp\scoped_dir4856_27497}, takesHeapSnapshot=true, pageLoadStrategy=normal, unhandledPromptBehavior=, databaseEnabled=false, handlesAlerts=true, version=73.0.3683.86, browserConnectionEnabled=false, nativeEvents=true, locationContextEnabled=true, cssSelectorsEnabled=true}]
Session ID: e4a82321ffc1ddc9999715addbded90f
	at org.openqa.selenium.remote.ErrorHandler.createThrowable(ErrorHandler.java:215)
	at org.openqa.selenium.remote.ErrorHandler.throwIfResponseFailed(ErrorHandler.java:167)
	at org.openqa.selenium.remote.http.JsonHttpResponseCodec.reconstructValue(JsonHttpResponseCodec.java:40)
	at org.openqa.selenium.remote.http.AbstractHttpResponseCodec.decode(AbstractHttpResponseCodec.java:82)
	at org.openqa.selenium.remote.http.AbstractHttpResponseCodec.decode(AbstractHttpResponseCodec.java:45)
	at org.openqa.selenium.remote.HttpCommandExecutor.execute(HttpCommandExecutor.java:164)
	at org.openqa.selenium.remote.service.DriverCommandExecutor.execute(DriverCommandExecutor.java:82)
	at org.openqa.selenium.remote.RemoteWebDriver.execute(RemoteWebDriver.java:641)
	at org.openqa.selenium.remote.RemoteWebElement.execute(RemoteWebElement.java:275)
	at org.openqa.selenium.remote.RemoteWebElement.click(RemoteWebElement.java:82)
	at com.test.WrapperClass.clickByXpath(WrapperClass.java:568)
	at com.test.FramingGovernanceTestcases.ChkAllSubModules_FramingGovernance(FramingGovernanceTestcases.java:22)
... Removed 29 stack frames]]>
    </failure>
  </testcase> <!-- ChkAllSubModules_FramingGovernance -->
  <testcase name="PageLevelHelp_RiskThreshold" time="30.189" classname="com.test.FramingGovernanceTestcases"/>
  <testcase name="RiskManagementMap_RiskThreshold" time="6.386" classname="com.test.FramingGovernanceTestcases"/>
  <testcase name="RiskThresholddropdown_RiskThreshold" time="24.624" classname="com.test.FramingGovernanceTestcases"/>
  <testcase name="Export_RiskThreshold" time="76.956" classname="com.test.FramingGovernanceTestcases"/>
  <testcase name="PageLevelHelp_LikelihoodSettings" time="21.282" classname="com.test.FramingGovernanceTestcases"/>
  <testcase name="RiskManagementMap_LikelihoodSettings" time="6.401" classname="com.test.FramingGovernanceTestcases"/>
  <testcase name="Export_LikelihoodSettings" time="17.395" classname="com.test.FramingGovernanceTestcases"/>
  <testcase name="Search_LikelihoodSettings" time="20.372" classname="com.test.FramingGovernanceTestcases"/>
  <testcase name="PageLevelHelp_ImpactSettings" time="19.432" classname="com.test.FramingGovernanceTestcases"/>
  <testcase name="RiskManagementMap_ImpactSettings" time="6.483" classname="com.test.FramingGovernanceTestcases"/>
  <testcase name="Export_ImpactSettings" time="17.394" classname="com.test.FramingGovernanceTestcases"/>
  <testcase name="Search_ImpactSettings" time="20.41" classname="com.test.FramingGovernanceTestcases"/>
  <testcase name="PageLevelHelp_CustomControls" time="20.321" classname="com.test.FramingGovernanceTestcases"/>
  <testcase name="RiskManagementMap_CustomControls" time="6.44" classname="com.test.FramingGovernanceTestcases"/>
  <testcase name="NewButton_CustomControls" time="51.096" classname="com.test.FramingGovernanceTestcases"/>
  <testcase name="EditButton_CustomControls" time="51.203" classname="com.test.FramingGovernanceTestcases"/>
  <testcase name="Export_CustomControls" time="17.338" classname="com.test.FramingGovernanceTestcases"/>
  <testcase name="Search_CustomControls" time="20.352" classname="com.test.FramingGovernanceTestcases"/>
  <testcase name="PageLevelHelp_CustomTags" time="20.47" classname="com.test.FramingGovernanceTestcases"/>
  <testcase name="RiskManagementMap_CustomTags" time="6.47" classname="com.test.FramingGovernanceTestcases"/>
  <testcase name="NewButton_CustomTags" time="51.192" classname="com.test.FramingGovernanceTestcases"/>
  <testcase name="EditButton_CustomTags" time="51.412" classname="com.test.FramingGovernanceTestcases"/>
  <testcase name="Export_CustomTags" time="25.938" classname="com.test.FramingGovernanceTestcases"/>
  <testcase name="Search_CustomTags" time="20.462" classname="com.test.FramingGovernanceTestcases"/>
  <testcase name="ChkAllSubModules_Dashboard" time="57.242" classname="com.test.DashBoardTestcases"/>
  <testcase name="Filter_RatingDistributionByAsset" time="49.45" classname="com.test.DashBoardTestcases"/>
  <testcase name="History_RatingDistributionByAsset" time="11.358" classname="com.test.DashBoardTestcases"/>
  <testcase name="Export_RatingDistributionByAsset" time="39.124" classname="com.test.DashBoardTestcases">
    <failure type="java.lang.AssertionError" message="expected [true] but found [false]">
      <![CDATA[java.lang.AssertionError: expected [true] but found [false]
	at com.test.WrapperClass.assertTextXpath(WrapperClass.java:1293)
	at com.test.DashBoardTestcases.Export_RatingDistributionByAsset(DashBoardTestcases.java:206)
... Removed 29 stack frames]]>
    </failure>
  </testcase> <!-- Export_RatingDistributionByAsset -->
  <testcase name="Export_RiskRatingTrends" time="51.364" classname="com.test.DashBoardTestcases">
    <failure type="java.lang.AssertionError" message="expected [true] but found [false]">
      <![CDATA[java.lang.AssertionError: expected [true] but found [false]
	at com.test.WrapperClass.assertTextXpath(WrapperClass.java:1293)
	at com.test.DashBoardTestcases.Export_RiskRatingTrends(DashBoardTestcases.java:296)
... Removed 29 stack frames]]>
    </failure>
  </testcase> <!-- Export_RiskRatingTrends -->
  <testcase name="Export_RiskRatingAverages" time="65.902" classname="com.test.DashBoardTestcases"/>
  <testcase name="Filter_TopEntities" time="66.487" classname="com.test.DashBoardTestcases"/>
  <testcase name="Export_TopEntities" time="24.346" classname="com.test.DashBoardTestcases"/>
  <testcase name="Filter_TopVulnerabilities" time="31.259" classname="com.test.DashBoardTestcases">
    <failure type="java.lang.AssertionError" message="expected [true] but found [false]">
      <![CDATA[java.lang.AssertionError: expected [true] but found [false]
	at com.test.WrapperClass.assertTextXpath(WrapperClass.java:1293)
	at com.test.DashBoardTestcases.Filter_TopVulnerabilities(DashBoardTestcases.java:526)
... Removed 29 stack frames]]>
    </failure>
  </testcase> <!-- Filter_TopVulnerabilities -->
  <testcase name="Export_TopVulnerabilities" time="139.732" classname="com.test.DashBoardTestcases"/>
  <testcase name="Filter_TopAssets" time="53.01" classname="com.test.DashBoardTestcases"/>
  <testcase name="Export_TopAssets" time="46.339" classname="com.test.DashBoardTestcases">
    <failure type="java.lang.AssertionError" message="expected [true] but found [false]">
      <![CDATA[java.lang.AssertionError: expected [true] but found [false]
	at com.test.WrapperClass.assertTextXpath(WrapperClass.java:1293)
	at com.test.DashBoardTestcases.Export_TopAssets(DashBoardTestcases.java:735)
... Removed 29 stack frames]]>
    </failure>
  </testcase> <!-- Export_TopAssets -->
  <testcase name="Filter_RatingReview" time="0.0" classname="com.test.RatingReviewTestcases">
    <ignored/>
  </testcase> <!-- Filter_RatingReview -->
  <testcase name="Multi_Selector" time="0.0" classname="com.test.RiskDeterminationTestcase">
    <ignored/>
  </testcase> <!-- Multi_Selector -->
  <testcase name="Notes_RiskResponseist" time="0.0" classname="com.test.RiskResponseListNew">
    <ignored/>
  </testcase> <!-- Notes_RiskResponseist -->
  <testcase name="ChkText_ComponentGroups_AssetWizard" time="0.0" classname="com.test.AddAssetTestcases">
    <ignored/>
  </testcase> <!-- ChkText_ComponentGroups_AssetWizard -->
  <testcase name="PageHearder_RiskQuestionnaireForm" time="0.0" classname="com.test.RiskDeterminationTestcase">
    <ignored/>
  </testcase> <!-- PageHearder_RiskQuestionnaireForm -->
  <testcase name="Filter_ControlsResponseReview" time="0.0" classname="com.test.ControlsResponseReviewTestcases">
    <ignored/>
  </testcase> <!-- Filter_ControlsResponseReview -->
  <testcase name="SimpleNotes_RiskResponseist" time="0.0" classname="com.test.RiskResponseListNew">
    <ignored/>
  </testcase> <!-- SimpleNotes_RiskResponseist -->
  <testcase name="ChkRecentNameLink_ComponentGroups_AssetWizard" time="0.0" classname="com.test.AddAssetTestcases">
    <ignored/>
  </testcase> <!-- ChkRecentNameLink_ComponentGroups_AssetWizard -->
  <testcase name="ReviewButton_RiskQuestionnaireList" time="0.0" classname="com.test.RiskDeterminationTestcase">
    <ignored/>
  </testcase> <!-- ReviewButton_RiskQuestionnaireList -->
  <testcase name="Filter_Documents" time="0.0" classname="com.test.DocumentsTestcase">
    <ignored/>
  </testcase> <!-- Filter_Documents -->
  <testcase name="PanelBar_RiskQuestionnaireForm" time="0.0" classname="com.test.RiskDeterminationTestcase">
    <ignored/>
  </testcase> <!-- PanelBar_RiskQuestionnaireForm -->
  <testcase name="PageLevelHelp_EnterpriseExtracts" time="0.0" classname="com.test.ReportsTestcases">
    <ignored/>
  </testcase> <!-- PageLevelHelp_EnterpriseExtracts -->
  <testcase name="RiskManagementMap_EnterpriseExtracts" time="0.0" classname="com.test.ReportsTestcases">
    <ignored/>
  </testcase> <!-- RiskManagementMap_EnterpriseExtracts -->
  <testcase name="MultiSelector_Documents" time="0.0" classname="com.test.DocumentsTestcase">
    <ignored/>
  </testcase> <!-- MultiSelector_Documents -->
  <testcase name="Filter_RiskResponseDetailReport" time="0.0" classname="com.test.ReportsTestcases">
    <ignored/>
  </testcase> <!-- Filter_RiskResponseDetailReport -->
  <testcase name="SimpleDocuments_RiskResponseist" time="0.0" classname="com.test.RiskResponseListNew">
    <ignored/>
  </testcase> <!-- SimpleDocuments_RiskResponseist -->
  <testcase name="PageLevelHelp_RiskResponseDetailReport" time="0.0" classname="com.test.ReportsTestcases">
    <ignored/>
  </testcase> <!-- PageLevelHelp_RiskResponseDetailReport -->
  <testcase name="Filter_AssetInventoryReport" time="0.0" classname="com.test.ReportsTestcases">
    <ignored/>
  </testcase> <!-- Filter_AssetInventoryReport -->
  <testcase name="RiskManagementMap_Documents" time="0.0" classname="com.test.DocumentsTestcase">
    <ignored/>
  </testcase> <!-- RiskManagementMap_Documents -->
  <testcase name="PageLevelHelp_RiskRatingDetailReport" time="0.0" classname="com.test.ReportsTestcases">
    <ignored/>
  </testcase> <!-- PageLevelHelp_RiskRatingDetailReport -->
  <testcase name="PageLevelHelp_Documents" time="0.0" classname="com.test.DocumentsTestcase">
    <ignored/>
  </testcase> <!-- PageLevelHelp_Documents -->
  <testcase name="RiskManagementMap_RiskRatingReport" time="0.0" classname="com.test.ReportsTestcases">
    <ignored/>
  </testcase> <!-- RiskManagementMap_RiskRatingReport -->
  <testcase name="Documents_ControlsGlobalMedia" time="0.0" classname="com.test.ControlsGlobalMediaTestcases">
    <ignored/>
  </testcase> <!-- Documents_ControlsGlobalMedia -->
  <testcase name="Filter_RiskReconciliationList" time="0.0" classname="com.test.RiskReconciliationListTestcases">
    <ignored/>
  </testcase> <!-- Filter_RiskReconciliationList -->
  <testcase name="Filter_RiskResponseist" time="0.0" classname="com.test.RiskResponseListNew">
    <ignored/>
  </testcase> <!-- Filter_RiskResponseist -->
  <testcase name="RiskManagementMap_RiskResponseDetailReport" time="0.0" classname="com.test.ReportsTestcases">
    <ignored/>
  </testcase> <!-- RiskManagementMap_RiskResponseDetailReport -->
  <testcase name="TC212" time="0.0" classname="com.test.DocumentsTestcase">
    <ignored/>
  </testcase> <!-- TC212 -->
  <testcase name="PageLevelHelp_AssetInventoryReport" time="0.0" classname="com.test.ReportsTestcases">
    <ignored/>
  </testcase> <!-- PageLevelHelp_AssetInventoryReport -->
  <testcase name="RQLPager_RiskQuestionnaireForm" time="0.0" classname="com.test.RiskDeterminationTestcase">
    <ignored/>
  </testcase> <!-- RQLPager_RiskQuestionnaireForm -->
  <testcase name="AllGroups_ComponentGroups_AssetWizard" time="0.0" classname="com.test.AddAssetTestcases">
    <ignored/>
  </testcase> <!-- AllGroups_ComponentGroups_AssetWizard -->
  <testcase name="Filter_ControlsReview" time="0.0" classname="com.test.ControlReviewTestcases">
    <ignored/>
  </testcase> <!-- Filter_ControlsReview -->
  <testcase name="TC214" time="0.0" classname="com.test.DocumentsTestcase">
    <ignored/>
  </testcase> <!-- TC214 -->
  <testcase name="ContextHelp_CreateAsset" time="0.0" classname="com.test.AddAssetTestcases">
    <ignored/>
  </testcase> <!-- ContextHelp_CreateAsset -->
  <testcase name="Check_ColumnHeader_RiskResponseDetailReport" time="0.0" classname="com.test.ReportsTestcases">
    <ignored/>
  </testcase> <!-- Check_ColumnHeader_RiskResponseDetailReport -->
  <testcase name="RiskManagementMap_RiskQuestionnaireForm" time="0.0" classname="com.test.RiskDeterminationTestcase">
    <ignored/>
  </testcase> <!-- RiskManagementMap_RiskQuestionnaireForm -->
  <testcase name="PhysicalLoaction_ComponentGroups" time="0.0" classname="com.test.AddAssetTestcases">
    <ignored/>
  </testcase> <!-- PhysicalLoaction_ComponentGroups -->
  <testcase name="Sorting_ControlsReview" time="0.0" classname="com.test.ControlReviewTestcases">
    <ignored/>
  </testcase> <!-- Sorting_ControlsReview -->
  <testcase name="ControlTag_ControlsReview" time="0.0" classname="com.test.ControlReviewTestcases">
    <ignored/>
  </testcase> <!-- ControlTag_ControlsReview -->
  <testcase name="ComponentCount_CES" time="0.0" classname="com.test.AddAssetTestcases">
    <ignored/>
  </testcase> <!-- ComponentCount_CES -->
  <testcase name="Filter_ControlsGlobalMedia" time="0.0" classname="com.test.ControlsGlobalMediaTestcases">
    <ignored/>
  </testcase> <!-- Filter_ControlsGlobalMedia -->
  <testcase name="AnotherGroupsButton_ComponentGroups_AssetWizard" time="0.0" classname="com.test.AddAssetTestcases">
    <ignored/>
  </testcase> <!-- AnotherGroupsButton_ComponentGroups_AssetWizard -->
  <testcase name="Sorting_RiskReconciliationList" time="0.0" classname="com.test.RiskReconciliationListTestcases">
    <ignored/>
  </testcase> <!-- Sorting_RiskReconciliationList -->
  <testcase name="RiskManagementMap_RiskRatingDetailReport" time="0.0" classname="com.test.ReportsTestcases">
    <ignored/>
  </testcase> <!-- RiskManagementMap_RiskRatingDetailReport -->
  <testcase name="Sorting_RatingReview" time="0.0" classname="com.test.RatingReviewTestcases">
    <ignored/>
  </testcase> <!-- Sorting_RatingReview -->
  <testcase name="RQLBackUp_RiskQuestionnaire" time="0.0" classname="com.test.RiskDeterminationTestcase">
    <ignored/>
  </testcase> <!-- RQLBackUp_RiskQuestionnaire -->
  <testcase name="PageLevelHelp_RiskRatingReport" time="0.0" classname="com.test.ReportsTestcases">
    <ignored/>
  </testcase> <!-- PageLevelHelp_RiskRatingReport -->
  <testcase name="RiskManagementMap_AssetInventoryReport" time="0.0" classname="com.test.ReportsTestcases">
    <ignored/>
  </testcase> <!-- RiskManagementMap_AssetInventoryReport -->
  <testcase name="Filter_RiskRatingDetailReport" time="0.0" classname="com.test.ReportsTestcases">
    <ignored/>
  </testcase> <!-- Filter_RiskRatingDetailReport -->
  <testcase name="Filter_RiskRatingReport" time="0.0" classname="com.test.ReportsTestcases">
    <ignored/>
  </testcase> <!-- Filter_RiskRatingReport -->
  <testcase name="AssetStatus_AssetInventoryList" time="0.0" classname="com.test.AddAssetTestcases">
    <ignored/>
  </testcase> <!-- AssetStatus_AssetInventoryList -->
  <testcase name="Filter_ResidualRatingReview" time="0.0" classname="com.test.ResidualRatingReviewTestcases">
    <ignored/>
  </testcase> <!-- Filter_ResidualRatingReview -->
  <testcase name="PageLevelHelp_RiskQuestionnaireForm" time="0.0" classname="com.test.RiskDeterminationTestcase">
    <ignored/>
  </testcase> <!-- PageLevelHelp_RiskQuestionnaireForm -->
</testsuite> <!-- Test -->
