<?xml version="1.0" encoding="UTF-8"?>
<!-- Generated by org.testng.reporters.JUnitReportReporter -->
<testsuite skipped="0" hostname="Dell" name="com.test.MediaAssetGroupsTestCases" tests="22" failures="4" timestamp="03 Oct 2018 18:02:52 GMT" time="630.608" errors="0">
  <testcase name="NavigationPage_MediaAssetGroups" time="69.316" classname="com.test.MediaAssetGroupsTestCases"/>
  <testcase name="PageHearder_MediaAsset" time="22.636" classname="com.test.MediaAssetGroupsTestCases"/>
  <testcase name="PanelBar_MediaAsset" time="10.207" classname="com.test.MediaAssetGroupsTestCases"/>
  <testcase name="RecordCount_MediaAsset" time="0.087" classname="com.test.MediaAssetGroupsTestCases">
    <failure type="java.lang.AssertionError" message="expected [Showing 8 of 8 entries] but found [Showing 7 of 7 entries]">
      <![CDATA[java.lang.AssertionError: expected [Showing 8 of 8 entries] but found [Showing 7 of 7 entries]
	at org.testng.Assert.fail(Assert.java:93)
	at org.testng.Assert.failNotEquals(Assert.java:512)
	at org.testng.Assert.assertEqualsImpl(Assert.java:134)
	at org.testng.Assert.assertEquals(Assert.java:115)
	at org.testng.Assert.assertEquals(Assert.java:189)
	at org.testng.Assert.assertEquals(Assert.java:199)
	at com.test.WrapperClass.assertEquals(WrapperClass.java:1317)
	at com.test.MediaAssetGroupsTestCases.RecordCount_MediaAsset(MediaAssetGroupsTestCases.java:76)
	at sun.reflect.NativeMethodAccessorImpl.invoke0(Native Method)
	at sun.reflect.NativeMethodAccessorImpl.invoke(Unknown Source)
	at sun.reflect.DelegatingMethodAccessorImpl.invoke(Unknown Source)
	at java.lang.reflect.Method.invoke(Unknown Source)
	at org.testng.internal.MethodInvocationHelper.invokeMethod(MethodInvocationHelper.java:108)
	at org.testng.internal.Invoker.invokeMethod(Invoker.java:661)
	at org.testng.internal.Invoker.invokeTestMethod(Invoker.java:869)
	at org.testng.internal.Invoker.invokeTestMethods(Invoker.java:1193)
	at org.testng.internal.TestMethodWorker.invokeTestMethods(TestMethodWorker.java:126)
	at org.testng.internal.TestMethodWorker.run(TestMethodWorker.java:109)
	at org.testng.TestRunner.privateRun(TestRunner.java:744)
	at org.testng.TestRunner.run(TestRunner.java:602)
	at org.testng.SuiteRunner.runTest(SuiteRunner.java:380)
	at org.testng.SuiteRunner.runSequentially(SuiteRunner.java:375)
	at org.testng.SuiteRunner.privateRun(SuiteRunner.java:340)
	at org.testng.SuiteRunner.run(SuiteRunner.java:289)
	at org.testng.SuiteRunnerWorker.runSuite(SuiteRunnerWorker.java:52)
	at org.testng.SuiteRunnerWorker.run(SuiteRunnerWorker.java:86)
	at org.testng.TestNG.runSuitesSequentially(TestNG.java:1301)
	at org.testng.TestNG.runSuitesLocally(TestNG.java:1226)
	at org.testng.TestNG.runSuites(TestNG.java:1144)
	at org.testng.TestNG.run(TestNG.java:1115)
	at org.testng.remote.AbstractRemoteTestNG.run(AbstractRemoteTestNG.java:132)
	at org.testng.remote.RemoteTestNG.initAndRun(RemoteTestNG.java:230)
	at org.testng.remote.RemoteTestNG.main(RemoteTestNG.java:76)
]]>
    </failure>
  </testcase> <!-- RecordCount_MediaAsset -->
  <testcase name="PageLevelHelp_MediaAsset" time="18.664" classname="com.test.MediaAssetGroupsTestCases"/>
  <testcase name="RiskManagementMap_MediaAsset" time="18.352" classname="com.test.MediaAssetGroupsTestCases"/>
  <testcase name="Check_ColumnHeader_MediaAsset" time="6.095" classname="com.test.MediaAssetGroupsTestCases">
    <failure type="java.lang.AssertionError" message="expected [Media ID] but found [Component ID]">
      <![CDATA[java.lang.AssertionError: expected [Media ID] but found [Component ID]
	at org.testng.Assert.fail(Assert.java:93)
	at org.testng.Assert.failNotEquals(Assert.java:512)
	at org.testng.Assert.assertEqualsImpl(Assert.java:134)
	at org.testng.Assert.assertEquals(Assert.java:115)
	at org.testng.Assert.assertEquals(Assert.java:189)
	at org.testng.Assert.assertEquals(Assert.java:199)
	at com.test.WrapperClass.assertEquals(WrapperClass.java:1317)
	at com.test.MediaAssetGroupsTestCases.Check_ColumnHeader_MediaAsset(MediaAssetGroupsTestCases.java:126)
	at sun.reflect.NativeMethodAccessorImpl.invoke0(Native Method)
	at sun.reflect.NativeMethodAccessorImpl.invoke(Unknown Source)
	at sun.reflect.DelegatingMethodAccessorImpl.invoke(Unknown Source)
	at java.lang.reflect.Method.invoke(Unknown Source)
	at org.testng.internal.MethodInvocationHelper.invokeMethod(MethodInvocationHelper.java:108)
	at org.testng.internal.Invoker.invokeMethod(Invoker.java:661)
	at org.testng.internal.Invoker.invokeTestMethod(Invoker.java:869)
	at org.testng.internal.Invoker.invokeTestMethods(Invoker.java:1193)
	at org.testng.internal.TestMethodWorker.invokeTestMethods(TestMethodWorker.java:126)
	at org.testng.internal.TestMethodWorker.run(TestMethodWorker.java:109)
	at org.testng.TestRunner.privateRun(TestRunner.java:744)
	at org.testng.TestRunner.run(TestRunner.java:602)
	at org.testng.SuiteRunner.runTest(SuiteRunner.java:380)
	at org.testng.SuiteRunner.runSequentially(SuiteRunner.java:375)
	at org.testng.SuiteRunner.privateRun(SuiteRunner.java:340)
	at org.testng.SuiteRunner.run(SuiteRunner.java:289)
	at org.testng.SuiteRunnerWorker.runSuite(SuiteRunnerWorker.java:52)
	at org.testng.SuiteRunnerWorker.run(SuiteRunnerWorker.java:86)
	at org.testng.TestNG.runSuitesSequentially(TestNG.java:1301)
	at org.testng.TestNG.runSuitesLocally(TestNG.java:1226)
	at org.testng.TestNG.runSuites(TestNG.java:1144)
	at org.testng.TestNG.run(TestNG.java:1115)
	at org.testng.remote.AbstractRemoteTestNG.run(AbstractRemoteTestNG.java:132)
	at org.testng.remote.RemoteTestNG.initAndRun(RemoteTestNG.java:230)
	at org.testng.remote.RemoteTestNG.main(RemoteTestNG.java:76)
]]>
    </failure>
  </testcase> <!-- Check_ColumnHeader_MediaAsset -->
  <testcase name="Edit_Check_ColumnsHeader_MediaAssetGroups" time="14.223" classname="com.test.MediaAssetGroupsTestCases">
    <failure type="java.lang.AssertionError" message="expected [Media Id] but found [Component Id]">
      <![CDATA[java.lang.AssertionError: expected [Media Id] but found [Component Id]
	at org.testng.Assert.fail(Assert.java:93)
	at org.testng.Assert.failNotEquals(Assert.java:512)
	at org.testng.Assert.assertEqualsImpl(Assert.java:134)
	at org.testng.Assert.assertEquals(Assert.java:115)
	at org.testng.Assert.assertEquals(Assert.java:189)
	at org.testng.Assert.assertEquals(Assert.java:199)
	at com.test.WrapperClass.assertEquals(WrapperClass.java:1317)
	at com.test.MediaAssetGroupsTestCases.Edit_Check_ColumnsHeader_MediaAssetGroups(MediaAssetGroupsTestCases.java:164)
	at sun.reflect.NativeMethodAccessorImpl.invoke0(Native Method)
	at sun.reflect.NativeMethodAccessorImpl.invoke(Unknown Source)
	at sun.reflect.DelegatingMethodAccessorImpl.invoke(Unknown Source)
	at java.lang.reflect.Method.invoke(Unknown Source)
	at org.testng.internal.MethodInvocationHelper.invokeMethod(MethodInvocationHelper.java:108)
	at org.testng.internal.Invoker.invokeMethod(Invoker.java:661)
	at org.testng.internal.Invoker.invokeTestMethod(Invoker.java:869)
	at org.testng.internal.Invoker.invokeTestMethods(Invoker.java:1193)
	at org.testng.internal.TestMethodWorker.invokeTestMethods(TestMethodWorker.java:126)
	at org.testng.internal.TestMethodWorker.run(TestMethodWorker.java:109)
	at org.testng.TestRunner.privateRun(TestRunner.java:744)
	at org.testng.TestRunner.run(TestRunner.java:602)
	at org.testng.SuiteRunner.runTest(SuiteRunner.java:380)
	at org.testng.SuiteRunner.runSequentially(SuiteRunner.java:375)
	at org.testng.SuiteRunner.privateRun(SuiteRunner.java:340)
	at org.testng.SuiteRunner.run(SuiteRunner.java:289)
	at org.testng.SuiteRunnerWorker.runSuite(SuiteRunnerWorker.java:52)
	at org.testng.SuiteRunnerWorker.run(SuiteRunnerWorker.java:86)
	at org.testng.TestNG.runSuitesSequentially(TestNG.java:1301)
	at org.testng.TestNG.runSuitesLocally(TestNG.java:1226)
	at org.testng.TestNG.runSuites(TestNG.java:1144)
	at org.testng.TestNG.run(TestNG.java:1115)
	at org.testng.remote.AbstractRemoteTestNG.run(AbstractRemoteTestNG.java:132)
	at org.testng.remote.RemoteTestNG.initAndRun(RemoteTestNG.java:230)
	at org.testng.remote.RemoteTestNG.main(RemoteTestNG.java:76)
]]>
    </failure>
  </testcase> <!-- Edit_Check_ColumnsHeader_MediaAssetGroups -->
  <testcase name="Edit_MediaAssetGroups" time="12.898" classname="com.test.MediaAssetGroupsTestCases"/>
  <testcase name="CreatingGroups_UncheckCopy_MediaAssetGroups" time="38.690" classname="com.test.MediaAssetGroupsTestCases"/>
  <testcase name="Chk_SplitedGroup_UnCheckCopy_MediaAssetGroups" time="6.172" classname="com.test.MediaAssetGroupsTestCases"/>
  <testcase name="Chk_CopyCheckbox_UnCheck_MediaAssetGroups" time="36.647" classname="com.test.MediaAssetGroupsTestCases"/>
  <testcase name="SplitGroup_SourceGroup_MediaAssetGroups" time="63.229" classname="com.test.MediaAssetGroupsTestCases"/>
  <testcase name="SplitedGroup_Rejoin_MediaAssetGroups" time="3.080" classname="com.test.MediaAssetGroupsTestCases"/>
  <testcase name="CreatingGroups_CheckCopy_MediaAssetGroups" time="46.524" classname="com.test.MediaAssetGroupsTestCases"/>
  <testcase name="Chk_SplitedGroup_CheckCopy_MediaAssetGroups" time="12.162" classname="com.test.MediaAssetGroupsTestCases"/>
  <testcase name="Chk_CopyCheckbox_Check_MediaAssetGroups" time="30.611" classname="com.test.MediaAssetGroupsTestCases"/>
  <testcase name="Delete_Cancel_MediaAssetGroups" time="34.553" classname="com.test.MediaAssetGroupsTestCases"/>
  <testcase name="Edit_CreateGroups_MediaAssetGroups" time="36.664" classname="com.test.MediaAssetGroupsTestCases"/>
  <testcase name="DeleteMedia_MediaAssetGroups" time="46.364" classname="com.test.MediaAssetGroupsTestCases"/>
  <testcase name="Chk_DeleteMedia_AssetInventoryList" time="83.301" classname="com.test.MediaAssetGroupsTestCases"/>
  <testcase name="Chk_AddedMedia_MediaAssetGroups" time="20.133" classname="com.test.MediaAssetGroupsTestCases">
    <failure type="java.lang.AssertionError" message="expected [Asset Wizard through Automation ; Pager Media ; TestingAsset] but found [Asset Wizard through Automation ; TestingAsset]">
      <![CDATA[java.lang.AssertionError: expected [Asset Wizard through Automation ; Pager Media ; TestingAsset] but found [Asset Wizard through Automation ; TestingAsset]
	at org.testng.Assert.fail(Assert.java:93)
	at org.testng.Assert.failNotEquals(Assert.java:512)
	at org.testng.Assert.assertEqualsImpl(Assert.java:134)
	at org.testng.Assert.assertEquals(Assert.java:115)
	at org.testng.Assert.assertEquals(Assert.java:189)
	at org.testng.Assert.assertEquals(Assert.java:199)
	at com.test.WrapperClass.assertEquals(WrapperClass.java:1317)
	at com.test.MediaAssetGroupsTestCases.Chk_AddedMedia_MediaAssetGroups(MediaAssetGroupsTestCases.java:678)
	at sun.reflect.NativeMethodAccessorImpl.invoke0(Native Method)
	at sun.reflect.NativeMethodAccessorImpl.invoke(Unknown Source)
	at sun.reflect.DelegatingMethodAccessorImpl.invoke(Unknown Source)
	at java.lang.reflect.Method.invoke(Unknown Source)
	at org.testng.internal.MethodInvocationHelper.invokeMethod(MethodInvocationHelper.java:108)
	at org.testng.internal.Invoker.invokeMethod(Invoker.java:661)
	at org.testng.internal.Invoker.invokeTestMethod(Invoker.java:869)
	at org.testng.internal.Invoker.invokeTestMethods(Invoker.java:1193)
	at org.testng.internal.TestMethodWorker.invokeTestMethods(TestMethodWorker.java:126)
	at org.testng.internal.TestMethodWorker.run(TestMethodWorker.java:109)
	at org.testng.TestRunner.privateRun(TestRunner.java:744)
	at org.testng.TestRunner.run(TestRunner.java:602)
	at org.testng.SuiteRunner.runTest(SuiteRunner.java:380)
	at org.testng.SuiteRunner.runSequentially(SuiteRunner.java:375)
	at org.testng.SuiteRunner.privateRun(SuiteRunner.java:340)
	at org.testng.SuiteRunner.run(SuiteRunner.java:289)
	at org.testng.SuiteRunnerWorker.runSuite(SuiteRunnerWorker.java:52)
	at org.testng.SuiteRunnerWorker.run(SuiteRunnerWorker.java:86)
	at org.testng.TestNG.runSuitesSequentially(TestNG.java:1301)
	at org.testng.TestNG.runSuitesLocally(TestNG.java:1226)
	at org.testng.TestNG.runSuites(TestNG.java:1144)
	at org.testng.TestNG.run(TestNG.java:1115)
	at org.testng.remote.AbstractRemoteTestNG.run(AbstractRemoteTestNG.java:132)
	at org.testng.remote.RemoteTestNG.initAndRun(RemoteTestNG.java:230)
	at org.testng.remote.RemoteTestNG.main(RemoteTestNG.java:76)
]]>
    </failure>
  </testcase> <!-- Chk_AddedMedia_MediaAssetGroups -->
</testsuite> <!-- com.test.MediaAssetGroupsTestCases -->
