<?xml version="1.0" encoding="UTF-8"?>
<!-- Generated by org.testng.reporters.JUnitReportReporter -->
<testsuite skipped="3" hostname="Dell" name="com.test.RiskDeterminationStage" tests="22" failures="1" timestamp="16 Jul 2018 14:58:03 GMT" time="903.158" errors="0">
  <testcase name="NavigatePage_RiskQuestionnaireList" time="21.392" classname="com.test.RiskDeterminationStage"/>
  <testcase name="PageHearder_RiskQuestionnaireList" time="7.495" classname="com.test.RiskDeterminationStage"/>
  <testcase name="PanelBar_RiskQuestionnaireList" time="6.264" classname="com.test.RiskDeterminationStage">
    <failure type="java.lang.AssertionError" message="expected [Showing 7 of 7 entries] but found [Showing 4 of 4 entries]">
      <![CDATA[java.lang.AssertionError: expected [Showing 7 of 7 entries] but found [Showing 4 of 4 entries]
	at org.testng.Assert.fail(Assert.java:93)
	at org.testng.Assert.failNotEquals(Assert.java:512)
	at org.testng.Assert.assertEqualsImpl(Assert.java:134)
	at org.testng.Assert.assertEquals(Assert.java:115)
	at org.testng.Assert.assertEquals(Assert.java:189)
	at org.testng.Assert.assertEquals(Assert.java:199)
	at com.test.WrapperClass.assertEquals(WrapperClass.java:1237)
	at com.test.RiskDeterminationStage.PanelBar_RiskQuestionnaireList(RiskDeterminationStage.java:78)
	at sun.reflect.NativeMethodAccessorImpl.invoke0(Native Method)
	at sun.reflect.NativeMethodAccessorImpl.invoke(Unknown Source)
	at sun.reflect.DelegatingMethodAccessorImpl.invoke(Unknown Source)
	at java.lang.reflect.Method.invoke(Unknown Source)
	at org.testng.internal.MethodInvocationHelper.invokeMethod(MethodInvocationHelper.java:108)
	at org.testng.internal.Invoker.invokeMethod(Invoker.java:661)
	at org.testng.internal.Invoker.invokeTestMethod(Invoker.java:869)
	at org.testng.internal.Invoker.invokeTestMethods(Invoker.java:1193)
	at org.testng.internal.TestMethodWorker.invokeTestMethods(TestMethodWorker.java:126)
	at org.testng.internal.TestMethodWorker.run(TestMethodWorker.java:109)
	at org.testng.TestRunner.privateRun(TestRunner.java:744)
	at org.testng.TestRunner.run(TestRunner.java:602)
	at org.testng.SuiteRunner.runTest(SuiteRunner.java:380)
	at org.testng.SuiteRunner.runSequentially(SuiteRunner.java:375)
	at org.testng.SuiteRunner.privateRun(SuiteRunner.java:340)
	at org.testng.SuiteRunner.run(SuiteRunner.java:289)
	at org.testng.SuiteRunnerWorker.runSuite(SuiteRunnerWorker.java:52)
	at org.testng.SuiteRunnerWorker.run(SuiteRunnerWorker.java:86)
	at org.testng.TestNG.runSuitesSequentially(TestNG.java:1301)
	at org.testng.TestNG.runSuitesLocally(TestNG.java:1226)
	at org.testng.TestNG.runSuites(TestNG.java:1144)
	at org.testng.TestNG.run(TestNG.java:1115)
	at org.testng.remote.AbstractRemoteTestNG.run(AbstractRemoteTestNG.java:132)
	at org.testng.remote.RemoteTestNG.initAndRun(RemoteTestNG.java:230)
	at org.testng.remote.RemoteTestNG.main(RemoteTestNG.java:76)
]]>
    </failure>
  </testcase> <!-- PanelBar_RiskQuestionnaireList -->
  <testcase name="PageLevelHelp_RiskQuestionnaireList" time="9.700" classname="com.test.RiskDeterminationStage"/>
  <testcase name="RiskManagementMap_RiskQuestionnaireList" time="11.370" classname="com.test.RiskDeterminationStage"/>
  <testcase name="PageHearder_RiskQuestionnaireForm" time="18.312" classname="com.test.RiskDeterminationStage"/>
  <testcase name="PanelBar_RiskQuestionnaireForm" time="5.279" classname="com.test.RiskDeterminationStage"/>
  <testcase name="PageLevelHelp_RiskQuestionnaireForm" time="9.813" classname="com.test.RiskDeterminationStage"/>
  <testcase name="RiskManagementMap_RiskQuestionnaireForm" time="23.891" classname="com.test.RiskDeterminationStage"/>
  <testcase name="RQLPager" time="438.766" classname="com.test.RiskDeterminationStage"/>
  <testcase name="AllFields_RiskQuestionnaireList" time="15.594" classname="com.test.RiskDeterminationStage"/>
  <testcase name="QuickFilter_RiskQuestionnaireList" time="22.604" classname="com.test.RiskDeterminationStage"/>
  <testcase name="Filters_RiskQuestionnaireList" time="44.828" classname="com.test.RiskDeterminationStage"/>
  <testcase name="Export_RiskQuestionnaireList" time="49.555" classname="com.test.RiskDeterminationStage"/>
  <testcase name="ProgressBar_ColumnHeaders_RiskQuestionnaireList" time="32.740" classname="com.test.RiskDeterminationStage"/>
  <testcase name="RiskAnalyst_RiskQuestionnaireList" time="7.423" classname="com.test.RiskDeterminationStage"/>
  <testcase name="ReviewButton_RiskQuestionnaireList" time="87.293" classname="com.test.RiskDeterminationStage"/>
  <testcase name="Multi_Selector_" time="11.444" classname="com.test.RiskDeterminationStage"/>
  <testcase name="Sorting_RiskdeterminationList" time="79.395" classname="com.test.RiskDeterminationStage"/>
  <testcase name="TC147and148" classname="com.test.RiskDeterminationStage">
    <skipped/>
  </testcase> <!-- TC147and148 -->
  <testcase name="TC164" classname="com.test.RiskDeterminationStage">
    <skipped/>
  </testcase> <!-- TC164 -->
  <testcase name="TC153" classname="com.test.RiskDeterminationStage">
    <skipped/>
  </testcase> <!-- TC153 -->
</testsuite> <!-- com.test.RiskDeterminationStage -->
