<?xml version="1.0" encoding="UTF-8"?>
<!-- Generated by org.testng.reporters.JUnitReportReporter -->
<testsuite skipped="15" hostname="Dell" name="com.test.ReportsTestcases" tests="43" failures="2" timestamp="27 Mar 2019 13:33:43 GMT" time="710.788" errors="1">
  <testcase name="Check_Submenu_Reports" time="30.939" classname="com.test.ReportsTestcases">
    <failure type="java.lang.AssertionError" message="expected [true] but found [false]">
      <![CDATA[java.lang.AssertionError: expected [true] but found [false]
	at org.testng.Assert.fail(Assert.java:93)
	at org.testng.Assert.failNotEquals(Assert.java:512)
	at org.testng.Assert.assertTrue(Assert.java:41)
	at org.testng.Assert.assertTrue(Assert.java:51)
	at com.test.WrapperClass.assertTextXpath(WrapperClass.java:1293)
	at com.test.ReportsTestcases.Check_Submenu_Reports(ReportsTestcases.java:27)
	at sun.reflect.NativeMethodAccessorImpl.invoke0(Native Method)
	at sun.reflect.NativeMethodAccessorImpl.invoke(Unknown Source)
	at sun.reflect.DelegatingMethodAccessorImpl.invoke(Unknown Source)
	at java.lang.reflect.Method.invoke(Unknown Source)
	at org.testng.internal.MethodInvocationHelper.invokeMethod(MethodInvocationHelper.java:108)
	at org.testng.internal.Invoker.invokeMethod(Invoker.java:661)
	at org.testng.internal.Invoker.invokeTestMethod(Invoker.java:869)
	at org.testng.internal.Invoker.invokeTestMethods(Invoker.java:1193)
	at org.testng.internal.TestMethodWorker.invokeTestMethods(TestMethodWorker.java:126)
	at org.testng.internal.TestMethodWorker.run(TestMethodWorker.java:109)
	at org.testng.TestRunner.privateRun(TestRunner.java:744)
	at org.testng.TestRunner.run(TestRunner.java:602)
	at org.testng.SuiteRunner.runTest(SuiteRunner.java:380)
	at org.testng.SuiteRunner.runSequentially(SuiteRunner.java:375)
	at org.testng.SuiteRunner.privateRun(SuiteRunner.java:340)
	at org.testng.SuiteRunner.run(SuiteRunner.java:289)
	at org.testng.SuiteRunnerWorker.runSuite(SuiteRunnerWorker.java:52)
	at org.testng.SuiteRunnerWorker.run(SuiteRunnerWorker.java:86)
	at org.testng.TestNG.runSuitesSequentially(TestNG.java:1301)
	at org.testng.TestNG.runSuitesLocally(TestNG.java:1226)
	at org.testng.TestNG.runSuites(TestNG.java:1144)
	at org.testng.TestNG.run(TestNG.java:1115)
	at org.testng.remote.AbstractRemoteTestNG.run(AbstractRemoteTestNG.java:132)
	at org.testng.remote.RemoteTestNG.initAndRun(RemoteTestNG.java:230)
	at org.testng.remote.RemoteTestNG.main(RemoteTestNG.java:76)
]]>
    </failure>
  </testcase> <!-- Check_Submenu_Reports -->
  <testcase name="Navigate_RiskRatingReport" time="25.785" classname="com.test.ReportsTestcases"/>
  <testcase name="PageHearder_RiskRatingReport" time="9.360" classname="com.test.ReportsTestcases"/>
  <testcase name="PanelBar_RiskRatingReport" time="9.154" classname="com.test.ReportsTestcases"/>
  <testcase name="Check_ColumnHeader_RiskRatingReport" time="36.780" classname="com.test.ReportsTestcases"/>
  <testcase name="Export_RiskRatingReport" time="40.783" classname="com.test.ReportsTestcases"/>
  <testcase name="QuickFilter_RiskRatingReport" time="22.376" classname="com.test.ReportsTestcases"/>
  <testcase name="Navigate_RiskRatingDetailReport" time="32.238" classname="com.test.ReportsTestcases"/>
  <testcase name="PageHearder_RiskRatingDetailReport" time="9.346" classname="com.test.ReportsTestcases"/>
  <testcase name="PanelBar_RiskRatingDetailReport" time="9.187" classname="com.test.ReportsTestcases"/>
  <testcase name="Check_ColumnHeader_RiskRatingDetailReport" time="6.082" classname="com.test.ReportsTestcases">
    <failure type="java.lang.AssertionError" message="expected [Component / Group Name] but found [Scenario Advisory]">
      <![CDATA[java.lang.AssertionError: expected [Component / Group Name] but found [Scenario Advisory]
	at org.testng.Assert.fail(Assert.java:93)
	at org.testng.Assert.failNotEquals(Assert.java:512)
	at org.testng.Assert.assertEqualsImpl(Assert.java:134)
	at org.testng.Assert.assertEquals(Assert.java:115)
	at org.testng.Assert.assertEquals(Assert.java:189)
	at org.testng.Assert.assertEquals(Assert.java:199)
	at com.test.WrapperClass.assertEquals(WrapperClass.java:1337)
	at com.test.ReportsTestcases.Check_ColumnHeader_RiskRatingDetailReport(ReportsTestcases.java:441)
	at sun.reflect.NativeMethodAccessorImpl.invoke0(Native Method)
	at sun.reflect.NativeMethodAccessorImpl.invoke(Unknown Source)
	at sun.reflect.DelegatingMethodAccessorImpl.invoke(Unknown Source)
	at java.lang.reflect.Method.invoke(Unknown Source)
	at org.testng.internal.MethodInvocationHelper.invokeMethod(MethodInvocationHelper.java:108)
	at org.testng.internal.Invoker.invokeMethod(Invoker.java:661)
	at org.testng.internal.Invoker.invokeTestMethod(Invoker.java:869)
	at org.testng.internal.Invoker.invokeTestMethods(Invoker.java:1193)
	at org.testng.internal.TestMethodWorker.invokeTestMethods(TestMethodWorker.java:126)
	at org.testng.internal.TestMethodWorker.run(TestMethodWorker.java:109)
	at org.testng.TestRunner.privateRun(TestRunner.java:744)
	at org.testng.TestRunner.run(TestRunner.java:602)
	at org.testng.SuiteRunner.runTest(SuiteRunner.java:380)
	at org.testng.SuiteRunner.runSequentially(SuiteRunner.java:375)
	at org.testng.SuiteRunner.privateRun(SuiteRunner.java:340)
	at org.testng.SuiteRunner.run(SuiteRunner.java:289)
	at org.testng.SuiteRunnerWorker.runSuite(SuiteRunnerWorker.java:52)
	at org.testng.SuiteRunnerWorker.run(SuiteRunnerWorker.java:86)
	at org.testng.TestNG.runSuitesSequentially(TestNG.java:1301)
	at org.testng.TestNG.runSuitesLocally(TestNG.java:1226)
	at org.testng.TestNG.runSuites(TestNG.java:1144)
	at org.testng.TestNG.run(TestNG.java:1115)
	at org.testng.remote.AbstractRemoteTestNG.run(AbstractRemoteTestNG.java:132)
	at org.testng.remote.RemoteTestNG.initAndRun(RemoteTestNG.java:230)
	at org.testng.remote.RemoteTestNG.main(RemoteTestNG.java:76)
]]>
    </failure>
  </testcase> <!-- Check_ColumnHeader_RiskRatingDetailReport -->
  <testcase name="Export_RiskRatingDetailReport" time="40.786" classname="com.test.ReportsTestcases"/>
  <testcase name="QuickFilter_RiskRatingDetailReport" time="22.444" classname="com.test.ReportsTestcases"/>
  <testcase name="Navigate_AssetInventoryReport" time="18.663" classname="com.test.ReportsTestcases"/>
  <testcase name="PageHearder_AssetInventoryReport" time="9.310" classname="com.test.ReportsTestcases"/>
  <testcase name="PanelBar_AssetInventoryReport" time="9.186" classname="com.test.ReportsTestcases"/>
  <testcase name="Check_ColumnHeader_AssetInventoryReport" time="46.318" classname="com.test.ReportsTestcases"/>
  <testcase name="Export_AssetInventoryReport" time="42.215" classname="com.test.ReportsTestcases"/>
  <testcase name="QuickFilter_AssetInventoryReport" time="22.355" classname="com.test.ReportsTestcases"/>
  <testcase name="Navigate_RiskResponseDetailReport" time="18.989" classname="com.test.ReportsTestcases"/>
  <testcase name="PageHearder_RiskResponseDetailReport" time="9.316" classname="com.test.ReportsTestcases"/>
  <testcase name="PanelBar_RiskResponseDetailReport" time="9.173" classname="com.test.ReportsTestcases"/>
  <testcase name="Export_RiskResponseDetailReport" time="40.655" classname="com.test.ReportsTestcases"/>
  <testcase name="QuickFilter_RiskResponseDetailReport" time="113.142" classname="com.test.ReportsTestcases"/>
  <testcase name="Navigate_EnterpriseExtracts" time="26.774" classname="com.test.ReportsTestcases"/>
  <testcase name="PageHearder_EnterpriseExtracts" time="9.398" classname="com.test.ReportsTestcases"/>
  <testcase name="PanelBar_EnterpriseExtracts" time="9.230" classname="com.test.ReportsTestcases"/>
  <testcase name="ExportButtons_EnterpriseExtracts" time="30.804" classname="com.test.ReportsTestcases">
    <error type="org.openqa.selenium.WebDriverException" message="unknown error: Element &lt;input class=&quot;btn btn-success btn-sm btn-block export-button&quot; type=&quot;button&quot; name=&quot;risk-response-list-button&quot; value=&quot;Risk Action Plan&quot; ng-click=&quot;exportCsvLink(&#039;/enterprise-extracts/risk-action-plan-report&#039;)&quot;&gt; is not clickable at point (324, 462). Other element would receive the click: &lt;div class=&quot;bootbox modal fade in&quot; tabindex=&quot;-1&quot; role=&quot;dialog&quot; style=&quot;display: block; padding-right: 17px;&quot;&gt;...&lt;/div&gt;
  (Session info: chrome=73.0.3683.86)
  (Driver info: chromedriver=2.41.578737 (49da6702b16031c40d63e5618de03a32ff6c197e),platform=Windows NT 6.3.9600 x86_64) (WARNING: The server did not provide any stacktrace information)
Command duration or timeout: 0 milliseconds
Build info: version: &#039;unknown&#039;, revision: &#039;unknown&#039;, time: &#039;unknown&#039;
System info: host: &#039;DELL&#039;, ip: &#039;192.168.43.138&#039;, os.name: &#039;Windows 8.1&#039;, os.arch: &#039;amd64&#039;, os.version: &#039;6.3&#039;, java.version: &#039;1.8.0_181&#039;
Driver info: org.openqa.selenium.chrome.ChromeDriver
Capabilities [{mobileEmulationEnabled=false, hasTouchScreen=false, platform=WIN8_1, acceptSslCerts=false, goog:chromeOptions={debuggerAddress=localhost:53292}, acceptInsecureCerts=false, webStorageEnabled=true, browserName=chrome, takesScreenshot=true, javascriptEnabled=true, setWindowRect=true, unexpectedAlertBehaviour=, applicationCacheEnabled=false, rotatable=false, networkConnectionEnabled=false, chrome={chromedriverVersion=2.41.578737 (49da6702b16031c40d63e5618de03a32ff6c197e), userDataDir=C:\Users\User\AppData\Local\Temp\scoped_dir4856_27497}, takesHeapSnapshot=true, pageLoadStrategy=normal, unhandledPromptBehavior=, databaseEnabled=false, handlesAlerts=true, version=73.0.3683.86, browserConnectionEnabled=false, nativeEvents=true, locationContextEnabled=true, cssSelectorsEnabled=true}]
Session ID: e4a82321ffc1ddc9999715addbded90f">
      <![CDATA[org.openqa.selenium.WebDriverException: unknown error: Element <input class="btn btn-success btn-sm btn-block export-button" type="button" name="risk-response-list-button" value="Risk Action Plan" ng-click="exportCsvLink('/enterprise-extracts/risk-action-plan-report')"> is not clickable at point (324, 462). Other element would receive the click: <div class="bootbox modal fade in" tabindex="-1" role="dialog" style="display: block; padding-right: 17px;">...</div>
  (Session info: chrome=73.0.3683.86)
  (Driver info: chromedriver=2.41.578737 (49da6702b16031c40d63e5618de03a32ff6c197e),platform=Windows NT 6.3.9600 x86_64) (WARNING: The server did not provide any stacktrace information)
Command duration or timeout: 0 milliseconds
Build info: version: 'unknown', revision: 'unknown', time: 'unknown'
System info: host: 'DELL', ip: '192.168.43.138', os.name: 'Windows 8.1', os.arch: 'amd64', os.version: '6.3', java.version: '1.8.0_181'
Driver info: org.openqa.selenium.chrome.ChromeDriver
Capabilities [{mobileEmulationEnabled=false, hasTouchScreen=false, platform=WIN8_1, acceptSslCerts=false, goog:chromeOptions={debuggerAddress=localhost:53292}, acceptInsecureCerts=false, webStorageEnabled=true, browserName=chrome, takesScreenshot=true, javascriptEnabled=true, setWindowRect=true, unexpectedAlertBehaviour=, applicationCacheEnabled=false, rotatable=false, networkConnectionEnabled=false, chrome={chromedriverVersion=2.41.578737 (49da6702b16031c40d63e5618de03a32ff6c197e), userDataDir=C:\Users\User\AppData\Local\Temp\scoped_dir4856_27497}, takesHeapSnapshot=true, pageLoadStrategy=normal, unhandledPromptBehavior=, databaseEnabled=false, handlesAlerts=true, version=73.0.3683.86, browserConnectionEnabled=false, nativeEvents=true, locationContextEnabled=true, cssSelectorsEnabled=true}]
Session ID: e4a82321ffc1ddc9999715addbded90f
	at sun.reflect.NativeConstructorAccessorImpl.newInstance0(Native Method)
	at sun.reflect.NativeConstructorAccessorImpl.newInstance(Unknown Source)
	at sun.reflect.DelegatingConstructorAccessorImpl.newInstance(Unknown Source)
	at java.lang.reflect.Constructor.newInstance(Unknown Source)
	at org.openqa.selenium.remote.ErrorHandler.createThrowable(ErrorHandler.java:215)
	at org.openqa.selenium.remote.ErrorHandler.throwIfResponseFailed(ErrorHandler.java:167)
	at org.openqa.selenium.remote.http.JsonHttpResponseCodec.reconstructValue(JsonHttpResponseCodec.java:40)
	at org.openqa.selenium.remote.http.AbstractHttpResponseCodec.decode(AbstractHttpResponseCodec.java:82)
	at org.openqa.selenium.remote.http.AbstractHttpResponseCodec.decode(AbstractHttpResponseCodec.java:45)
	at org.openqa.selenium.remote.HttpCommandExecutor.execute(HttpCommandExecutor.java:164)
	at org.openqa.selenium.remote.service.DriverCommandExecutor.execute(DriverCommandExecutor.java:82)
	at org.openqa.selenium.remote.RemoteWebDriver.execute(RemoteWebDriver.java:641)
	at org.openqa.selenium.remote.RemoteWebElement.execute(RemoteWebElement.java:275)
	at org.openqa.selenium.remote.RemoteWebElement.click(RemoteWebElement.java:82)
	at com.test.WrapperClass.clickByXpath(WrapperClass.java:568)
	at com.test.ReportsTestcases.ExportButtons_EnterpriseExtracts(ReportsTestcases.java:1440)
	at sun.reflect.NativeMethodAccessorImpl.invoke0(Native Method)
	at sun.reflect.NativeMethodAccessorImpl.invoke(Unknown Source)
	at sun.reflect.DelegatingMethodAccessorImpl.invoke(Unknown Source)
	at java.lang.reflect.Method.invoke(Unknown Source)
	at org.testng.internal.MethodInvocationHelper.invokeMethod(MethodInvocationHelper.java:108)
	at org.testng.internal.Invoker.invokeMethod(Invoker.java:661)
	at org.testng.internal.Invoker.invokeTestMethod(Invoker.java:869)
	at org.testng.internal.Invoker.invokeTestMethods(Invoker.java:1193)
	at org.testng.internal.TestMethodWorker.invokeTestMethods(TestMethodWorker.java:126)
	at org.testng.internal.TestMethodWorker.run(TestMethodWorker.java:109)
	at org.testng.TestRunner.privateRun(TestRunner.java:744)
	at org.testng.TestRunner.run(TestRunner.java:602)
	at org.testng.SuiteRunner.runTest(SuiteRunner.java:380)
	at org.testng.SuiteRunner.runSequentially(SuiteRunner.java:375)
	at org.testng.SuiteRunner.privateRun(SuiteRunner.java:340)
	at org.testng.SuiteRunner.run(SuiteRunner.java:289)
	at org.testng.SuiteRunnerWorker.runSuite(SuiteRunnerWorker.java:52)
	at org.testng.SuiteRunnerWorker.run(SuiteRunnerWorker.java:86)
	at org.testng.TestNG.runSuitesSequentially(TestNG.java:1301)
	at org.testng.TestNG.runSuitesLocally(TestNG.java:1226)
	at org.testng.TestNG.runSuites(TestNG.java:1144)
	at org.testng.TestNG.run(TestNG.java:1115)
	at org.testng.remote.AbstractRemoteTestNG.run(AbstractRemoteTestNG.java:132)
	at org.testng.remote.RemoteTestNG.initAndRun(RemoteTestNG.java:230)
	at org.testng.remote.RemoteTestNG.main(RemoteTestNG.java:76)
]]>
    </error>
  </testcase> <!-- ExportButtons_EnterpriseExtracts -->
  <testcase name="RiskManagementMap_AssetInventoryReport" classname="com.test.ReportsTestcases">
    <skipped/>
  </testcase> <!-- RiskManagementMap_AssetInventoryReport -->
  <testcase name="Filter_RiskRatingDetailReport" classname="com.test.ReportsTestcases">
    <skipped/>
  </testcase> <!-- Filter_RiskRatingDetailReport -->
  <testcase name="RiskManagementMap_RiskResponseDetailReport" classname="com.test.ReportsTestcases">
    <skipped/>
  </testcase> <!-- RiskManagementMap_RiskResponseDetailReport -->
  <testcase name="Filter_RiskRatingReport" classname="com.test.ReportsTestcases">
    <skipped/>
  </testcase> <!-- Filter_RiskRatingReport -->
  <testcase name="PageLevelHelp_AssetInventoryReport" classname="com.test.ReportsTestcases">
    <skipped/>
  </testcase> <!-- PageLevelHelp_AssetInventoryReport -->
  <testcase name="RiskManagementMap_RiskRatingDetailReport" classname="com.test.ReportsTestcases">
    <skipped/>
  </testcase> <!-- RiskManagementMap_RiskRatingDetailReport -->
  <testcase name="PageLevelHelp_EnterpriseExtracts" classname="com.test.ReportsTestcases">
    <skipped/>
  </testcase> <!-- PageLevelHelp_EnterpriseExtracts -->
  <testcase name="RiskManagementMap_EnterpriseExtracts" classname="com.test.ReportsTestcases">
    <skipped/>
  </testcase> <!-- RiskManagementMap_EnterpriseExtracts -->
  <testcase name="Check_ColumnHeader_RiskResponseDetailReport" classname="com.test.ReportsTestcases">
    <skipped/>
  </testcase> <!-- Check_ColumnHeader_RiskResponseDetailReport -->
  <testcase name="Filter_RiskResponseDetailReport" classname="com.test.ReportsTestcases">
    <skipped/>
  </testcase> <!-- Filter_RiskResponseDetailReport -->
  <testcase name="PageLevelHelp_RiskResponseDetailReport" classname="com.test.ReportsTestcases">
    <skipped/>
  </testcase> <!-- PageLevelHelp_RiskResponseDetailReport -->
  <testcase name="Filter_AssetInventoryReport" classname="com.test.ReportsTestcases">
    <skipped/>
  </testcase> <!-- Filter_AssetInventoryReport -->
  <testcase name="PageLevelHelp_RiskRatingDetailReport" classname="com.test.ReportsTestcases">
    <skipped/>
  </testcase> <!-- PageLevelHelp_RiskRatingDetailReport -->
  <testcase name="RiskManagementMap_RiskRatingReport" classname="com.test.ReportsTestcases">
    <skipped/>
  </testcase> <!-- RiskManagementMap_RiskRatingReport -->
  <testcase name="PageLevelHelp_RiskRatingReport" classname="com.test.ReportsTestcases">
    <skipped/>
  </testcase> <!-- PageLevelHelp_RiskRatingReport -->
</testsuite> <!-- com.test.ReportsTestcases -->
