<?xml version="1.0" encoding="UTF-8"?>
<!-- Generated by org.testng.reporters.JUnitReportReporter -->
<testsuite skipped="8" hostname="Dell" name="com.test.RiskDeterminationTestcase" tests="20" failures="0" timestamp="27 Mar 2019 13:33:43 GMT" time="561.785" errors="1">
  <testcase name="NavigatePage_RiskQuestionnaireList" time="59.907" classname="com.test.RiskDeterminationTestcase"/>
  <testcase name="PageHearder_RiskQuestionnaireList" time="7.263" classname="com.test.RiskDeterminationTestcase"/>
  <testcase name="PanelBar_RiskQuestionnaireList" time="9.252" classname="com.test.RiskDeterminationTestcase"/>
  <testcase name="PageLevelHelp_RiskQuestionnaireList" time="9.306" classname="com.test.RiskDeterminationTestcase"/>
  <testcase name="RiskManagementMap_RiskQuestionnaireList" time="9.444" classname="com.test.RiskDeterminationTestcase"/>
  <testcase name="AllFields_RiskQuestionnaireList" time="15.308" classname="com.test.RiskDeterminationTestcase"/>
  <testcase name="QuickFilter_RiskQuestionnaireList" time="38.545" classname="com.test.RiskDeterminationTestcase"/>
  <testcase name="Filters_RiskQuestionnaireList" time="59.801" classname="com.test.RiskDeterminationTestcase"/>
  <testcase name="Export_RiskQuestionnaireList" time="83.655" classname="com.test.RiskDeterminationTestcase"/>
  <testcase name="ProgressBar_ColumnHeaders_RiskQuestionnaireList" time="30.993" classname="com.test.RiskDeterminationTestcase"/>
  <testcase name="RiskAnalyst_RiskQuestionnaireList" time="123.290" classname="com.test.RiskDeterminationTestcase">
    <error type="org.openqa.selenium.NoSuchElementException" message="no such element: Unable to locate element: {&quot;method&quot;:&quot;xpath&quot;,&quot;selector&quot;:&quot;//*[@id=&#039;content&#039;]/tr[2]/td[5]/div/cw-risk-analyst-choices/select/option[3]&quot;}
  (Session info: chrome=73.0.3683.86)
  (Driver info: chromedriver=2.41.578737 (49da6702b16031c40d63e5618de03a32ff6c197e),platform=Windows NT 6.3.9600 x86_64) (WARNING: The server did not provide any stacktrace information)
Command duration or timeout: 0 milliseconds
For documentation on this error, please visit: http://seleniumhq.org/exceptions/no_such_element.html
Build info: version: &#039;unknown&#039;, revision: &#039;unknown&#039;, time: &#039;unknown&#039;
System info: host: &#039;DELL&#039;, ip: &#039;192.168.43.138&#039;, os.name: &#039;Windows 8.1&#039;, os.arch: &#039;amd64&#039;, os.version: &#039;6.3&#039;, java.version: &#039;1.8.0_181&#039;
Driver info: org.openqa.selenium.chrome.ChromeDriver
Capabilities [{mobileEmulationEnabled=false, hasTouchScreen=false, platform=WIN8_1, acceptSslCerts=false, goog:chromeOptions={debuggerAddress=localhost:53292}, acceptInsecureCerts=false, webStorageEnabled=true, browserName=chrome, takesScreenshot=true, javascriptEnabled=true, setWindowRect=true, unexpectedAlertBehaviour=, applicationCacheEnabled=false, rotatable=false, networkConnectionEnabled=false, chrome={chromedriverVersion=2.41.578737 (49da6702b16031c40d63e5618de03a32ff6c197e), userDataDir=C:\Users\User\AppData\Local\Temp\scoped_dir4856_27497}, takesHeapSnapshot=true, pageLoadStrategy=normal, unhandledPromptBehavior=, databaseEnabled=false, handlesAlerts=true, version=73.0.3683.86, browserConnectionEnabled=false, nativeEvents=true, locationContextEnabled=true, cssSelectorsEnabled=true}]
Session ID: e4a82321ffc1ddc9999715addbded90f
*** Element info: {Using=xpath, value=//*[@id=&#039;content&#039;]/tr[2]/td[5]/div/cw-risk-analyst-choices/select/option[3]}">
      <![CDATA[org.openqa.selenium.NoSuchElementException: no such element: Unable to locate element: {"method":"xpath","selector":"//*[@id='content']/tr[2]/td[5]/div/cw-risk-analyst-choices/select/option[3]"}
  (Session info: chrome=73.0.3683.86)
  (Driver info: chromedriver=2.41.578737 (49da6702b16031c40d63e5618de03a32ff6c197e),platform=Windows NT 6.3.9600 x86_64) (WARNING: The server did not provide any stacktrace information)
Command duration or timeout: 0 milliseconds
For documentation on this error, please visit: http://seleniumhq.org/exceptions/no_such_element.html
Build info: version: 'unknown', revision: 'unknown', time: 'unknown'
System info: host: 'DELL', ip: '192.168.43.138', os.name: 'Windows 8.1', os.arch: 'amd64', os.version: '6.3', java.version: '1.8.0_181'
Driver info: org.openqa.selenium.chrome.ChromeDriver
Capabilities [{mobileEmulationEnabled=false, hasTouchScreen=false, platform=WIN8_1, acceptSslCerts=false, goog:chromeOptions={debuggerAddress=localhost:53292}, acceptInsecureCerts=false, webStorageEnabled=true, browserName=chrome, takesScreenshot=true, javascriptEnabled=true, setWindowRect=true, unexpectedAlertBehaviour=, applicationCacheEnabled=false, rotatable=false, networkConnectionEnabled=false, chrome={chromedriverVersion=2.41.578737 (49da6702b16031c40d63e5618de03a32ff6c197e), userDataDir=C:\Users\User\AppData\Local\Temp\scoped_dir4856_27497}, takesHeapSnapshot=true, pageLoadStrategy=normal, unhandledPromptBehavior=, databaseEnabled=false, handlesAlerts=true, version=73.0.3683.86, browserConnectionEnabled=false, nativeEvents=true, locationContextEnabled=true, cssSelectorsEnabled=true}]
Session ID: e4a82321ffc1ddc9999715addbded90f
*** Element info: {Using=xpath, value=//*[@id='content']/tr[2]/td[5]/div/cw-risk-analyst-choices/select/option[3]}
	at sun.reflect.NativeConstructorAccessorImpl.newInstance0(Native Method)
	at sun.reflect.NativeConstructorAccessorImpl.newInstance(Unknown Source)
	at sun.reflect.DelegatingConstructorAccessorImpl.newInstance(Unknown Source)
	at java.lang.reflect.Constructor.newInstance(Unknown Source)
	at org.openqa.selenium.remote.ErrorHandler.createThrowable(ErrorHandler.java:215)
	at org.openqa.selenium.remote.ErrorHandler.throwIfResponseFailed(ErrorHandler.java:167)
	at org.openqa.selenium.remote.http.JsonHttpResponseCodec.reconstructValue(JsonHttpResponseCodec.java:40)
	at org.openqa.selenium.remote.http.AbstractHttpResponseCodec.decode(AbstractHttpResponseCodec.java:82)
	at org.openqa.selenium.remote.http.AbstractHttpResponseCodec.decode(AbstractHttpResponseCodec.java:45)
	at org.openqa.selenium.remote.HttpCommandExecutor.execute(HttpCommandExecutor.java:164)
	at org.openqa.selenium.remote.service.DriverCommandExecutor.execute(DriverCommandExecutor.java:82)
	at org.openqa.selenium.remote.RemoteWebDriver.execute(RemoteWebDriver.java:641)
	at org.openqa.selenium.remote.RemoteWebDriver.findElement(RemoteWebDriver.java:414)
	at org.openqa.selenium.remote.RemoteWebDriver.findElementByXPath(RemoteWebDriver.java:513)
	at org.openqa.selenium.By$ByXPath.findElement(By.java:361)
	at org.openqa.selenium.remote.RemoteWebDriver.findElement(RemoteWebDriver.java:406)
	at com.test.WrapperClass.clickByXpath(WrapperClass.java:568)
	at com.test.RiskDeterminationTestcase.RiskAnalyst_RiskQuestionnaireList(RiskDeterminationTestcase.java:3300)
	at sun.reflect.NativeMethodAccessorImpl.invoke0(Native Method)
	at sun.reflect.NativeMethodAccessorImpl.invoke(Unknown Source)
	at sun.reflect.DelegatingMethodAccessorImpl.invoke(Unknown Source)
	at java.lang.reflect.Method.invoke(Unknown Source)
	at org.testng.internal.MethodInvocationHelper.invokeMethod(MethodInvocationHelper.java:108)
	at org.testng.internal.Invoker.invokeMethod(Invoker.java:661)
	at org.testng.internal.Invoker.invokeTestMethod(Invoker.java:869)
	at org.testng.internal.Invoker.invokeTestMethods(Invoker.java:1193)
	at org.testng.internal.TestMethodWorker.invokeTestMethods(TestMethodWorker.java:126)
	at org.testng.internal.TestMethodWorker.run(TestMethodWorker.java:109)
	at org.testng.TestRunner.privateRun(TestRunner.java:744)
	at org.testng.TestRunner.run(TestRunner.java:602)
	at org.testng.SuiteRunner.runTest(SuiteRunner.java:380)
	at org.testng.SuiteRunner.runSequentially(SuiteRunner.java:375)
	at org.testng.SuiteRunner.privateRun(SuiteRunner.java:340)
	at org.testng.SuiteRunner.run(SuiteRunner.java:289)
	at org.testng.SuiteRunnerWorker.runSuite(SuiteRunnerWorker.java:52)
	at org.testng.SuiteRunnerWorker.run(SuiteRunnerWorker.java:86)
	at org.testng.TestNG.runSuitesSequentially(TestNG.java:1301)
	at org.testng.TestNG.runSuitesLocally(TestNG.java:1226)
	at org.testng.TestNG.runSuites(TestNG.java:1144)
	at org.testng.TestNG.run(TestNG.java:1115)
	at org.testng.remote.AbstractRemoteTestNG.run(AbstractRemoteTestNG.java:132)
	at org.testng.remote.RemoteTestNG.initAndRun(RemoteTestNG.java:230)
	at org.testng.remote.RemoteTestNG.main(RemoteTestNG.java:76)
]]>
    </error>
  </testcase> <!-- RiskAnalyst_RiskQuestionnaireList -->
  <testcase name="Sorting_RiskdeterminationList" time="115.021" classname="com.test.RiskDeterminationTestcase"/>
  <testcase name="ReviewButton_RiskQuestionnaireList" classname="com.test.RiskDeterminationTestcase">
    <skipped/>
  </testcase> <!-- ReviewButton_RiskQuestionnaireList -->
  <testcase name="Multi_Selector" classname="com.test.RiskDeterminationTestcase">
    <skipped/>
  </testcase> <!-- Multi_Selector -->
  <testcase name="PanelBar_RiskQuestionnaireForm" classname="com.test.RiskDeterminationTestcase">
    <skipped/>
  </testcase> <!-- PanelBar_RiskQuestionnaireForm -->
  <testcase name="PageLevelHelp_RiskQuestionnaireForm" classname="com.test.RiskDeterminationTestcase">
    <skipped/>
  </testcase> <!-- PageLevelHelp_RiskQuestionnaireForm -->
  <testcase name="PageHearder_RiskQuestionnaireForm" classname="com.test.RiskDeterminationTestcase">
    <skipped/>
  </testcase> <!-- PageHearder_RiskQuestionnaireForm -->
  <testcase name="RiskManagementMap_RiskQuestionnaireForm" classname="com.test.RiskDeterminationTestcase">
    <skipped/>
  </testcase> <!-- RiskManagementMap_RiskQuestionnaireForm -->
  <testcase name="RQLPager_RiskQuestionnaireForm" classname="com.test.RiskDeterminationTestcase">
    <skipped/>
  </testcase> <!-- RQLPager_RiskQuestionnaireForm -->
  <testcase name="RQLBackUp_RiskQuestionnaire" classname="com.test.RiskDeterminationTestcase">
    <skipped/>
  </testcase> <!-- RQLBackUp_RiskQuestionnaire -->
</testsuite> <!-- com.test.RiskDeterminationTestcase -->
