<?xml version="1.0" encoding="UTF-8"?>
<!-- Generated by org.testng.reporters.JUnitReportReporter -->
<testsuite skipped="1" hostname="Dell" name="com.test.AddAssetStage" tests="34" failures="2" timestamp="04 Jun 2018 13:57:37 GMT" time="1082.522" errors="1">
  <testcase name="NavigatePage_AssetInventoryList" time="22.734" classname="com.test.AddAssetStage"/>
  <testcase name="AssetWizard_AssetInventoryList" time="120.619" classname="com.test.AddAssetStage"/>
  <testcase name="PageHearder_AssetInventoryList" time="7.461" classname="com.test.AddAssetStage"/>
  <testcase name="PanelBar_AssetInventoryList" time="6.208" classname="com.test.AddAssetStage"/>
  <testcase name="PageLevelHelp_AssetInventoryList" time="7.841" classname="com.test.AddAssetStage"/>
  <testcase name="RiskManagementMap_AssetInventoryList" time="7.702" classname="com.test.AddAssetStage"/>
  <testcase name="PageHearder_CreateAsset" time="14.496" classname="com.test.AddAssetStage">
    <failure type="java.lang.AssertionError" message="expected [Create an asset that stores sensitive information] but found [Create Asset
Create an asset that stores sensitive information]">
      <![CDATA[java.lang.AssertionError: expected [Create an asset that stores sensitive information] but found [Create Asset
Create an asset that stores sensitive information]
	at org.testng.Assert.fail(Assert.java:93)
	at org.testng.Assert.failNotEquals(Assert.java:512)
	at org.testng.Assert.assertEqualsImpl(Assert.java:134)
	at org.testng.Assert.assertEquals(Assert.java:115)
	at org.testng.Assert.assertEquals(Assert.java:189)
	at org.testng.Assert.assertEquals(Assert.java:199)
	at com.test.WrapperClass.assertEquals(WrapperClass.java:1237)
	at com.test.AddAssetStage.PageHearder_CreateAsset(AddAssetStage.java:386)
	at sun.reflect.NativeMethodAccessorImpl.invoke0(Native Method)
	at sun.reflect.NativeMethodAccessorImpl.invoke(Unknown Source)
	at sun.reflect.DelegatingMethodAccessorImpl.invoke(Unknown Source)
	at java.lang.reflect.Method.invoke(Unknown Source)
	at org.testng.internal.MethodInvocationHelper.invokeMethod(MethodInvocationHelper.java:108)
	at org.testng.internal.Invoker.invokeMethod(Invoker.java:661)
	at org.testng.internal.Invoker.invokeTestMethod(Invoker.java:869)
	at org.testng.internal.Invoker.invokeTestMethods(Invoker.java:1193)
	at org.testng.internal.TestMethodWorker.invokeTestMethods(TestMethodWorker.java:126)
	at org.testng.internal.TestMethodWorker.run(TestMethodWorker.java:109)
	at org.testng.TestRunner.privateRun(TestRunner.java:744)
	at org.testng.TestRunner.run(TestRunner.java:602)
	at org.testng.SuiteRunner.runTest(SuiteRunner.java:380)
	at org.testng.SuiteRunner.runSequentially(SuiteRunner.java:375)
	at org.testng.SuiteRunner.privateRun(SuiteRunner.java:340)
	at org.testng.SuiteRunner.run(SuiteRunner.java:289)
	at org.testng.SuiteRunnerWorker.runSuite(SuiteRunnerWorker.java:52)
	at org.testng.SuiteRunnerWorker.run(SuiteRunnerWorker.java:86)
	at org.testng.TestNG.runSuitesSequentially(TestNG.java:1301)
	at org.testng.TestNG.runSuitesLocally(TestNG.java:1226)
	at org.testng.TestNG.runSuites(TestNG.java:1144)
	at org.testng.TestNG.run(TestNG.java:1115)
	at org.testng.remote.AbstractRemoteTestNG.run(AbstractRemoteTestNG.java:132)
	at org.testng.remote.RemoteTestNG.initAndRun(RemoteTestNG.java:230)
	at org.testng.remote.RemoteTestNG.main(RemoteTestNG.java:76)
]]>
    </failure>
  </testcase> <!-- PageHearder_CreateAsset -->
  <testcase name="PanelBar_CreateAsset" time="5.147" classname="com.test.AddAssetStage"/>
  <testcase name="PageLevelHelp_CreateAsset" time="7.721" classname="com.test.AddAssetStage"/>
  <testcase name="RiskManagementMap_CreateAsset" time="7.745" classname="com.test.AddAssetStage"/>
  <testcase name="ContextHelp_CreateAsset" time="23.412" classname="com.test.AddAssetStage"/>
  <testcase name="AssetNameOnly_CreateAsset" time="42.316" classname="com.test.AddAssetStage"/>
  <testcase name="Testing_AllFields_CreateAsset" time="83.419" classname="com.test.AddAssetStage"/>
  <testcase name="Disable_sunset_Status_CreateAsset" time="34.171" classname="com.test.AddAssetStage"/>
  <testcase name="Prepoduction_Staus_CreateAsset" time="33.022" classname="com.test.AddAssetStage"/>
  <testcase name="EditBtn_AssetInventoryList" time="31.708" classname="com.test.AddAssetStage"/>
  <testcase name="DeleteBtn_AssetInventoryList" time="19.756" classname="com.test.AddAssetStage"/>
  <testcase name="AssetEntryMethod_dropdown_AssetInventoryList" time="33.552" classname="com.test.AddAssetStage"/>
  <testcase name="ExportBtn_AssetInventoryList" time="10.032" classname="com.test.AddAssetStage"/>
  <testcase name="Search_AssetInventoryList" time="6.456" classname="com.test.AddAssetStage"/>
  <testcase name="ContextHelp_AssetInventoryList" time="96.853" classname="com.test.AddAssetStage">
    <error type="org.openqa.selenium.NoSuchElementException" message="Unable to locate element: html/body/div[4]/div/div/div[3]/button
For documentation on this error, please visit: http://seleniumhq.org/exceptions/no_such_element.html
Build info: version: &#039;unknown&#039;, revision: &#039;unknown&#039;, time: &#039;unknown&#039;
System info: host: &#039;DELL&#039;, ip: &#039;192.168.1.34&#039;, os.name: &#039;Windows 8.1&#039;, os.arch: &#039;amd64&#039;, os.version: &#039;6.3&#039;, java.version: &#039;1.8.0_144&#039;
Driver info: org.openqa.selenium.firefox.FirefoxDriver
Capabilities [{moz:profile=C:\Users\User\AppData\Local\Temp\rust_mozprofile.hpoBlbbugv7P, rotatable=false, timeouts={implicit=0.0, pageLoad=300000.0, script=30000.0}, pageLoadStrategy=normal, platform=ANY, specificationLevel=0.0, moz:accessibilityChecks=false, acceptInsecureCerts=false, browserVersion=55.0.2, platformVersion=6.3, moz:processID=9360.0, browserName=firefox, javascriptEnabled=true, platformName=windows_nt}]
Session ID: 6b0acfe8-b032-4eed-b15d-27239f130e38
*** Element info: {Using=xpath, value=html/body/div[4]/div/div/div[3]/button}">
      <![CDATA[org.openqa.selenium.NoSuchElementException: Unable to locate element: html/body/div[4]/div/div/div[3]/button
For documentation on this error, please visit: http://seleniumhq.org/exceptions/no_such_element.html
Build info: version: 'unknown', revision: 'unknown', time: 'unknown'
System info: host: 'DELL', ip: '192.168.1.34', os.name: 'Windows 8.1', os.arch: 'amd64', os.version: '6.3', java.version: '1.8.0_144'
Driver info: org.openqa.selenium.firefox.FirefoxDriver
Capabilities [{moz:profile=C:\Users\User\AppData\Local\Temp\rust_mozprofile.hpoBlbbugv7P, rotatable=false, timeouts={implicit=0.0, pageLoad=300000.0, script=30000.0}, pageLoadStrategy=normal, platform=ANY, specificationLevel=0.0, moz:accessibilityChecks=false, acceptInsecureCerts=false, browserVersion=55.0.2, platformVersion=6.3, moz:processID=9360.0, browserName=firefox, javascriptEnabled=true, platformName=windows_nt}]
Session ID: 6b0acfe8-b032-4eed-b15d-27239f130e38
*** Element info: {Using=xpath, value=html/body/div[4]/div/div/div[3]/button}
	at sun.reflect.NativeConstructorAccessorImpl.newInstance0(Native Method)
	at sun.reflect.NativeConstructorAccessorImpl.newInstance(Unknown Source)
	at sun.reflect.DelegatingConstructorAccessorImpl.newInstance(Unknown Source)
	at java.lang.reflect.Constructor.newInstance(Unknown Source)
	at org.openqa.selenium.remote.http.W3CHttpResponseCodec.createException(W3CHttpResponseCodec.java:185)
	at org.openqa.selenium.remote.http.W3CHttpResponseCodec.decode(W3CHttpResponseCodec.java:120)
	at org.openqa.selenium.remote.http.W3CHttpResponseCodec.decode(W3CHttpResponseCodec.java:49)
	at org.openqa.selenium.remote.HttpCommandExecutor.execute(HttpCommandExecutor.java:164)
	at org.openqa.selenium.remote.service.DriverCommandExecutor.execute(DriverCommandExecutor.java:82)
	at org.openqa.selenium.remote.RemoteWebDriver.execute(RemoteWebDriver.java:641)
	at org.openqa.selenium.remote.RemoteWebDriver.findElement(RemoteWebDriver.java:414)
	at org.openqa.selenium.remote.RemoteWebDriver.findElementByXPath(RemoteWebDriver.java:513)
	at org.openqa.selenium.By$ByXPath.findElement(By.java:361)
	at org.openqa.selenium.remote.RemoteWebDriver.findElement(RemoteWebDriver.java:406)
	at com.test.WrapperClass.assertTextXpath(WrapperClass.java:1192)
	at com.test.AddAssetStage.ContextHelp_AssetInventoryList(AddAssetStage.java:1104)
	at sun.reflect.NativeMethodAccessorImpl.invoke0(Native Method)
	at sun.reflect.NativeMethodAccessorImpl.invoke(Unknown Source)
	at sun.reflect.DelegatingMethodAccessorImpl.invoke(Unknown Source)
	at java.lang.reflect.Method.invoke(Unknown Source)
	at org.testng.internal.MethodInvocationHelper.invokeMethod(MethodInvocationHelper.java:108)
	at org.testng.internal.Invoker.invokeMethod(Invoker.java:661)
	at org.testng.internal.Invoker.invokeTestMethod(Invoker.java:869)
	at org.testng.internal.Invoker.invokeTestMethods(Invoker.java:1193)
	at org.testng.internal.TestMethodWorker.invokeTestMethods(TestMethodWorker.java:126)
	at org.testng.internal.TestMethodWorker.run(TestMethodWorker.java:109)
	at org.testng.TestRunner.privateRun(TestRunner.java:744)
	at org.testng.TestRunner.run(TestRunner.java:602)
	at org.testng.SuiteRunner.runTest(SuiteRunner.java:380)
	at org.testng.SuiteRunner.runSequentially(SuiteRunner.java:375)
	at org.testng.SuiteRunner.privateRun(SuiteRunner.java:340)
	at org.testng.SuiteRunner.run(SuiteRunner.java:289)
	at org.testng.SuiteRunnerWorker.runSuite(SuiteRunnerWorker.java:52)
	at org.testng.SuiteRunnerWorker.run(SuiteRunnerWorker.java:86)
	at org.testng.TestNG.runSuitesSequentially(TestNG.java:1301)
	at org.testng.TestNG.runSuitesLocally(TestNG.java:1226)
	at org.testng.TestNG.runSuites(TestNG.java:1144)
	at org.testng.TestNG.run(TestNG.java:1115)
	at org.testng.remote.AbstractRemoteTestNG.run(AbstractRemoteTestNG.java:132)
	at org.testng.remote.RemoteTestNG.initAndRun(RemoteTestNG.java:230)
	at org.testng.remote.RemoteTestNG.main(RemoteTestNG.java:76)
]]>
    </error>
  </testcase> <!-- ContextHelp_AssetInventoryList -->
  <testcase name="NavigationPage_AssetInventoryImport" time="8.745" classname="com.test.AddAssetStage"/>
  <testcase name="PageHearder_AssetInventoryImport" time="8.221" classname="com.test.AddAssetStage">
    <failure type="java.lang.AssertionError" message="expected [Asset Inventory Import ] but found [Asset Inventory Import
Add a list of assets by downloading the template, adding assets to the spreadsheet, and importing the list into the system.]">
      <![CDATA[java.lang.AssertionError: expected [Asset Inventory Import ] but found [Asset Inventory Import
Add a list of assets by downloading the template, adding assets to the spreadsheet, and importing the list into the system.]
	at org.testng.Assert.fail(Assert.java:93)
	at org.testng.Assert.failNotEquals(Assert.java:512)
	at org.testng.Assert.assertEqualsImpl(Assert.java:134)
	at org.testng.Assert.assertEquals(Assert.java:115)
	at org.testng.Assert.assertEquals(Assert.java:189)
	at org.testng.Assert.assertEquals(Assert.java:199)
	at com.test.WrapperClass.assertEquals(WrapperClass.java:1237)
	at com.test.AddAssetStage.PageHearder_AssetInventoryImport(AddAssetStage.java:1142)
	at sun.reflect.NativeMethodAccessorImpl.invoke0(Native Method)
	at sun.reflect.NativeMethodAccessorImpl.invoke(Unknown Source)
	at sun.reflect.DelegatingMethodAccessorImpl.invoke(Unknown Source)
	at java.lang.reflect.Method.invoke(Unknown Source)
	at org.testng.internal.MethodInvocationHelper.invokeMethod(MethodInvocationHelper.java:108)
	at org.testng.internal.Invoker.invokeMethod(Invoker.java:661)
	at org.testng.internal.Invoker.invokeTestMethod(Invoker.java:869)
	at org.testng.internal.Invoker.invokeTestMethods(Invoker.java:1193)
	at org.testng.internal.TestMethodWorker.invokeTestMethods(TestMethodWorker.java:126)
	at org.testng.internal.TestMethodWorker.run(TestMethodWorker.java:109)
	at org.testng.TestRunner.privateRun(TestRunner.java:744)
	at org.testng.TestRunner.run(TestRunner.java:602)
	at org.testng.SuiteRunner.runTest(SuiteRunner.java:380)
	at org.testng.SuiteRunner.runSequentially(SuiteRunner.java:375)
	at org.testng.SuiteRunner.privateRun(SuiteRunner.java:340)
	at org.testng.SuiteRunner.run(SuiteRunner.java:289)
	at org.testng.SuiteRunnerWorker.runSuite(SuiteRunnerWorker.java:52)
	at org.testng.SuiteRunnerWorker.run(SuiteRunnerWorker.java:86)
	at org.testng.TestNG.runSuitesSequentially(TestNG.java:1301)
	at org.testng.TestNG.runSuitesLocally(TestNG.java:1226)
	at org.testng.TestNG.runSuites(TestNG.java:1144)
	at org.testng.TestNG.run(TestNG.java:1115)
	at org.testng.remote.AbstractRemoteTestNG.run(AbstractRemoteTestNG.java:132)
	at org.testng.remote.RemoteTestNG.initAndRun(RemoteTestNG.java:230)
	at org.testng.remote.RemoteTestNG.main(RemoteTestNG.java:76)
]]>
    </failure>
  </testcase> <!-- PageHearder_AssetInventoryImport -->
  <testcase name="PanelBar_AssetInventoryImport" time="7.153" classname="com.test.AddAssetStage"/>
  <testcase name="PageLevelHelp_AssetInventoryImport" time="9.629" classname="com.test.AddAssetStage"/>
  <testcase name="RiskManagementMap_AssetInventoryImport" time="9.726" classname="com.test.AddAssetStage"/>
  <testcase name="Download_AssetInventoryImport" time="8.283" classname="com.test.AddAssetStage"/>
  <testcase name="EmptyImport_AssetInventoryImport" time="25.893" classname="com.test.AddAssetStage"/>
  <testcase name="InValidImportFiles_AssetInventoryImport" time="78.428" classname="com.test.AddAssetStage"/>
  <testcase name="ValidImport_AssetInventoryImport" time="243.711" classname="com.test.AddAssetStage"/>
  <testcase name="MediaAssetGroups" time="40.999" classname="com.test.AddAssetStage"/>
  <testcase name="PageLevelHelp_MediaAsset" time="9.665" classname="com.test.AddAssetStage"/>
  <testcase name="RiskManagementMap_MediaAsset" time="9.698" classname="com.test.AddAssetStage"/>
  <testcase name="Sorting_AssetInventoryList" classname="com.test.AddAssetStage">
    <skipped/>
  </testcase> <!-- Sorting_AssetInventoryList -->
</testsuite> <!-- com.test.AddAssetStage -->
