<?xml version="1.0" encoding="UTF-8"?>
<!-- Generated by org.testng.reporters.JUnitReportReporter -->
<testsuite skipped="0" hostname="Dell" name="com.test.FramingGovernanceTestcases" tests="25" failures="0" timestamp="03 Oct 2018 13:38:00 GMT" time="741.209" errors="1">
  <testcase name="ChkAllSubModules_FramingGovernance" time="39.965" classname="com.test.FramingGovernanceTestcases"/>
  <testcase name="PageLevelHelp_RiskThreshold" time="15.693" classname="com.test.FramingGovernanceTestcases"/>
  <testcase name="RiskManagementMap_RiskThreshold" time="6.488" classname="com.test.FramingGovernanceTestcases"/>
  <testcase name="RiskThresholddropdown_RiskThreshold" time="24.891" classname="com.test.FramingGovernanceTestcases"/>
  <testcase name="Export_RiskThreshold" time="76.622" classname="com.test.FramingGovernanceTestcases"/>
  <testcase name="PageLevelHelp_LikelihoodSettings" time="18.569" classname="com.test.FramingGovernanceTestcases"/>
  <testcase name="RiskManagementMap_LikelihoodSettings" time="6.561" classname="com.test.FramingGovernanceTestcases"/>
  <testcase name="Export_LikelihoodSettings" time="19.403" classname="com.test.FramingGovernanceTestcases"/>
  <testcase name="Search_LikelihoodSettings" time="20.484" classname="com.test.FramingGovernanceTestcases"/>
  <testcase name="PageLevelHelp_ImpactSettings" time="18.731" classname="com.test.FramingGovernanceTestcases"/>
  <testcase name="RiskManagementMap_ImpactSettings" time="6.485" classname="com.test.FramingGovernanceTestcases"/>
  <testcase name="Export_ImpactSettings" time="19.259" classname="com.test.FramingGovernanceTestcases"/>
  <testcase name="Search_ImpactSettings" time="20.515" classname="com.test.FramingGovernanceTestcases"/>
  <testcase name="PageLevelHelp_CustomControls" time="18.700" classname="com.test.FramingGovernanceTestcases"/>
  <testcase name="RiskManagementMap_CustomControls" time="6.448" classname="com.test.FramingGovernanceTestcases"/>
  <testcase name="NewButton_CustomControls" time="51.178" classname="com.test.FramingGovernanceTestcases"/>
  <testcase name="EditButton_CustomControls" time="51.444" classname="com.test.FramingGovernanceTestcases"/>
  <testcase name="Export_CustomControls" time="19.324" classname="com.test.FramingGovernanceTestcases"/>
  <testcase name="Search_CustomControls" time="20.460" classname="com.test.FramingGovernanceTestcases"/>
  <testcase name="PageLevelHelp_CustomTags" time="21.963" classname="com.test.FramingGovernanceTestcases"/>
  <testcase name="RiskManagementMap_CustomTags" time="6.413" classname="com.test.FramingGovernanceTestcases"/>
  <testcase name="NewButton_CustomTags" time="51.353" classname="com.test.FramingGovernanceTestcases"/>
  <testcase name="EditButton_CustomTags" time="51.596" classname="com.test.FramingGovernanceTestcases"/>
  <testcase name="Export_CustomTags" time="28.627" classname="com.test.FramingGovernanceTestcases"/>
  <testcase name="Search_CustomTags" time="120.037" classname="com.test.FramingGovernanceTestcases">
    <error type="org.openqa.selenium.NoSuchElementException" message="no such element: Unable to locate element: {&quot;method&quot;:&quot;xpath&quot;,&quot;selector&quot;:&quot;//*[@id=&#039;impact-settings_filter&#039;]/label/input&quot;}
  (Session info: chrome=69.0.3497.100)
  (Driver info: chromedriver=2.41.578737 (49da6702b16031c40d63e5618de03a32ff6c197e),platform=Windows NT 6.3.9600 x86_64) (WARNING: The server did not provide any stacktrace information)
Command duration or timeout: 0 milliseconds
For documentation on this error, please visit: http://seleniumhq.org/exceptions/no_such_element.html
Build info: version: &#039;unknown&#039;, revision: &#039;unknown&#039;, time: &#039;unknown&#039;
System info: host: &#039;DELL&#039;, ip: &#039;192.168.1.7&#039;, os.name: &#039;Windows 8.1&#039;, os.arch: &#039;amd64&#039;, os.version: &#039;6.3&#039;, java.version: &#039;1.8.0_181&#039;
Driver info: org.openqa.selenium.chrome.ChromeDriver
Capabilities [{mobileEmulationEnabled=false, hasTouchScreen=false, platform=WIN8_1, acceptSslCerts=false, goog:chromeOptions={debuggerAddress=localhost:49606}, acceptInsecureCerts=false, webStorageEnabled=true, browserName=chrome, takesScreenshot=true, javascriptEnabled=true, setWindowRect=true, unexpectedAlertBehaviour=, applicationCacheEnabled=false, rotatable=false, networkConnectionEnabled=false, chrome={chromedriverVersion=2.41.578737 (49da6702b16031c40d63e5618de03a32ff6c197e), userDataDir=C:\Users\User\AppData\Local\Temp\scoped_dir436_22934}, takesHeapSnapshot=true, pageLoadStrategy=normal, unhandledPromptBehavior=, databaseEnabled=false, handlesAlerts=true, version=69.0.3497.100, browserConnectionEnabled=false, nativeEvents=true, locationContextEnabled=true, cssSelectorsEnabled=true}]
Session ID: 77ee6179540e6b33f5cd2bd2239fa22b
*** Element info: {Using=xpath, value=//*[@id=&#039;impact-settings_filter&#039;]/label/input}">
      <![CDATA[org.openqa.selenium.NoSuchElementException: no such element: Unable to locate element: {"method":"xpath","selector":"//*[@id='impact-settings_filter']/label/input"}
  (Session info: chrome=69.0.3497.100)
  (Driver info: chromedriver=2.41.578737 (49da6702b16031c40d63e5618de03a32ff6c197e),platform=Windows NT 6.3.9600 x86_64) (WARNING: The server did not provide any stacktrace information)
Command duration or timeout: 0 milliseconds
For documentation on this error, please visit: http://seleniumhq.org/exceptions/no_such_element.html
Build info: version: 'unknown', revision: 'unknown', time: 'unknown'
System info: host: 'DELL', ip: '192.168.1.7', os.name: 'Windows 8.1', os.arch: 'amd64', os.version: '6.3', java.version: '1.8.0_181'
Driver info: org.openqa.selenium.chrome.ChromeDriver
Capabilities [{mobileEmulationEnabled=false, hasTouchScreen=false, platform=WIN8_1, acceptSslCerts=false, goog:chromeOptions={debuggerAddress=localhost:49606}, acceptInsecureCerts=false, webStorageEnabled=true, browserName=chrome, takesScreenshot=true, javascriptEnabled=true, setWindowRect=true, unexpectedAlertBehaviour=, applicationCacheEnabled=false, rotatable=false, networkConnectionEnabled=false, chrome={chromedriverVersion=2.41.578737 (49da6702b16031c40d63e5618de03a32ff6c197e), userDataDir=C:\Users\User\AppData\Local\Temp\scoped_dir436_22934}, takesHeapSnapshot=true, pageLoadStrategy=normal, unhandledPromptBehavior=, databaseEnabled=false, handlesAlerts=true, version=69.0.3497.100, browserConnectionEnabled=false, nativeEvents=true, locationContextEnabled=true, cssSelectorsEnabled=true}]
Session ID: 77ee6179540e6b33f5cd2bd2239fa22b
*** Element info: {Using=xpath, value=//*[@id='impact-settings_filter']/label/input}
	at sun.reflect.NativeConstructorAccessorImpl.newInstance0(Native Method)
	at sun.reflect.NativeConstructorAccessorImpl.newInstance(Unknown Source)
	at sun.reflect.DelegatingConstructorAccessorImpl.newInstance(Unknown Source)
	at java.lang.reflect.Constructor.newInstance(Unknown Source)
	at org.openqa.selenium.remote.ErrorHandler.createThrowable(ErrorHandler.java:215)
	at org.openqa.selenium.remote.ErrorHandler.throwIfResponseFailed(ErrorHandler.java:167)
	at org.openqa.selenium.remote.http.JsonHttpResponseCodec.reconstructValue(JsonHttpResponseCodec.java:40)
	at org.openqa.selenium.remote.http.AbstractHttpResponseCodec.decode(AbstractHttpResponseCodec.java:82)
	at org.openqa.selenium.remote.http.AbstractHttpResponseCodec.decode(AbstractHttpResponseCodec.java:45)
	at org.openqa.selenium.remote.HttpCommandExecutor.execute(HttpCommandExecutor.java:164)
	at org.openqa.selenium.remote.service.DriverCommandExecutor.execute(DriverCommandExecutor.java:82)
	at org.openqa.selenium.remote.RemoteWebDriver.execute(RemoteWebDriver.java:641)
	at org.openqa.selenium.remote.RemoteWebDriver.findElement(RemoteWebDriver.java:414)
	at org.openqa.selenium.remote.RemoteWebDriver.findElementByXPath(RemoteWebDriver.java:513)
	at org.openqa.selenium.By$ByXPath.findElement(By.java:361)
	at org.openqa.selenium.remote.RemoteWebDriver.findElement(RemoteWebDriver.java:406)
	at com.test.WrapperClass.assertTextXpath(WrapperClass.java:1198)
	at com.test.FramingGovernanceTestcases.Search_CustomTags(FramingGovernanceTestcases.java:692)
	at sun.reflect.NativeMethodAccessorImpl.invoke0(Native Method)
	at sun.reflect.NativeMethodAccessorImpl.invoke(Unknown Source)
	at sun.reflect.DelegatingMethodAccessorImpl.invoke(Unknown Source)
	at java.lang.reflect.Method.invoke(Unknown Source)
	at org.testng.internal.MethodInvocationHelper.invokeMethod(MethodInvocationHelper.java:108)
	at org.testng.internal.Invoker.invokeMethod(Invoker.java:661)
	at org.testng.internal.Invoker.invokeTestMethod(Invoker.java:869)
	at org.testng.internal.Invoker.invokeTestMethods(Invoker.java:1193)
	at org.testng.internal.TestMethodWorker.invokeTestMethods(TestMethodWorker.java:126)
	at org.testng.internal.TestMethodWorker.run(TestMethodWorker.java:109)
	at org.testng.TestRunner.privateRun(TestRunner.java:744)
	at org.testng.TestRunner.run(TestRunner.java:602)
	at org.testng.SuiteRunner.runTest(SuiteRunner.java:380)
	at org.testng.SuiteRunner.runSequentially(SuiteRunner.java:375)
	at org.testng.SuiteRunner.privateRun(SuiteRunner.java:340)
	at org.testng.SuiteRunner.run(SuiteRunner.java:289)
	at org.testng.SuiteRunnerWorker.runSuite(SuiteRunnerWorker.java:52)
	at org.testng.SuiteRunnerWorker.run(SuiteRunnerWorker.java:86)
	at org.testng.TestNG.runSuitesSequentially(TestNG.java:1301)
	at org.testng.TestNG.runSuitesLocally(TestNG.java:1226)
	at org.testng.TestNG.runSuites(TestNG.java:1144)
	at org.testng.TestNG.run(TestNG.java:1115)
	at org.testng.remote.AbstractRemoteTestNG.run(AbstractRemoteTestNG.java:132)
	at org.testng.remote.RemoteTestNG.initAndRun(RemoteTestNG.java:230)
	at org.testng.remote.RemoteTestNG.main(RemoteTestNG.java:76)
]]>
    </error>
  </testcase> <!-- Search_CustomTags -->
</testsuite> <!-- com.test.FramingGovernanceTestcases -->
